<?xml version="1.0" encoding="UTF-8"?>
<!DOCTYPE coverage SYSTEM "http://cobertura.sourceforge.net/xml/coverage-04.dtd">
<coverage line-rate="0.53635652853792" branch-rate="0" lines-covered="1372" lines-valid="2558" branches-covered="0" branches-valid="0" complexity="635" version="0.4" timestamp="1708329957">
  <sources>
    <source>/app/src</source>
  </sources>
  <packages>
    <package name="Http/Controllers/BacklogController.php" line-rate="0.61290322580645" branch-rate="0" complexity="15">
      <classes>
        <class name="Playground\Matrix\Api\Http\Controllers\BacklogController" filename="Http/Controllers/BacklogController.php" line-rate="0.61290322580645" branch-rate="0" complexity="15">
          <methods>
            <method name="create" signature="Playground\Matrix\Api\Http\Requests\Backlog\CreateRequest $request" line-rate="1" branch-rate="0" complexity="1">
              <lines>
                <line number="56" hits="4"/>
                <line number="58" hits="4"/>
                <line number="60" hits="4"/>
              </lines>
            </method>
            <method name="edit" signature="Playground\Matrix\Models\Backlog $backlog, Playground\Matrix\Api\Http\Requests\Backlog\EditRequest $request" line-rate="1" branch-rate="0" complexity="1">
              <lines>
                <line number="72" hits="8"/>
              </lines>
            </method>
            <method name="destroy" signature="Playground\Matrix\Models\Backlog $backlog, Playground\Matrix\Api\Http\Requests\Backlog\DestroyRequest $request" line-rate="1" branch-rate="0" complexity="2">
              <lines>
                <line number="84" hits="24"/>
                <line number="86" hits="24"/>
                <line number="87" hits="16"/>
                <line number="89" hits="8"/>
                <line number="92" hits="24"/>
              </lines>
            </method>
            <method name="lock" signature="Playground\Matrix\Models\Backlog $backlog, Playground\Matrix\Api\Http\Requests\Backlog\LockRequest $request" line-rate="1" branch-rate="0" complexity="1">
              <lines>
                <line number="104" hits="16"/>
                <line number="106" hits="16"/>
                <line number="108" hits="16"/>
                <line number="110" hits="16"/>
                <line number="112" hits="16"/>
                <line number="113" hits="16"/>
                <line number="114" hits="16"/>
                <line number="115" hits="16"/>
                <line number="116" hits="16"/>
                <line number="117" hits="16"/>
                <line number="120" hits="16"/>
              </lines>
            </method>
            <method name="index" signature="Playground\Matrix\Api\Http\Requests\Backlog\IndexRequest $request" line-rate="0.34615384615385" branch-rate="0" complexity="5">
              <lines>
                <line number="131" hits="8"/>
                <line number="133" hits="8"/>
                <line number="135" hits="8"/>
                <line number="137" hits="8"/>
                <line number="139" hits="8"/>
                <line number="140" hits="0"/>
                <line number="142" hits="0"/>
                <line number="143" hits="0"/>
                <line number="144" hits="0"/>
                <line number="145" hits="0"/>
                <line number="147" hits="0"/>
                <line number="148" hits="0"/>
                <line number="149" hits="0"/>
                <line number="150" hits="0"/>
                <line number="152" hits="0"/>
                <line number="153" hits="0"/>
                <line number="154" hits="0"/>
                <line number="155" hits="0"/>
                <line number="157" hits="0"/>
                <line number="158" hits="0"/>
                <line number="159" hits="0"/>
                <line number="160" hits="0"/>
                <line number="163" hits="8"/>
                <line number="164" hits="8"/>
                <line number="166" hits="8"/>
                <line number="168" hits="8"/>
              </lines>
            </method>
            <method name="restore" signature="Playground\Matrix\Models\Backlog $backlog, Playground\Matrix\Api\Http\Requests\Backlog\RestoreRequest $request" line-rate="1" branch-rate="0" complexity="1">
              <lines>
                <line number="180" hits="12"/>
                <line number="182" hits="12"/>
                <line number="184" hits="12"/>
                <line number="186" hits="12"/>
              </lines>
            </method>
            <method name="show" signature="Playground\Matrix\Models\Backlog $backlog, Playground\Matrix\Api\Http\Requests\Backlog\ShowRequest $request" line-rate="1" branch-rate="0" complexity="1">
              <lines>
                <line number="198" hits="4"/>
              </lines>
            </method>
            <method name="store" signature="Playground\Matrix\Api\Http\Requests\Backlog\StoreRequest $request" line-rate="0" branch-rate="0" complexity="1">
              <lines>
                <line number="209" hits="0"/>
                <line number="211" hits="0"/>
                <line number="213" hits="0"/>
                <line number="215" hits="0"/>
              </lines>
            </method>
            <method name="unlock" signature="Playground\Matrix\Models\Backlog $backlog, Playground\Matrix\Api\Http\Requests\Backlog\UnlockRequest $request" line-rate="1" branch-rate="0" complexity="1">
              <lines>
                <line number="227" hits="12"/>
                <line number="229" hits="12"/>
                <line number="231" hits="12"/>
                <line number="233" hits="12"/>
              </lines>
            </method>
            <method name="update" signature="Playground\Matrix\Models\Backlog $backlog, Playground\Matrix\Api\Http\Requests\Backlog\UpdateRequest $request" line-rate="0" branch-rate="0" complexity="1">
              <lines>
                <line number="245" hits="0"/>
                <line number="247" hits="0"/>
                <line number="249" hits="0"/>
              </lines>
            </method>
          </methods>
          <lines>
            <line number="56" hits="4"/>
            <line number="58" hits="4"/>
            <line number="60" hits="4"/>
            <line number="72" hits="8"/>
            <line number="84" hits="24"/>
            <line number="86" hits="24"/>
            <line number="87" hits="16"/>
            <line number="89" hits="8"/>
            <line number="92" hits="24"/>
            <line number="104" hits="16"/>
            <line number="106" hits="16"/>
            <line number="108" hits="16"/>
            <line number="110" hits="16"/>
            <line number="112" hits="16"/>
            <line number="113" hits="16"/>
            <line number="114" hits="16"/>
            <line number="115" hits="16"/>
            <line number="116" hits="16"/>
            <line number="117" hits="16"/>
            <line number="120" hits="16"/>
            <line number="131" hits="8"/>
            <line number="133" hits="8"/>
            <line number="135" hits="8"/>
            <line number="137" hits="8"/>
            <line number="139" hits="8"/>
            <line number="140" hits="0"/>
            <line number="142" hits="0"/>
            <line number="143" hits="0"/>
            <line number="144" hits="0"/>
            <line number="145" hits="0"/>
            <line number="147" hits="0"/>
            <line number="148" hits="0"/>
            <line number="149" hits="0"/>
            <line number="150" hits="0"/>
            <line number="152" hits="0"/>
            <line number="153" hits="0"/>
            <line number="154" hits="0"/>
            <line number="155" hits="0"/>
            <line number="157" hits="0"/>
            <line number="158" hits="0"/>
            <line number="159" hits="0"/>
            <line number="160" hits="0"/>
            <line number="163" hits="8"/>
            <line number="164" hits="8"/>
            <line number="166" hits="8"/>
            <line number="168" hits="8"/>
            <line number="180" hits="12"/>
            <line number="182" hits="12"/>
            <line number="184" hits="12"/>
            <line number="186" hits="12"/>
            <line number="198" hits="4"/>
            <line number="209" hits="0"/>
            <line number="211" hits="0"/>
            <line number="213" hits="0"/>
            <line number="215" hits="0"/>
            <line number="227" hits="12"/>
            <line number="229" hits="12"/>
            <line number="231" hits="12"/>
            <line number="233" hits="12"/>
            <line number="245" hits="0"/>
            <line number="247" hits="0"/>
            <line number="249" hits="0"/>
          </lines>
        </class>
      </classes>
    </package>
    <package name="Http/Controllers/BoardController.php" line-rate="0" branch-rate="0" complexity="15">
      <classes>
        <class name="Playground\Matrix\Api\Http\Controllers\BoardController" filename="Http/Controllers/BoardController.php" line-rate="0" branch-rate="0" complexity="15">
          <methods>
            <method name="create" signature="Playground\Matrix\Api\Http\Requests\Board\CreateRequest $request" line-rate="0" branch-rate="0" complexity="1">
              <lines>
                <line number="55" hits="0"/>
                <line number="59" hits="0"/>
                <line number="61" hits="0"/>
              </lines>
            </method>
            <method name="edit" signature="Playground\Matrix\Models\Board $board, Playground\Matrix\Api\Http\Requests\Board\EditRequest $request" line-rate="0" branch-rate="0" complexity="1">
              <lines>
                <line number="92" hits="0"/>
                <line number="94" hits="0"/>
              </lines>
            </method>
            <method name="destroy" signature="Playground\Matrix\Models\Board $board, Playground\Matrix\Api\Http\Requests\Board\DestroyRequest $request" line-rate="0" branch-rate="0" complexity="2">
              <lines>
                <line number="126" hits="0"/>
                <line number="128" hits="0"/>
                <line number="129" hits="0"/>
                <line number="131" hits="0"/>
                <line number="134" hits="0"/>
              </lines>
            </method>
            <method name="lock" signature="Playground\Matrix\Models\Board $board, Playground\Matrix\Api\Http\Requests\Board\LockRequest $request" line-rate="0" branch-rate="0" complexity="1">
              <lines>
                <line number="146" hits="0"/>
                <line number="148" hits="0"/>
                <line number="150" hits="0"/>
                <line number="152" hits="0"/>
                <line number="154" hits="0"/>
                <line number="155" hits="0"/>
                <line number="156" hits="0"/>
                <line number="157" hits="0"/>
                <line number="158" hits="0"/>
                <line number="159" hits="0"/>
                <line number="161" hits="0"/>
              </lines>
            </method>
            <method name="index" signature="Playground\Matrix\Api\Http\Requests\Board\IndexRequest $request" line-rate="0" branch-rate="0" complexity="5">
              <lines>
                <line number="172" hits="0"/>
                <line number="174" hits="0"/>
                <line number="176" hits="0"/>
                <line number="178" hits="0"/>
                <line number="180" hits="0"/>
                <line number="181" hits="0"/>
                <line number="183" hits="0"/>
                <line number="184" hits="0"/>
                <line number="185" hits="0"/>
                <line number="186" hits="0"/>
                <line number="188" hits="0"/>
                <line number="189" hits="0"/>
                <line number="190" hits="0"/>
                <line number="191" hits="0"/>
                <line number="193" hits="0"/>
                <line number="194" hits="0"/>
                <line number="195" hits="0"/>
                <line number="196" hits="0"/>
                <line number="198" hits="0"/>
                <line number="199" hits="0"/>
                <line number="200" hits="0"/>
                <line number="201" hits="0"/>
                <line number="204" hits="0"/>
                <line number="205" hits="0"/>
                <line number="207" hits="0"/>
                <line number="209" hits="0"/>
              </lines>
            </method>
            <method name="restore" signature="Playground\Matrix\Models\Board $board, Playground\Matrix\Api\Http\Requests\Board\RestoreRequest $request" line-rate="0" branch-rate="0" complexity="1">
              <lines>
                <line number="221" hits="0"/>
                <line number="223" hits="0"/>
                <line number="225" hits="0"/>
                <line number="227" hits="0"/>
              </lines>
            </method>
            <method name="show" signature="Playground\Matrix\Models\Board $board, Playground\Matrix\Api\Http\Requests\Board\ShowRequest $request" line-rate="0" branch-rate="0" complexity="1">
              <lines>
                <line number="239" hits="0"/>
                <line number="241" hits="0"/>
                <line number="243" hits="0"/>
                <line number="244" hits="0"/>
                <line number="245" hits="0"/>
                <line number="246" hits="0"/>
                <line number="247" hits="0"/>
                <line number="248" hits="0"/>
                <line number="249" hits="0"/>
                <line number="251" hits="0"/>
              </lines>
            </method>
            <method name="store" signature="Playground\Matrix\Api\Http\Requests\Board\StoreRequest $request" line-rate="0" branch-rate="0" complexity="1">
              <lines>
                <line number="262" hits="0"/>
                <line number="264" hits="0"/>
                <line number="266" hits="0"/>
                <line number="268" hits="0"/>
                <line number="270" hits="0"/>
              </lines>
            </method>
            <method name="unlock" signature="Playground\Matrix\Models\Board $board, Playground\Matrix\Api\Http\Requests\Board\UnlockRequest $request" line-rate="0" branch-rate="0" complexity="1">
              <lines>
                <line number="282" hits="0"/>
                <line number="284" hits="0"/>
                <line number="286" hits="0"/>
                <line number="288" hits="0"/>
                <line number="290" hits="0"/>
              </lines>
            </method>
            <method name="update" signature="Playground\Matrix\Models\Board $board, Playground\Matrix\Api\Http\Requests\Board\UpdateRequest $request" line-rate="0" branch-rate="0" complexity="1">
              <lines>
                <line number="302" hits="0"/>
                <line number="304" hits="0"/>
                <line number="306" hits="0"/>
                <line number="308" hits="0"/>
              </lines>
            </method>
          </methods>
          <lines>
            <line number="55" hits="0"/>
            <line number="59" hits="0"/>
            <line number="61" hits="0"/>
            <line number="92" hits="0"/>
            <line number="94" hits="0"/>
            <line number="126" hits="0"/>
            <line number="128" hits="0"/>
            <line number="129" hits="0"/>
            <line number="131" hits="0"/>
            <line number="134" hits="0"/>
            <line number="146" hits="0"/>
            <line number="148" hits="0"/>
            <line number="150" hits="0"/>
            <line number="152" hits="0"/>
            <line number="154" hits="0"/>
            <line number="155" hits="0"/>
            <line number="156" hits="0"/>
            <line number="157" hits="0"/>
            <line number="158" hits="0"/>
            <line number="159" hits="0"/>
            <line number="161" hits="0"/>
            <line number="172" hits="0"/>
            <line number="174" hits="0"/>
            <line number="176" hits="0"/>
            <line number="178" hits="0"/>
            <line number="180" hits="0"/>
            <line number="181" hits="0"/>
            <line number="183" hits="0"/>
            <line number="184" hits="0"/>
            <line number="185" hits="0"/>
            <line number="186" hits="0"/>
            <line number="188" hits="0"/>
            <line number="189" hits="0"/>
            <line number="190" hits="0"/>
            <line number="191" hits="0"/>
            <line number="193" hits="0"/>
            <line number="194" hits="0"/>
            <line number="195" hits="0"/>
            <line number="196" hits="0"/>
            <line number="198" hits="0"/>
            <line number="199" hits="0"/>
            <line number="200" hits="0"/>
            <line number="201" hits="0"/>
            <line number="204" hits="0"/>
            <line number="205" hits="0"/>
            <line number="207" hits="0"/>
            <line number="209" hits="0"/>
            <line number="221" hits="0"/>
            <line number="223" hits="0"/>
            <line number="225" hits="0"/>
            <line number="227" hits="0"/>
            <line number="239" hits="0"/>
            <line number="241" hits="0"/>
            <line number="243" hits="0"/>
            <line number="244" hits="0"/>
            <line number="245" hits="0"/>
            <line number="246" hits="0"/>
            <line number="247" hits="0"/>
            <line number="248" hits="0"/>
            <line number="249" hits="0"/>
            <line number="251" hits="0"/>
            <line number="262" hits="0"/>
            <line number="264" hits="0"/>
            <line number="266" hits="0"/>
            <line number="268" hits="0"/>
            <line number="270" hits="0"/>
            <line number="282" hits="0"/>
            <line number="284" hits="0"/>
            <line number="286" hits="0"/>
            <line number="288" hits="0"/>
            <line number="290" hits="0"/>
            <line number="302" hits="0"/>
            <line number="304" hits="0"/>
            <line number="306" hits="0"/>
            <line number="308" hits="0"/>
          </lines>
        </class>
      </classes>
    </package>
    <package name="Http/Controllers/Controller.php" line-rate="0" branch-rate="0" complexity="0">
      <classes>
        <class name="Playground\Matrix\Api\Http\Controllers\Controller" filename="Http/Controllers/Controller.php" line-rate="0" branch-rate="0" complexity="0">
          <methods/>
          <lines/>
        </class>
      </classes>
    </package>
    <package name="Http/Controllers/EpicController.php" line-rate="0" branch-rate="0" complexity="15">
      <classes>
        <class name="Playground\Matrix\Api\Http\Controllers\EpicController" filename="Http/Controllers/EpicController.php" line-rate="0" branch-rate="0" complexity="15">
          <methods>
            <method name="create" signature="Playground\Matrix\Api\Http\Requests\Epic\CreateRequest $request" line-rate="0" branch-rate="0" complexity="1">
              <lines>
                <line number="55" hits="0"/>
                <line number="57" hits="0"/>
                <line number="59" hits="0"/>
                <line number="61" hits="0"/>
                <line number="62" hits="0"/>
                <line number="63" hits="0"/>
                <line number="64" hits="0"/>
                <line number="65" hits="0"/>
                <line number="66" hits="0"/>
                <line number="67" hits="0"/>
                <line number="69" hits="0"/>
                <line number="70" hits="0"/>
                <line number="72" hits="0"/>
                <line number="73" hits="0"/>
                <line number="74" hits="0"/>
                <line number="75" hits="0"/>
                <line number="76" hits="0"/>
                <line number="78" hits="0"/>
              </lines>
            </method>
            <method name="edit" signature="Playground\Matrix\Models\Epic $epic, Playground\Matrix\Api\Http\Requests\Epic\EditRequest $request" line-rate="0" branch-rate="0" complexity="1">
              <lines>
                <line number="90" hits="0"/>
                <line number="92" hits="0"/>
                <line number="94" hits="0"/>
                <line number="95" hits="0"/>
                <line number="96" hits="0"/>
                <line number="97" hits="0"/>
                <line number="98" hits="0"/>
                <line number="99" hits="0"/>
                <line number="100" hits="0"/>
                <line number="102" hits="0"/>
                <line number="103" hits="0"/>
                <line number="105" hits="0"/>
                <line number="106" hits="0"/>
                <line number="107" hits="0"/>
                <line number="108" hits="0"/>
                <line number="109" hits="0"/>
                <line number="111" hits="0"/>
              </lines>
            </method>
            <method name="destroy" signature="Playground\Matrix\Models\Epic $epic, Playground\Matrix\Api\Http\Requests\Epic\DestroyRequest $request" line-rate="0" branch-rate="0" complexity="2">
              <lines>
                <line number="123" hits="0"/>
                <line number="125" hits="0"/>
                <line number="126" hits="0"/>
                <line number="128" hits="0"/>
                <line number="131" hits="0"/>
              </lines>
            </method>
            <method name="lock" signature="Playground\Matrix\Models\Epic $epic, Playground\Matrix\Api\Http\Requests\Epic\LockRequest $request" line-rate="0" branch-rate="0" complexity="1">
              <lines>
                <line number="143" hits="0"/>
                <line number="145" hits="0"/>
                <line number="147" hits="0"/>
                <line number="149" hits="0"/>
                <line number="151" hits="0"/>
                <line number="152" hits="0"/>
                <line number="153" hits="0"/>
                <line number="154" hits="0"/>
                <line number="155" hits="0"/>
                <line number="156" hits="0"/>
                <line number="158" hits="0"/>
              </lines>
            </method>
            <method name="index" signature="Playground\Matrix\Api\Http\Requests\Epic\IndexRequest $request" line-rate="0" branch-rate="0" complexity="5">
              <lines>
                <line number="169" hits="0"/>
                <line number="171" hits="0"/>
                <line number="173" hits="0"/>
                <line number="175" hits="0"/>
                <line number="177" hits="0"/>
                <line number="178" hits="0"/>
                <line number="180" hits="0"/>
                <line number="181" hits="0"/>
                <line number="182" hits="0"/>
                <line number="183" hits="0"/>
                <line number="185" hits="0"/>
                <line number="186" hits="0"/>
                <line number="187" hits="0"/>
                <line number="188" hits="0"/>
                <line number="190" hits="0"/>
                <line number="191" hits="0"/>
                <line number="192" hits="0"/>
                <line number="193" hits="0"/>
                <line number="195" hits="0"/>
                <line number="196" hits="0"/>
                <line number="197" hits="0"/>
                <line number="198" hits="0"/>
                <line number="201" hits="0"/>
                <line number="202" hits="0"/>
                <line number="204" hits="0"/>
                <line number="206" hits="0"/>
              </lines>
            </method>
            <method name="restore" signature="Playground\Matrix\Models\Epic $epic, Playground\Matrix\Api\Http\Requests\Epic\RestoreRequest $request" line-rate="0" branch-rate="0" complexity="1">
              <lines>
                <line number="218" hits="0"/>
                <line number="220" hits="0"/>
                <line number="222" hits="0"/>
                <line number="224" hits="0"/>
              </lines>
            </method>
            <method name="show" signature="Playground\Matrix\Models\Epic $epic, Playground\Matrix\Api\Http\Requests\Epic\ShowRequest $request" line-rate="0" branch-rate="0" complexity="1">
              <lines>
                <line number="236" hits="0"/>
                <line number="238" hits="0"/>
                <line number="240" hits="0"/>
                <line number="241" hits="0"/>
                <line number="242" hits="0"/>
                <line number="243" hits="0"/>
                <line number="244" hits="0"/>
                <line number="245" hits="0"/>
                <line number="246" hits="0"/>
                <line number="248" hits="0"/>
              </lines>
            </method>
            <method name="store" signature="Playground\Matrix\Api\Http\Requests\Epic\StoreRequest $request" line-rate="0" branch-rate="0" complexity="1">
              <lines>
                <line number="259" hits="0"/>
                <line number="261" hits="0"/>
                <line number="263" hits="0"/>
                <line number="265" hits="0"/>
                <line number="267" hits="0"/>
              </lines>
            </method>
            <method name="unlock" signature="Playground\Matrix\Models\Epic $epic, Playground\Matrix\Api\Http\Requests\Epic\UnlockRequest $request" line-rate="0" branch-rate="0" complexity="1">
              <lines>
                <line number="279" hits="0"/>
                <line number="281" hits="0"/>
                <line number="283" hits="0"/>
                <line number="285" hits="0"/>
                <line number="287" hits="0"/>
              </lines>
            </method>
            <method name="update" signature="Playground\Matrix\Models\Epic $epic, Playground\Matrix\Api\Http\Requests\Epic\UpdateRequest $request" line-rate="0" branch-rate="0" complexity="1">
              <lines>
                <line number="299" hits="0"/>
                <line number="301" hits="0"/>
                <line number="303" hits="0"/>
                <line number="305" hits="0"/>
              </lines>
            </method>
          </methods>
          <lines>
            <line number="55" hits="0"/>
            <line number="57" hits="0"/>
            <line number="59" hits="0"/>
            <line number="61" hits="0"/>
            <line number="62" hits="0"/>
            <line number="63" hits="0"/>
            <line number="64" hits="0"/>
            <line number="65" hits="0"/>
            <line number="66" hits="0"/>
            <line number="67" hits="0"/>
            <line number="69" hits="0"/>
            <line number="70" hits="0"/>
            <line number="72" hits="0"/>
            <line number="73" hits="0"/>
            <line number="74" hits="0"/>
            <line number="75" hits="0"/>
            <line number="76" hits="0"/>
            <line number="78" hits="0"/>
            <line number="90" hits="0"/>
            <line number="92" hits="0"/>
            <line number="94" hits="0"/>
            <line number="95" hits="0"/>
            <line number="96" hits="0"/>
            <line number="97" hits="0"/>
            <line number="98" hits="0"/>
            <line number="99" hits="0"/>
            <line number="100" hits="0"/>
            <line number="102" hits="0"/>
            <line number="103" hits="0"/>
            <line number="105" hits="0"/>
            <line number="106" hits="0"/>
            <line number="107" hits="0"/>
            <line number="108" hits="0"/>
            <line number="109" hits="0"/>
            <line number="111" hits="0"/>
            <line number="123" hits="0"/>
            <line number="125" hits="0"/>
            <line number="126" hits="0"/>
            <line number="128" hits="0"/>
            <line number="131" hits="0"/>
            <line number="143" hits="0"/>
            <line number="145" hits="0"/>
            <line number="147" hits="0"/>
            <line number="149" hits="0"/>
            <line number="151" hits="0"/>
            <line number="152" hits="0"/>
            <line number="153" hits="0"/>
            <line number="154" hits="0"/>
            <line number="155" hits="0"/>
            <line number="156" hits="0"/>
            <line number="158" hits="0"/>
            <line number="169" hits="0"/>
            <line number="171" hits="0"/>
            <line number="173" hits="0"/>
            <line number="175" hits="0"/>
            <line number="177" hits="0"/>
            <line number="178" hits="0"/>
            <line number="180" hits="0"/>
            <line number="181" hits="0"/>
            <line number="182" hits="0"/>
            <line number="183" hits="0"/>
            <line number="185" hits="0"/>
            <line number="186" hits="0"/>
            <line number="187" hits="0"/>
            <line number="188" hits="0"/>
            <line number="190" hits="0"/>
            <line number="191" hits="0"/>
            <line number="192" hits="0"/>
            <line number="193" hits="0"/>
            <line number="195" hits="0"/>
            <line number="196" hits="0"/>
            <line number="197" hits="0"/>
            <line number="198" hits="0"/>
            <line number="201" hits="0"/>
            <line number="202" hits="0"/>
            <line number="204" hits="0"/>
            <line number="206" hits="0"/>
            <line number="218" hits="0"/>
            <line number="220" hits="0"/>
            <line number="222" hits="0"/>
            <line number="224" hits="0"/>
            <line number="236" hits="0"/>
            <line number="238" hits="0"/>
            <line number="240" hits="0"/>
            <line number="241" hits="0"/>
            <line number="242" hits="0"/>
            <line number="243" hits="0"/>
            <line number="244" hits="0"/>
            <line number="245" hits="0"/>
            <line number="246" hits="0"/>
            <line number="248" hits="0"/>
            <line number="259" hits="0"/>
            <line number="261" hits="0"/>
            <line number="263" hits="0"/>
            <line number="265" hits="0"/>
            <line number="267" hits="0"/>
            <line number="279" hits="0"/>
            <line number="281" hits="0"/>
            <line number="283" hits="0"/>
            <line number="285" hits="0"/>
            <line number="287" hits="0"/>
            <line number="299" hits="0"/>
            <line number="301" hits="0"/>
            <line number="303" hits="0"/>
            <line number="305" hits="0"/>
          </lines>
        </class>
      </classes>
    </package>
    <package name="Http/Controllers/FlowController.php" line-rate="0" branch-rate="0" complexity="15">
      <classes>
        <class name="Playground\Matrix\Api\Http\Controllers\FlowController" filename="Http/Controllers/FlowController.php" line-rate="0" branch-rate="0" complexity="15">
          <methods>
            <method name="create" signature="Playground\Matrix\Api\Http\Requests\Flow\CreateRequest $request" line-rate="0" branch-rate="0" complexity="1">
              <lines>
                <line number="55" hits="0"/>
                <line number="57" hits="0"/>
                <line number="59" hits="0"/>
                <line number="61" hits="0"/>
                <line number="62" hits="0"/>
                <line number="63" hits="0"/>
                <line number="64" hits="0"/>
                <line number="65" hits="0"/>
                <line number="66" hits="0"/>
                <line number="67" hits="0"/>
                <line number="69" hits="0"/>
                <line number="70" hits="0"/>
                <line number="72" hits="0"/>
                <line number="73" hits="0"/>
                <line number="74" hits="0"/>
                <line number="75" hits="0"/>
                <line number="76" hits="0"/>
                <line number="78" hits="0"/>
              </lines>
            </method>
            <method name="edit" signature="Playground\Matrix\Models\Flow $flow, Playground\Matrix\Api\Http\Requests\Flow\EditRequest $request" line-rate="0" branch-rate="0" complexity="1">
              <lines>
                <line number="90" hits="0"/>
                <line number="92" hits="0"/>
                <line number="94" hits="0"/>
                <line number="95" hits="0"/>
                <line number="96" hits="0"/>
                <line number="97" hits="0"/>
                <line number="98" hits="0"/>
                <line number="99" hits="0"/>
                <line number="100" hits="0"/>
                <line number="102" hits="0"/>
                <line number="103" hits="0"/>
                <line number="105" hits="0"/>
                <line number="106" hits="0"/>
                <line number="107" hits="0"/>
                <line number="108" hits="0"/>
                <line number="109" hits="0"/>
                <line number="111" hits="0"/>
              </lines>
            </method>
            <method name="destroy" signature="Playground\Matrix\Models\Flow $flow, Playground\Matrix\Api\Http\Requests\Flow\DestroyRequest $request" line-rate="0" branch-rate="0" complexity="2">
              <lines>
                <line number="123" hits="0"/>
                <line number="125" hits="0"/>
                <line number="126" hits="0"/>
                <line number="128" hits="0"/>
                <line number="131" hits="0"/>
              </lines>
            </method>
            <method name="lock" signature="Playground\Matrix\Models\Flow $flow, Playground\Matrix\Api\Http\Requests\Flow\LockRequest $request" line-rate="0" branch-rate="0" complexity="1">
              <lines>
                <line number="143" hits="0"/>
                <line number="145" hits="0"/>
                <line number="147" hits="0"/>
                <line number="149" hits="0"/>
                <line number="151" hits="0"/>
                <line number="152" hits="0"/>
                <line number="153" hits="0"/>
                <line number="154" hits="0"/>
                <line number="155" hits="0"/>
                <line number="156" hits="0"/>
                <line number="158" hits="0"/>
              </lines>
            </method>
            <method name="index" signature="Playground\Matrix\Api\Http\Requests\Flow\IndexRequest $request" line-rate="0" branch-rate="0" complexity="5">
              <lines>
                <line number="169" hits="0"/>
                <line number="171" hits="0"/>
                <line number="173" hits="0"/>
                <line number="175" hits="0"/>
                <line number="177" hits="0"/>
                <line number="178" hits="0"/>
                <line number="180" hits="0"/>
                <line number="181" hits="0"/>
                <line number="182" hits="0"/>
                <line number="183" hits="0"/>
                <line number="185" hits="0"/>
                <line number="186" hits="0"/>
                <line number="187" hits="0"/>
                <line number="188" hits="0"/>
                <line number="190" hits="0"/>
                <line number="191" hits="0"/>
                <line number="192" hits="0"/>
                <line number="193" hits="0"/>
                <line number="195" hits="0"/>
                <line number="196" hits="0"/>
                <line number="197" hits="0"/>
                <line number="198" hits="0"/>
                <line number="201" hits="0"/>
                <line number="202" hits="0"/>
                <line number="204" hits="0"/>
                <line number="206" hits="0"/>
              </lines>
            </method>
            <method name="restore" signature="Playground\Matrix\Models\Flow $flow, Playground\Matrix\Api\Http\Requests\Flow\RestoreRequest $request" line-rate="0" branch-rate="0" complexity="1">
              <lines>
                <line number="218" hits="0"/>
                <line number="220" hits="0"/>
                <line number="222" hits="0"/>
                <line number="224" hits="0"/>
              </lines>
            </method>
            <method name="show" signature="Playground\Matrix\Models\Flow $flow, Playground\Matrix\Api\Http\Requests\Flow\ShowRequest $request" line-rate="0" branch-rate="0" complexity="1">
              <lines>
                <line number="236" hits="0"/>
                <line number="238" hits="0"/>
                <line number="240" hits="0"/>
                <line number="241" hits="0"/>
                <line number="242" hits="0"/>
                <line number="243" hits="0"/>
                <line number="244" hits="0"/>
                <line number="245" hits="0"/>
                <line number="246" hits="0"/>
                <line number="248" hits="0"/>
              </lines>
            </method>
            <method name="store" signature="Playground\Matrix\Api\Http\Requests\Flow\StoreRequest $request" line-rate="0" branch-rate="0" complexity="1">
              <lines>
                <line number="259" hits="0"/>
                <line number="261" hits="0"/>
                <line number="263" hits="0"/>
                <line number="265" hits="0"/>
                <line number="267" hits="0"/>
              </lines>
            </method>
            <method name="unlock" signature="Playground\Matrix\Models\Flow $flow, Playground\Matrix\Api\Http\Requests\Flow\UnlockRequest $request" line-rate="0" branch-rate="0" complexity="1">
              <lines>
                <line number="279" hits="0"/>
                <line number="281" hits="0"/>
                <line number="283" hits="0"/>
                <line number="285" hits="0"/>
                <line number="287" hits="0"/>
              </lines>
            </method>
            <method name="update" signature="Playground\Matrix\Models\Flow $flow, Playground\Matrix\Api\Http\Requests\Flow\UpdateRequest $request" line-rate="0" branch-rate="0" complexity="1">
              <lines>
                <line number="299" hits="0"/>
                <line number="301" hits="0"/>
                <line number="303" hits="0"/>
                <line number="305" hits="0"/>
              </lines>
            </method>
          </methods>
          <lines>
            <line number="55" hits="0"/>
            <line number="57" hits="0"/>
            <line number="59" hits="0"/>
            <line number="61" hits="0"/>
            <line number="62" hits="0"/>
            <line number="63" hits="0"/>
            <line number="64" hits="0"/>
            <line number="65" hits="0"/>
            <line number="66" hits="0"/>
            <line number="67" hits="0"/>
            <line number="69" hits="0"/>
            <line number="70" hits="0"/>
            <line number="72" hits="0"/>
            <line number="73" hits="0"/>
            <line number="74" hits="0"/>
            <line number="75" hits="0"/>
            <line number="76" hits="0"/>
            <line number="78" hits="0"/>
            <line number="90" hits="0"/>
            <line number="92" hits="0"/>
            <line number="94" hits="0"/>
            <line number="95" hits="0"/>
            <line number="96" hits="0"/>
            <line number="97" hits="0"/>
            <line number="98" hits="0"/>
            <line number="99" hits="0"/>
            <line number="100" hits="0"/>
            <line number="102" hits="0"/>
            <line number="103" hits="0"/>
            <line number="105" hits="0"/>
            <line number="106" hits="0"/>
            <line number="107" hits="0"/>
            <line number="108" hits="0"/>
            <line number="109" hits="0"/>
            <line number="111" hits="0"/>
            <line number="123" hits="0"/>
            <line number="125" hits="0"/>
            <line number="126" hits="0"/>
            <line number="128" hits="0"/>
            <line number="131" hits="0"/>
            <line number="143" hits="0"/>
            <line number="145" hits="0"/>
            <line number="147" hits="0"/>
            <line number="149" hits="0"/>
            <line number="151" hits="0"/>
            <line number="152" hits="0"/>
            <line number="153" hits="0"/>
            <line number="154" hits="0"/>
            <line number="155" hits="0"/>
            <line number="156" hits="0"/>
            <line number="158" hits="0"/>
            <line number="169" hits="0"/>
            <line number="171" hits="0"/>
            <line number="173" hits="0"/>
            <line number="175" hits="0"/>
            <line number="177" hits="0"/>
            <line number="178" hits="0"/>
            <line number="180" hits="0"/>
            <line number="181" hits="0"/>
            <line number="182" hits="0"/>
            <line number="183" hits="0"/>
            <line number="185" hits="0"/>
            <line number="186" hits="0"/>
            <line number="187" hits="0"/>
            <line number="188" hits="0"/>
            <line number="190" hits="0"/>
            <line number="191" hits="0"/>
            <line number="192" hits="0"/>
            <line number="193" hits="0"/>
            <line number="195" hits="0"/>
            <line number="196" hits="0"/>
            <line number="197" hits="0"/>
            <line number="198" hits="0"/>
            <line number="201" hits="0"/>
            <line number="202" hits="0"/>
            <line number="204" hits="0"/>
            <line number="206" hits="0"/>
            <line number="218" hits="0"/>
            <line number="220" hits="0"/>
            <line number="222" hits="0"/>
            <line number="224" hits="0"/>
            <line number="236" hits="0"/>
            <line number="238" hits="0"/>
            <line number="240" hits="0"/>
            <line number="241" hits="0"/>
            <line number="242" hits="0"/>
            <line number="243" hits="0"/>
            <line number="244" hits="0"/>
            <line number="245" hits="0"/>
            <line number="246" hits="0"/>
            <line number="248" hits="0"/>
            <line number="259" hits="0"/>
            <line number="261" hits="0"/>
            <line number="263" hits="0"/>
            <line number="265" hits="0"/>
            <line number="267" hits="0"/>
            <line number="279" hits="0"/>
            <line number="281" hits="0"/>
            <line number="283" hits="0"/>
            <line number="285" hits="0"/>
            <line number="287" hits="0"/>
            <line number="299" hits="0"/>
            <line number="301" hits="0"/>
            <line number="303" hits="0"/>
            <line number="305" hits="0"/>
          </lines>
        </class>
      </classes>
    </package>
    <package name="Http/Controllers/MilestoneController.php" line-rate="0.75238095238095" branch-rate="0" complexity="15">
      <classes>
        <class name="Playground\Matrix\Api\Http\Controllers\MilestoneController" filename="Http/Controllers/MilestoneController.php" line-rate="0.75238095238095" branch-rate="0" complexity="15">
          <methods>
            <method name="create" signature="Playground\Matrix\Api\Http\Requests\Milestone\CreateRequest $request" line-rate="1" branch-rate="0" complexity="1">
              <lines>
                <line number="55" hits="1"/>
                <line number="57" hits="1"/>
                <line number="59" hits="1"/>
                <line number="61" hits="1"/>
                <line number="62" hits="1"/>
                <line number="63" hits="1"/>
                <line number="64" hits="1"/>
                <line number="65" hits="1"/>
                <line number="66" hits="1"/>
                <line number="67" hits="1"/>
                <line number="69" hits="1"/>
                <line number="70" hits="1"/>
                <line number="72" hits="1"/>
                <line number="73" hits="1"/>
                <line number="74" hits="1"/>
                <line number="75" hits="1"/>
                <line number="76" hits="1"/>
                <line number="78" hits="1"/>
              </lines>
            </method>
            <method name="edit" signature="Playground\Matrix\Models\Milestone $milestone, Playground\Matrix\Api\Http\Requests\Milestone\EditRequest $request" line-rate="1" branch-rate="0" complexity="1">
              <lines>
                <line number="90" hits="2"/>
                <line number="92" hits="2"/>
                <line number="94" hits="2"/>
                <line number="95" hits="2"/>
                <line number="96" hits="2"/>
                <line number="97" hits="2"/>
                <line number="98" hits="2"/>
                <line number="99" hits="2"/>
                <line number="100" hits="2"/>
                <line number="102" hits="2"/>
                <line number="103" hits="2"/>
                <line number="105" hits="2"/>
                <line number="106" hits="2"/>
                <line number="107" hits="2"/>
                <line number="108" hits="2"/>
                <line number="109" hits="2"/>
                <line number="111" hits="2"/>
              </lines>
            </method>
            <method name="destroy" signature="Playground\Matrix\Models\Milestone $milestone, Playground\Matrix\Api\Http\Requests\Milestone\DestroyRequest $request" line-rate="1" branch-rate="0" complexity="2">
              <lines>
                <line number="123" hits="6"/>
                <line number="125" hits="6"/>
                <line number="126" hits="4"/>
                <line number="128" hits="2"/>
                <line number="131" hits="6"/>
              </lines>
            </method>
            <method name="lock" signature="Playground\Matrix\Models\Milestone $milestone, Playground\Matrix\Api\Http\Requests\Milestone\LockRequest $request" line-rate="1" branch-rate="0" complexity="1">
              <lines>
                <line number="143" hits="4"/>
                <line number="145" hits="4"/>
                <line number="147" hits="4"/>
                <line number="149" hits="4"/>
                <line number="151" hits="4"/>
                <line number="152" hits="4"/>
                <line number="153" hits="4"/>
                <line number="154" hits="4"/>
                <line number="155" hits="4"/>
                <line number="156" hits="4"/>
                <line number="158" hits="4"/>
              </lines>
            </method>
            <method name="index" signature="Playground\Matrix\Api\Http\Requests\Milestone\IndexRequest $request" line-rate="0.34615384615385" branch-rate="0" complexity="5">
              <lines>
                <line number="169" hits="2"/>
                <line number="171" hits="2"/>
                <line number="173" hits="2"/>
                <line number="175" hits="2"/>
                <line number="177" hits="2"/>
                <line number="178" hits="0"/>
                <line number="180" hits="0"/>
                <line number="181" hits="0"/>
                <line number="182" hits="0"/>
                <line number="183" hits="0"/>
                <line number="185" hits="0"/>
                <line number="186" hits="0"/>
                <line number="187" hits="0"/>
                <line number="188" hits="0"/>
                <line number="190" hits="0"/>
                <line number="191" hits="0"/>
                <line number="192" hits="0"/>
                <line number="193" hits="0"/>
                <line number="195" hits="0"/>
                <line number="196" hits="0"/>
                <line number="197" hits="0"/>
                <line number="198" hits="0"/>
                <line number="201" hits="2"/>
                <line number="202" hits="2"/>
                <line number="204" hits="2"/>
                <line number="206" hits="2"/>
              </lines>
            </method>
            <method name="restore" signature="Playground\Matrix\Models\Milestone $milestone, Playground\Matrix\Api\Http\Requests\Milestone\RestoreRequest $request" line-rate="1" branch-rate="0" complexity="1">
              <lines>
                <line number="218" hits="3"/>
                <line number="220" hits="3"/>
                <line number="222" hits="3"/>
                <line number="224" hits="3"/>
              </lines>
            </method>
            <method name="show" signature="Playground\Matrix\Models\Milestone $milestone, Playground\Matrix\Api\Http\Requests\Milestone\ShowRequest $request" line-rate="1" branch-rate="0" complexity="1">
              <lines>
                <line number="236" hits="1"/>
                <line number="238" hits="1"/>
                <line number="240" hits="1"/>
                <line number="241" hits="1"/>
                <line number="242" hits="1"/>
                <line number="243" hits="1"/>
                <line number="244" hits="1"/>
                <line number="245" hits="1"/>
                <line number="246" hits="1"/>
                <line number="248" hits="1"/>
              </lines>
            </method>
            <method name="store" signature="Playground\Matrix\Api\Http\Requests\Milestone\StoreRequest $request" line-rate="0" branch-rate="0" complexity="1">
              <lines>
                <line number="259" hits="0"/>
                <line number="261" hits="0"/>
                <line number="263" hits="0"/>
                <line number="265" hits="0"/>
                <line number="267" hits="0"/>
              </lines>
            </method>
            <method name="unlock" signature="Playground\Matrix\Models\Milestone $milestone, Playground\Matrix\Api\Http\Requests\Milestone\UnlockRequest $request" line-rate="1" branch-rate="0" complexity="1">
              <lines>
                <line number="279" hits="3"/>
                <line number="281" hits="3"/>
                <line number="283" hits="3"/>
                <line number="285" hits="3"/>
                <line number="287" hits="3"/>
              </lines>
            </method>
            <method name="update" signature="Playground\Matrix\Models\Milestone $milestone, Playground\Matrix\Api\Http\Requests\Milestone\UpdateRequest $request" line-rate="0" branch-rate="0" complexity="1">
              <lines>
                <line number="299" hits="0"/>
                <line number="301" hits="0"/>
                <line number="303" hits="0"/>
                <line number="305" hits="0"/>
              </lines>
            </method>
          </methods>
          <lines>
            <line number="55" hits="1"/>
            <line number="57" hits="1"/>
            <line number="59" hits="1"/>
            <line number="61" hits="1"/>
            <line number="62" hits="1"/>
            <line number="63" hits="1"/>
            <line number="64" hits="1"/>
            <line number="65" hits="1"/>
            <line number="66" hits="1"/>
            <line number="67" hits="1"/>
            <line number="69" hits="1"/>
            <line number="70" hits="1"/>
            <line number="72" hits="1"/>
            <line number="73" hits="1"/>
            <line number="74" hits="1"/>
            <line number="75" hits="1"/>
            <line number="76" hits="1"/>
            <line number="78" hits="1"/>
            <line number="90" hits="2"/>
            <line number="92" hits="2"/>
            <line number="94" hits="2"/>
            <line number="95" hits="2"/>
            <line number="96" hits="2"/>
            <line number="97" hits="2"/>
            <line number="98" hits="2"/>
            <line number="99" hits="2"/>
            <line number="100" hits="2"/>
            <line number="102" hits="2"/>
            <line number="103" hits="2"/>
            <line number="105" hits="2"/>
            <line number="106" hits="2"/>
            <line number="107" hits="2"/>
            <line number="108" hits="2"/>
            <line number="109" hits="2"/>
            <line number="111" hits="2"/>
            <line number="123" hits="6"/>
            <line number="125" hits="6"/>
            <line number="126" hits="4"/>
            <line number="128" hits="2"/>
            <line number="131" hits="6"/>
            <line number="143" hits="4"/>
            <line number="145" hits="4"/>
            <line number="147" hits="4"/>
            <line number="149" hits="4"/>
            <line number="151" hits="4"/>
            <line number="152" hits="4"/>
            <line number="153" hits="4"/>
            <line number="154" hits="4"/>
            <line number="155" hits="4"/>
            <line number="156" hits="4"/>
            <line number="158" hits="4"/>
            <line number="169" hits="2"/>
            <line number="171" hits="2"/>
            <line number="173" hits="2"/>
            <line number="175" hits="2"/>
            <line number="177" hits="2"/>
            <line number="178" hits="0"/>
            <line number="180" hits="0"/>
            <line number="181" hits="0"/>
            <line number="182" hits="0"/>
            <line number="183" hits="0"/>
            <line number="185" hits="0"/>
            <line number="186" hits="0"/>
            <line number="187" hits="0"/>
            <line number="188" hits="0"/>
            <line number="190" hits="0"/>
            <line number="191" hits="0"/>
            <line number="192" hits="0"/>
            <line number="193" hits="0"/>
            <line number="195" hits="0"/>
            <line number="196" hits="0"/>
            <line number="197" hits="0"/>
            <line number="198" hits="0"/>
            <line number="201" hits="2"/>
            <line number="202" hits="2"/>
            <line number="204" hits="2"/>
            <line number="206" hits="2"/>
            <line number="218" hits="3"/>
            <line number="220" hits="3"/>
            <line number="222" hits="3"/>
            <line number="224" hits="3"/>
            <line number="236" hits="1"/>
            <line number="238" hits="1"/>
            <line number="240" hits="1"/>
            <line number="241" hits="1"/>
            <line number="242" hits="1"/>
            <line number="243" hits="1"/>
            <line number="244" hits="1"/>
            <line number="245" hits="1"/>
            <line number="246" hits="1"/>
            <line number="248" hits="1"/>
            <line number="259" hits="0"/>
            <line number="261" hits="0"/>
            <line number="263" hits="0"/>
            <line number="265" hits="0"/>
            <line number="267" hits="0"/>
            <line number="279" hits="3"/>
            <line number="281" hits="3"/>
            <line number="283" hits="3"/>
            <line number="285" hits="3"/>
            <line number="287" hits="3"/>
            <line number="299" hits="0"/>
            <line number="301" hits="0"/>
            <line number="303" hits="0"/>
            <line number="305" hits="0"/>
          </lines>
        </class>
      </classes>
    </package>
    <package name="Http/Controllers/NoteController.php" line-rate="0.75238095238095" branch-rate="0" complexity="15">
      <classes>
        <class name="Playground\Matrix\Api\Http\Controllers\NoteController" filename="Http/Controllers/NoteController.php" line-rate="0.75238095238095" branch-rate="0" complexity="15">
          <methods>
            <method name="create" signature="Playground\Matrix\Api\Http\Requests\Note\CreateRequest $request" line-rate="1" branch-rate="0" complexity="1">
              <lines>
                <line number="55" hits="1"/>
                <line number="57" hits="1"/>
                <line number="59" hits="1"/>
                <line number="61" hits="1"/>
                <line number="62" hits="1"/>
                <line number="63" hits="1"/>
                <line number="64" hits="1"/>
                <line number="65" hits="1"/>
                <line number="66" hits="1"/>
                <line number="67" hits="1"/>
                <line number="69" hits="1"/>
                <line number="70" hits="1"/>
                <line number="72" hits="1"/>
                <line number="73" hits="1"/>
                <line number="74" hits="1"/>
                <line number="75" hits="1"/>
                <line number="76" hits="1"/>
                <line number="78" hits="1"/>
              </lines>
            </method>
            <method name="edit" signature="Playground\Matrix\Models\Note $note, Playground\Matrix\Api\Http\Requests\Note\EditRequest $request" line-rate="1" branch-rate="0" complexity="1">
              <lines>
                <line number="90" hits="2"/>
                <line number="92" hits="2"/>
                <line number="94" hits="2"/>
                <line number="95" hits="2"/>
                <line number="96" hits="2"/>
                <line number="97" hits="2"/>
                <line number="98" hits="2"/>
                <line number="99" hits="2"/>
                <line number="100" hits="2"/>
                <line number="102" hits="2"/>
                <line number="103" hits="2"/>
                <line number="105" hits="2"/>
                <line number="106" hits="2"/>
                <line number="107" hits="2"/>
                <line number="108" hits="2"/>
                <line number="109" hits="2"/>
                <line number="111" hits="2"/>
              </lines>
            </method>
            <method name="destroy" signature="Playground\Matrix\Models\Note $note, Playground\Matrix\Api\Http\Requests\Note\DestroyRequest $request" line-rate="1" branch-rate="0" complexity="2">
              <lines>
                <line number="123" hits="6"/>
                <line number="125" hits="6"/>
                <line number="126" hits="4"/>
                <line number="128" hits="2"/>
                <line number="131" hits="6"/>
              </lines>
            </method>
            <method name="lock" signature="Playground\Matrix\Models\Note $note, Playground\Matrix\Api\Http\Requests\Note\LockRequest $request" line-rate="1" branch-rate="0" complexity="1">
              <lines>
                <line number="143" hits="4"/>
                <line number="145" hits="4"/>
                <line number="147" hits="4"/>
                <line number="149" hits="4"/>
                <line number="151" hits="4"/>
                <line number="152" hits="4"/>
                <line number="153" hits="4"/>
                <line number="154" hits="4"/>
                <line number="155" hits="4"/>
                <line number="156" hits="4"/>
                <line number="158" hits="4"/>
              </lines>
            </method>
            <method name="index" signature="Playground\Matrix\Api\Http\Requests\Note\IndexRequest $request" line-rate="0.34615384615385" branch-rate="0" complexity="5">
              <lines>
                <line number="169" hits="2"/>
                <line number="171" hits="2"/>
                <line number="173" hits="2"/>
                <line number="175" hits="2"/>
                <line number="177" hits="2"/>
                <line number="178" hits="0"/>
                <line number="180" hits="0"/>
                <line number="181" hits="0"/>
                <line number="182" hits="0"/>
                <line number="183" hits="0"/>
                <line number="185" hits="0"/>
                <line number="186" hits="0"/>
                <line number="187" hits="0"/>
                <line number="188" hits="0"/>
                <line number="190" hits="0"/>
                <line number="191" hits="0"/>
                <line number="192" hits="0"/>
                <line number="193" hits="0"/>
                <line number="195" hits="0"/>
                <line number="196" hits="0"/>
                <line number="197" hits="0"/>
                <line number="198" hits="0"/>
                <line number="201" hits="2"/>
                <line number="202" hits="2"/>
                <line number="204" hits="2"/>
                <line number="206" hits="2"/>
              </lines>
            </method>
            <method name="restore" signature="Playground\Matrix\Models\Note $note, Playground\Matrix\Api\Http\Requests\Note\RestoreRequest $request" line-rate="1" branch-rate="0" complexity="1">
              <lines>
                <line number="218" hits="3"/>
                <line number="220" hits="3"/>
                <line number="222" hits="3"/>
                <line number="224" hits="3"/>
              </lines>
            </method>
            <method name="show" signature="Playground\Matrix\Models\Note $note, Playground\Matrix\Api\Http\Requests\Note\ShowRequest $request" line-rate="1" branch-rate="0" complexity="1">
              <lines>
                <line number="236" hits="1"/>
                <line number="238" hits="1"/>
                <line number="240" hits="1"/>
                <line number="241" hits="1"/>
                <line number="242" hits="1"/>
                <line number="243" hits="1"/>
                <line number="244" hits="1"/>
                <line number="245" hits="1"/>
                <line number="246" hits="1"/>
                <line number="248" hits="1"/>
              </lines>
            </method>
            <method name="store" signature="Playground\Matrix\Api\Http\Requests\Note\StoreRequest $request" line-rate="0" branch-rate="0" complexity="1">
              <lines>
                <line number="259" hits="0"/>
                <line number="261" hits="0"/>
                <line number="263" hits="0"/>
                <line number="265" hits="0"/>
                <line number="267" hits="0"/>
              </lines>
            </method>
            <method name="unlock" signature="Playground\Matrix\Models\Note $note, Playground\Matrix\Api\Http\Requests\Note\UnlockRequest $request" line-rate="1" branch-rate="0" complexity="1">
              <lines>
                <line number="279" hits="3"/>
                <line number="281" hits="3"/>
                <line number="283" hits="3"/>
                <line number="285" hits="3"/>
                <line number="287" hits="3"/>
              </lines>
            </method>
            <method name="update" signature="Playground\Matrix\Models\Note $note, Playground\Matrix\Api\Http\Requests\Note\UpdateRequest $request" line-rate="0" branch-rate="0" complexity="1">
              <lines>
                <line number="299" hits="0"/>
                <line number="301" hits="0"/>
                <line number="303" hits="0"/>
                <line number="305" hits="0"/>
              </lines>
            </method>
          </methods>
          <lines>
            <line number="55" hits="1"/>
            <line number="57" hits="1"/>
            <line number="59" hits="1"/>
            <line number="61" hits="1"/>
            <line number="62" hits="1"/>
            <line number="63" hits="1"/>
            <line number="64" hits="1"/>
            <line number="65" hits="1"/>
            <line number="66" hits="1"/>
            <line number="67" hits="1"/>
            <line number="69" hits="1"/>
            <line number="70" hits="1"/>
            <line number="72" hits="1"/>
            <line number="73" hits="1"/>
            <line number="74" hits="1"/>
            <line number="75" hits="1"/>
            <line number="76" hits="1"/>
            <line number="78" hits="1"/>
            <line number="90" hits="2"/>
            <line number="92" hits="2"/>
            <line number="94" hits="2"/>
            <line number="95" hits="2"/>
            <line number="96" hits="2"/>
            <line number="97" hits="2"/>
            <line number="98" hits="2"/>
            <line number="99" hits="2"/>
            <line number="100" hits="2"/>
            <line number="102" hits="2"/>
            <line number="103" hits="2"/>
            <line number="105" hits="2"/>
            <line number="106" hits="2"/>
            <line number="107" hits="2"/>
            <line number="108" hits="2"/>
            <line number="109" hits="2"/>
            <line number="111" hits="2"/>
            <line number="123" hits="6"/>
            <line number="125" hits="6"/>
            <line number="126" hits="4"/>
            <line number="128" hits="2"/>
            <line number="131" hits="6"/>
            <line number="143" hits="4"/>
            <line number="145" hits="4"/>
            <line number="147" hits="4"/>
            <line number="149" hits="4"/>
            <line number="151" hits="4"/>
            <line number="152" hits="4"/>
            <line number="153" hits="4"/>
            <line number="154" hits="4"/>
            <line number="155" hits="4"/>
            <line number="156" hits="4"/>
            <line number="158" hits="4"/>
            <line number="169" hits="2"/>
            <line number="171" hits="2"/>
            <line number="173" hits="2"/>
            <line number="175" hits="2"/>
            <line number="177" hits="2"/>
            <line number="178" hits="0"/>
            <line number="180" hits="0"/>
            <line number="181" hits="0"/>
            <line number="182" hits="0"/>
            <line number="183" hits="0"/>
            <line number="185" hits="0"/>
            <line number="186" hits="0"/>
            <line number="187" hits="0"/>
            <line number="188" hits="0"/>
            <line number="190" hits="0"/>
            <line number="191" hits="0"/>
            <line number="192" hits="0"/>
            <line number="193" hits="0"/>
            <line number="195" hits="0"/>
            <line number="196" hits="0"/>
            <line number="197" hits="0"/>
            <line number="198" hits="0"/>
            <line number="201" hits="2"/>
            <line number="202" hits="2"/>
            <line number="204" hits="2"/>
            <line number="206" hits="2"/>
            <line number="218" hits="3"/>
            <line number="220" hits="3"/>
            <line number="222" hits="3"/>
            <line number="224" hits="3"/>
            <line number="236" hits="1"/>
            <line number="238" hits="1"/>
            <line number="240" hits="1"/>
            <line number="241" hits="1"/>
            <line number="242" hits="1"/>
            <line number="243" hits="1"/>
            <line number="244" hits="1"/>
            <line number="245" hits="1"/>
            <line number="246" hits="1"/>
            <line number="248" hits="1"/>
            <line number="259" hits="0"/>
            <line number="261" hits="0"/>
            <line number="263" hits="0"/>
            <line number="265" hits="0"/>
            <line number="267" hits="0"/>
            <line number="279" hits="3"/>
            <line number="281" hits="3"/>
            <line number="283" hits="3"/>
            <line number="285" hits="3"/>
            <line number="287" hits="3"/>
            <line number="299" hits="0"/>
            <line number="301" hits="0"/>
            <line number="303" hits="0"/>
            <line number="305" hits="0"/>
          </lines>
        </class>
      </classes>
    </package>
    <package name="Http/Controllers/ProjectController.php" line-rate="0.75238095238095" branch-rate="0" complexity="15">
      <classes>
        <class name="Playground\Matrix\Api\Http\Controllers\ProjectController" filename="Http/Controllers/ProjectController.php" line-rate="0.75238095238095" branch-rate="0" complexity="15">
          <methods>
            <method name="create" signature="Playground\Matrix\Api\Http\Requests\Project\CreateRequest $request" line-rate="1" branch-rate="0" complexity="1">
              <lines>
                <line number="55" hits="1"/>
                <line number="57" hits="1"/>
                <line number="59" hits="1"/>
                <line number="61" hits="1"/>
                <line number="62" hits="1"/>
                <line number="63" hits="1"/>
                <line number="64" hits="1"/>
                <line number="65" hits="1"/>
                <line number="66" hits="1"/>
                <line number="67" hits="1"/>
                <line number="69" hits="1"/>
                <line number="70" hits="1"/>
                <line number="72" hits="1"/>
                <line number="73" hits="1"/>
                <line number="74" hits="1"/>
                <line number="75" hits="1"/>
                <line number="76" hits="1"/>
                <line number="78" hits="1"/>
              </lines>
            </method>
            <method name="edit" signature="Playground\Matrix\Models\Project $project, Playground\Matrix\Api\Http\Requests\Project\EditRequest $request" line-rate="1" branch-rate="0" complexity="1">
              <lines>
                <line number="90" hits="2"/>
                <line number="92" hits="2"/>
                <line number="94" hits="2"/>
                <line number="95" hits="2"/>
                <line number="96" hits="2"/>
                <line number="97" hits="2"/>
                <line number="98" hits="2"/>
                <line number="99" hits="2"/>
                <line number="100" hits="2"/>
                <line number="102" hits="2"/>
                <line number="103" hits="2"/>
                <line number="105" hits="2"/>
                <line number="106" hits="2"/>
                <line number="107" hits="2"/>
                <line number="108" hits="2"/>
                <line number="109" hits="2"/>
                <line number="111" hits="2"/>
              </lines>
            </method>
            <method name="destroy" signature="Playground\Matrix\Models\Project $project, Playground\Matrix\Api\Http\Requests\Project\DestroyRequest $request" line-rate="1" branch-rate="0" complexity="2">
              <lines>
                <line number="123" hits="6"/>
                <line number="125" hits="6"/>
                <line number="126" hits="4"/>
                <line number="128" hits="2"/>
                <line number="131" hits="6"/>
              </lines>
            </method>
            <method name="lock" signature="Playground\Matrix\Models\Project $project, Playground\Matrix\Api\Http\Requests\Project\LockRequest $request" line-rate="1" branch-rate="0" complexity="1">
              <lines>
                <line number="143" hits="4"/>
                <line number="145" hits="4"/>
                <line number="147" hits="4"/>
                <line number="149" hits="4"/>
                <line number="151" hits="4"/>
                <line number="152" hits="4"/>
                <line number="153" hits="4"/>
                <line number="154" hits="4"/>
                <line number="155" hits="4"/>
                <line number="156" hits="4"/>
                <line number="158" hits="4"/>
              </lines>
            </method>
            <method name="index" signature="Playground\Matrix\Api\Http\Requests\Project\IndexRequest $request" line-rate="0.34615384615385" branch-rate="0" complexity="5">
              <lines>
                <line number="169" hits="2"/>
                <line number="171" hits="2"/>
                <line number="173" hits="2"/>
                <line number="175" hits="2"/>
                <line number="177" hits="2"/>
                <line number="178" hits="0"/>
                <line number="180" hits="0"/>
                <line number="181" hits="0"/>
                <line number="182" hits="0"/>
                <line number="183" hits="0"/>
                <line number="185" hits="0"/>
                <line number="186" hits="0"/>
                <line number="187" hits="0"/>
                <line number="188" hits="0"/>
                <line number="190" hits="0"/>
                <line number="191" hits="0"/>
                <line number="192" hits="0"/>
                <line number="193" hits="0"/>
                <line number="195" hits="0"/>
                <line number="196" hits="0"/>
                <line number="197" hits="0"/>
                <line number="198" hits="0"/>
                <line number="201" hits="2"/>
                <line number="202" hits="2"/>
                <line number="204" hits="2"/>
                <line number="206" hits="2"/>
              </lines>
            </method>
            <method name="restore" signature="Playground\Matrix\Models\Project $project, Playground\Matrix\Api\Http\Requests\Project\RestoreRequest $request" line-rate="1" branch-rate="0" complexity="1">
              <lines>
                <line number="218" hits="3"/>
                <line number="220" hits="3"/>
                <line number="222" hits="3"/>
                <line number="224" hits="3"/>
              </lines>
            </method>
            <method name="show" signature="Playground\Matrix\Models\Project $project, Playground\Matrix\Api\Http\Requests\Project\ShowRequest $request" line-rate="1" branch-rate="0" complexity="1">
              <lines>
                <line number="236" hits="1"/>
                <line number="238" hits="1"/>
                <line number="240" hits="1"/>
                <line number="241" hits="1"/>
                <line number="242" hits="1"/>
                <line number="243" hits="1"/>
                <line number="244" hits="1"/>
                <line number="245" hits="1"/>
                <line number="246" hits="1"/>
                <line number="248" hits="1"/>
              </lines>
            </method>
            <method name="store" signature="Playground\Matrix\Api\Http\Requests\Project\StoreRequest $request" line-rate="0" branch-rate="0" complexity="1">
              <lines>
                <line number="259" hits="0"/>
                <line number="261" hits="0"/>
                <line number="263" hits="0"/>
                <line number="265" hits="0"/>
                <line number="267" hits="0"/>
              </lines>
            </method>
            <method name="unlock" signature="Playground\Matrix\Models\Project $project, Playground\Matrix\Api\Http\Requests\Project\UnlockRequest $request" line-rate="1" branch-rate="0" complexity="1">
              <lines>
                <line number="279" hits="3"/>
                <line number="281" hits="3"/>
                <line number="283" hits="3"/>
                <line number="285" hits="3"/>
                <line number="287" hits="3"/>
              </lines>
            </method>
            <method name="update" signature="Playground\Matrix\Models\Project $project, Playground\Matrix\Api\Http\Requests\Project\UpdateRequest $request" line-rate="0" branch-rate="0" complexity="1">
              <lines>
                <line number="299" hits="0"/>
                <line number="301" hits="0"/>
                <line number="303" hits="0"/>
                <line number="305" hits="0"/>
              </lines>
            </method>
          </methods>
          <lines>
            <line number="55" hits="1"/>
            <line number="57" hits="1"/>
            <line number="59" hits="1"/>
            <line number="61" hits="1"/>
            <line number="62" hits="1"/>
            <line number="63" hits="1"/>
            <line number="64" hits="1"/>
            <line number="65" hits="1"/>
            <line number="66" hits="1"/>
            <line number="67" hits="1"/>
            <line number="69" hits="1"/>
            <line number="70" hits="1"/>
            <line number="72" hits="1"/>
            <line number="73" hits="1"/>
            <line number="74" hits="1"/>
            <line number="75" hits="1"/>
            <line number="76" hits="1"/>
            <line number="78" hits="1"/>
            <line number="90" hits="2"/>
            <line number="92" hits="2"/>
            <line number="94" hits="2"/>
            <line number="95" hits="2"/>
            <line number="96" hits="2"/>
            <line number="97" hits="2"/>
            <line number="98" hits="2"/>
            <line number="99" hits="2"/>
            <line number="100" hits="2"/>
            <line number="102" hits="2"/>
            <line number="103" hits="2"/>
            <line number="105" hits="2"/>
            <line number="106" hits="2"/>
            <line number="107" hits="2"/>
            <line number="108" hits="2"/>
            <line number="109" hits="2"/>
            <line number="111" hits="2"/>
            <line number="123" hits="6"/>
            <line number="125" hits="6"/>
            <line number="126" hits="4"/>
            <line number="128" hits="2"/>
            <line number="131" hits="6"/>
            <line number="143" hits="4"/>
            <line number="145" hits="4"/>
            <line number="147" hits="4"/>
            <line number="149" hits="4"/>
            <line number="151" hits="4"/>
            <line number="152" hits="4"/>
            <line number="153" hits="4"/>
            <line number="154" hits="4"/>
            <line number="155" hits="4"/>
            <line number="156" hits="4"/>
            <line number="158" hits="4"/>
            <line number="169" hits="2"/>
            <line number="171" hits="2"/>
            <line number="173" hits="2"/>
            <line number="175" hits="2"/>
            <line number="177" hits="2"/>
            <line number="178" hits="0"/>
            <line number="180" hits="0"/>
            <line number="181" hits="0"/>
            <line number="182" hits="0"/>
            <line number="183" hits="0"/>
            <line number="185" hits="0"/>
            <line number="186" hits="0"/>
            <line number="187" hits="0"/>
            <line number="188" hits="0"/>
            <line number="190" hits="0"/>
            <line number="191" hits="0"/>
            <line number="192" hits="0"/>
            <line number="193" hits="0"/>
            <line number="195" hits="0"/>
            <line number="196" hits="0"/>
            <line number="197" hits="0"/>
            <line number="198" hits="0"/>
            <line number="201" hits="2"/>
            <line number="202" hits="2"/>
            <line number="204" hits="2"/>
            <line number="206" hits="2"/>
            <line number="218" hits="3"/>
            <line number="220" hits="3"/>
            <line number="222" hits="3"/>
            <line number="224" hits="3"/>
            <line number="236" hits="1"/>
            <line number="238" hits="1"/>
            <line number="240" hits="1"/>
            <line number="241" hits="1"/>
            <line number="242" hits="1"/>
            <line number="243" hits="1"/>
            <line number="244" hits="1"/>
            <line number="245" hits="1"/>
            <line number="246" hits="1"/>
            <line number="248" hits="1"/>
            <line number="259" hits="0"/>
            <line number="261" hits="0"/>
            <line number="263" hits="0"/>
            <line number="265" hits="0"/>
            <line number="267" hits="0"/>
            <line number="279" hits="3"/>
            <line number="281" hits="3"/>
            <line number="283" hits="3"/>
            <line number="285" hits="3"/>
            <line number="287" hits="3"/>
            <line number="299" hits="0"/>
            <line number="301" hits="0"/>
            <line number="303" hits="0"/>
            <line number="305" hits="0"/>
          </lines>
        </class>
      </classes>
    </package>
    <package name="Http/Controllers/ReleaseController.php" line-rate="0.75238095238095" branch-rate="0" complexity="15">
      <classes>
        <class name="Playground\Matrix\Api\Http\Controllers\ReleaseController" filename="Http/Controllers/ReleaseController.php" line-rate="0.75238095238095" branch-rate="0" complexity="15">
          <methods>
[...]
              </lines>
            </method>
            <method name="with" signature="Illuminate\Http\Request $request" line-rate="1" branch-rate="0" complexity="1">
              <lines>
                <line number="33" hits="11"/>
                <line number="35" hits="11"/>
                <line number="36" hits="11"/>
                <line number="37" hits="11"/>
                <line number="38" hits="11"/>
                <line number="39" hits="11"/>
                <line number="40" hits="11"/>
                <line number="41" hits="11"/>
                <line number="42" hits="11"/>
                <line number="43" hits="11"/>
              </lines>
            </method>
          </methods>
          <lines>
            <line number="19" hits="13"/>
            <line number="33" hits="11"/>
            <line number="35" hits="11"/>
            <line number="36" hits="11"/>
            <line number="37" hits="11"/>
            <line number="38" hits="11"/>
            <line number="39" hits="11"/>
            <line number="40" hits="11"/>
            <line number="41" hits="11"/>
            <line number="42" hits="11"/>
            <line number="43" hits="11"/>
          </lines>
        </class>
      </classes>
    </package>
    <package name="Http/Resources/VersionCollection.php" line-rate="1" branch-rate="0" complexity="2">
      <classes>
        <class name="Playground\Matrix\Api\Http\Resources\VersionCollection" filename="Http/Resources/VersionCollection.php" line-rate="1" branch-rate="0" complexity="2">
          <methods>
            <method name="toArray" signature="Illuminate\Http\Request $request" line-rate="1" branch-rate="0" complexity="1">
              <lines>
                <line number="18" hits="2"/>
              </lines>
            </method>
            <method name="with" signature="Illuminate\Http\Request $request" line-rate="1" branch-rate="0" complexity="1">
              <lines>
                <line number="29" hits="2"/>
                <line number="30" hits="2"/>
                <line number="31" hits="2"/>
                <line number="32" hits="2"/>
                <line number="33" hits="2"/>
                <line number="34" hits="2"/>
                <line number="35" hits="2"/>
                <line number="36" hits="2"/>
                <line number="37" hits="2"/>
                <line number="38" hits="2"/>
                <line number="39" hits="2"/>
                <line number="40" hits="2"/>
                <line number="41" hits="2"/>
              </lines>
            </method>
          </methods>
          <lines>
            <line number="18" hits="2"/>
            <line number="29" hits="2"/>
            <line number="30" hits="2"/>
            <line number="31" hits="2"/>
            <line number="32" hits="2"/>
            <line number="33" hits="2"/>
            <line number="34" hits="2"/>
            <line number="35" hits="2"/>
            <line number="36" hits="2"/>
            <line number="37" hits="2"/>
            <line number="38" hits="2"/>
            <line number="39" hits="2"/>
            <line number="40" hits="2"/>
            <line number="41" hits="2"/>
          </lines>
        </class>
      </classes>
    </package>
    <package name="Policies/BacklogPolicy.php" line-rate="0" branch-rate="0" complexity="0">
      <classes>
        <class name="Playground\Matrix\Api\Policies\BacklogPolicy" filename="Policies/BacklogPolicy.php" line-rate="0" branch-rate="0" complexity="0">
          <methods/>
          <lines/>
        </class>
      </classes>
    </package>
    <package name="Policies/BoardPolicy.php" line-rate="0" branch-rate="0" complexity="0">
      <classes>
        <class name="Playground\Matrix\Api\Policies\BoardPolicy" filename="Policies/BoardPolicy.php" line-rate="0" branch-rate="0" complexity="0">
          <methods/>
          <lines/>
        </class>
      </classes>
    </package>
    <package name="Policies/EpicPolicy.php" line-rate="0" branch-rate="0" complexity="0">
      <classes>
        <class name="Playground\Matrix\Api\Policies\EpicPolicy" filename="Policies/EpicPolicy.php" line-rate="0" branch-rate="0" complexity="0">
          <methods/>
          <lines/>
        </class>
      </classes>
    </package>
    <package name="Policies/FlowPolicy.php" line-rate="0" branch-rate="0" complexity="0">
      <classes>
        <class name="Playground\Matrix\Api\Policies\FlowPolicy" filename="Policies/FlowPolicy.php" line-rate="0" branch-rate="0" complexity="0">
          <methods/>
          <lines/>
        </class>
      </classes>
    </package>
    <package name="Policies/MilestonePolicy.php" line-rate="0" branch-rate="0" complexity="0">
      <classes>
        <class name="Playground\Matrix\Api\Policies\MilestonePolicy" filename="Policies/MilestonePolicy.php" line-rate="0" branch-rate="0" complexity="0">
          <methods/>
          <lines/>
        </class>
      </classes>
    </package>
    <package name="Policies/NotePolicy.php" line-rate="0" branch-rate="0" complexity="0">
      <classes>
        <class name="Playground\Matrix\Api\Policies\NotePolicy" filename="Policies/NotePolicy.php" line-rate="0" branch-rate="0" complexity="0">
          <methods/>
          <lines/>
        </class>
      </classes>
    </package>
    <package name="Policies/ProjectPolicy.php" line-rate="0" branch-rate="0" complexity="0">
      <classes>
        <class name="Playground\Matrix\Api\Policies\ProjectPolicy" filename="Policies/ProjectPolicy.php" line-rate="0" branch-rate="0" complexity="0">
          <methods/>
          <lines/>
        </class>
      </classes>
    </package>
    <package name="Policies/ReleasePolicy.php" line-rate="0" branch-rate="0" complexity="0">
      <classes>
        <class name="Playground\Matrix\Api\Policies\ReleasePolicy" filename="Policies/ReleasePolicy.php" line-rate="0" branch-rate="0" complexity="0">
          <methods/>
          <lines/>
        </class>
      </classes>
    </package>
    <package name="Policies/RoadmapPolicy.php" line-rate="0" branch-rate="0" complexity="0">
      <classes>
        <class name="Playground\Matrix\Api\Policies\RoadmapPolicy" filename="Policies/RoadmapPolicy.php" line-rate="0" branch-rate="0" complexity="0">
          <methods/>
          <lines/>
        </class>
      </classes>
    </package>
    <package name="Policies/SourcePolicy.php" line-rate="0" branch-rate="0" complexity="0">
      <classes>
        <class name="Playground\Matrix\Api\Policies\SourcePolicy" filename="Policies/SourcePolicy.php" line-rate="0" branch-rate="0" complexity="0">
          <methods/>
          <lines/>
        </class>
      </classes>
    </package>
    <package name="Policies/SprintPolicy.php" line-rate="0" branch-rate="0" complexity="0">
      <classes>
        <class name="Playground\Matrix\Api\Policies\SprintPolicy" filename="Policies/SprintPolicy.php" line-rate="0" branch-rate="0" complexity="0">
          <methods/>
          <lines/>
        </class>
      </classes>
    </package>
    <package name="Policies/TagPolicy.php" line-rate="0" branch-rate="0" complexity="0">
      <classes>
        <class name="Playground\Matrix\Api\Policies\TagPolicy" filename="Policies/TagPolicy.php" line-rate="0" branch-rate="0" complexity="0">
          <methods/>
          <lines/>
        </class>
      </classes>
    </package>
    <package name="Policies/TeamPolicy.php" line-rate="0" branch-rate="0" complexity="0">
      <classes>
        <class name="Playground\Matrix\Api\Policies\TeamPolicy" filename="Policies/TeamPolicy.php" line-rate="0" branch-rate="0" complexity="0">
          <methods/>
          <lines/>
        </class>
      </classes>
    </package>
    <package name="Policies/TicketPolicy.php" line-rate="0" branch-rate="0" complexity="0">
      <classes>
        <class name="Playground\Matrix\Api\Policies\TicketPolicy" filename="Policies/TicketPolicy.php" line-rate="0" branch-rate="0" complexity="0">
          <methods/>
          <lines/>
        </class>
      </classes>
    </package>
    <package name="Policies/VersionPolicy.php" line-rate="0" branch-rate="0" complexity="0">
      <classes>
        <class name="Playground\Matrix\Api\Policies\VersionPolicy" filename="Policies/VersionPolicy.php" line-rate="0" branch-rate="0" complexity="0">
          <methods/>
          <lines/>
        </class>
      </classes>
    </package>
    <package name="ServiceProvider.php" line-rate="0.82882882882883" branch-rate="0" complexity="72">
      <classes>
        <class name="Playground\Matrix\Api\ServiceProvider" filename="ServiceProvider.php" line-rate="0.82882882882883" branch-rate="0" complexity="72">
          <methods>
            <method name="boot" signature="" line-rate="0.80769230769231" branch-rate="0" complexity="13">
              <lines>
                <line number="30" hits="557"/>
                <line number="32" hits="557"/>
                <line number="39" hits="557"/>
                <line number="40" hits="557"/>
                <line number="41" hits="557"/>
                <line number="43" hits="557"/>
                <line number="44" hits="557"/>
                <line number="47" hits="557"/>
                <line number="48" hits="557"/>
                <line number="49" hits="557"/>
                <line number="51" hits="557"/>
                <line number="54" hits="557"/>
                <line number="55" hits="0"/>
                <line number="56" hits="0"/>
                <line number="57" hits="0"/>
                <line number="58" hits="0"/>
                <line number="61" hits="557"/>
                <line number="63" hits="557"/>
                <line number="64" hits="557"/>
                <line number="65" hits="557"/>
                <line number="68" hits="557"/>
                <line number="69" hits="557"/>
                <line number="70" hits="557"/>
                <line number="74" hits="557"/>
                <line number="75" hits="0"/>
                <line number="78" hits="557"/>
              </lines>
            </method>
            <method name="register" signature="" line-rate="1" branch-rate="0" complexity="1">
              <lines>
                <line number="86" hits="557"/>
                <line number="87" hits="557"/>
                <line number="88" hits="557"/>
                <line number="89" hits="557"/>
              </lines>
            </method>
            <method name="setPolicies" signature="array $policies" line-rate="0.22222222222222" branch-rate="0" complexity="10">
              <lines>
                <line number="99" hits="557"/>
                <line number="100" hits="557"/>
                <line number="101" hits="0"/>
                <line number="102" hits="0"/>
                <line number="103" hits="0"/>
                <line number="104" hits="0"/>
                <line number="105" hits="0"/>
                <line number="106" hits="0"/>
                <line number="108" hits="0"/>
                <line number="110" hits="557"/>
                <line number="111" hits="0"/>
                <line number="112" hits="0"/>
                <line number="113" hits="0"/>
                <line number="114" hits="0"/>
                <line number="115" hits="0"/>
                <line number="116" hits="0"/>
                <line number="118" hits="0"/>
                <line number="120" hits="557"/>
              </lines>
            </method>
            <method name="routes" signature="array $config" line-rate="1" branch-rate="0" complexity="16">
              <lines>
                <line number="129" hits="557"/>
                <line number="130" hits="557"/>
                <line number="132" hits="557"/>
                <line number="133" hits="557"/>
                <line number="135" hits="557"/>
                <line number="136" hits="557"/>
                <line number="138" hits="557"/>
                <line number="139" hits="557"/>
                <line number="141" hits="557"/>
                <line number="142" hits="557"/>
                <line number="144" hits="557"/>
                <line number="145" hits="557"/>
                <line number="147" hits="557"/>
                <line number="148" hits="557"/>
                <line number="150" hits="557"/>
                <line number="151" hits="557"/>
                <line number="153" hits="557"/>
                <line number="154" hits="557"/>
                <line number="156" hits="557"/>
                <line number="157" hits="557"/>
                <line number="159" hits="557"/>
                <line number="160" hits="557"/>
                <line number="162" hits="557"/>
                <line number="163" hits="557"/>
                <line number="165" hits="557"/>
                <line number="166" hits="557"/>
                <line number="168" hits="557"/>
                <line number="169" hits="557"/>
                <line number="171" hits="557"/>
                <line number="172" hits="557"/>
              </lines>
            </method>
            <method name="about" signature="" line-rate="1" branch-rate="0" complexity="31">
              <lines>
                <line number="178" hits="557"/>
                <line number="179" hits="557"/>
                <line number="181" hits="557"/>
                <line number="183" hits="557"/>
                <line number="185" hits="557"/>
                <line number="187" hits="557"/>
                <line number="189" hits="557"/>
                <line number="191" hits="557"/>
                <line number="192" hits="557"/>
                <line number="193" hits="557"/>
                <line number="195" hits="557"/>
                <line number="196" hits="557"/>
                <line number="197" hits="557"/>
                <line number="199" hits="557"/>
                <line number="200" hits="557"/>
                <line number="201" hits="557"/>
                <line number="202" hits="557"/>
                <line number="203" hits="557"/>
                <line number="204" hits="557"/>
                <line number="205" hits="557"/>
                <line number="206" hits="557"/>
                <line number="207" hits="557"/>
                <line number="208" hits="557"/>
                <line number="209" hits="557"/>
                <line number="210" hits="557"/>
                <line number="211" hits="557"/>
                <line number="212" hits="557"/>
                <line number="213" hits="557"/>
                <line number="214" hits="557"/>
                <line number="216" hits="557"/>
                <line number="217" hits="557"/>
                <line number="218" hits="557"/>
              </lines>
            </method>
            <method name="version" signature="" line-rate="1" branch-rate="0" complexity="1">
              <lines>
                <line number="223" hits="557"/>
              </lines>
            </method>
          </methods>
          <lines>
            <line number="30" hits="557"/>
            <line number="32" hits="557"/>
            <line number="39" hits="557"/>
            <line number="40" hits="557"/>
            <line number="41" hits="557"/>
            <line number="43" hits="557"/>
            <line number="44" hits="557"/>
            <line number="47" hits="557"/>
            <line number="48" hits="557"/>
            <line number="49" hits="557"/>
            <line number="51" hits="557"/>
            <line number="54" hits="557"/>
            <line number="55" hits="0"/>
            <line number="56" hits="0"/>
            <line number="57" hits="0"/>
            <line number="58" hits="0"/>
            <line number="61" hits="557"/>
            <line number="63" hits="557"/>
            <line number="64" hits="557"/>
            <line number="65" hits="557"/>
            <line number="68" hits="557"/>
            <line number="69" hits="557"/>
            <line number="70" hits="557"/>
            <line number="74" hits="557"/>
            <line number="75" hits="0"/>
            <line number="78" hits="557"/>
            <line number="86" hits="557"/>
            <line number="87" hits="557"/>
            <line number="88" hits="557"/>
            <line number="89" hits="557"/>
            <line number="99" hits="557"/>
            <line number="100" hits="557"/>
            <line number="101" hits="0"/>
            <line number="102" hits="0"/>
            <line number="103" hits="0"/>
            <line number="104" hits="0"/>
            <line number="105" hits="0"/>
            <line number="106" hits="0"/>
            <line number="108" hits="0"/>
            <line number="110" hits="557"/>
            <line number="111" hits="0"/>
            <line number="112" hits="0"/>
            <line number="113" hits="0"/>
            <line number="114" hits="0"/>
            <line number="115" hits="0"/>
            <line number="116" hits="0"/>
            <line number="118" hits="0"/>
            <line number="120" hits="557"/>
            <line number="129" hits="557"/>
            <line number="130" hits="557"/>
            <line number="132" hits="557"/>
            <line number="133" hits="557"/>
            <line number="135" hits="557"/>
            <line number="136" hits="557"/>
            <line number="138" hits="557"/>
            <line number="139" hits="557"/>
            <line number="141" hits="557"/>
            <line number="142" hits="557"/>
            <line number="144" hits="557"/>
            <line number="145" hits="557"/>
            <line number="147" hits="557"/>
            <line number="148" hits="557"/>
            <line number="150" hits="557"/>
            <line number="151" hits="557"/>
            <line number="153" hits="557"/>
            <line number="154" hits="557"/>
            <line number="156" hits="557"/>
            <line number="157" hits="557"/>
            <line number="159" hits="557"/>
            <line number="160" hits="557"/>
            <line number="162" hits="557"/>
            <line number="163" hits="557"/>
            <line number="165" hits="557"/>
            <line number="166" hits="557"/>
            <line number="168" hits="557"/>
            <line number="169" hits="557"/>
            <line number="171" hits="557"/>
            <line number="172" hits="557"/>
            <line number="178" hits="557"/>
            <line number="179" hits="557"/>
            <line number="181" hits="557"/>
            <line number="183" hits="557"/>
            <line number="185" hits="557"/>
            <line number="187" hits="557"/>
            <line number="189" hits="557"/>
            <line number="191" hits="557"/>
            <line number="192" hits="557"/>
            <line number="193" hits="557"/>
            <line number="195" hits="557"/>
            <line number="196" hits="557"/>
            <line number="197" hits="557"/>
            <line number="199" hits="557"/>
            <line number="200" hits="557"/>
            <line number="201" hits="557"/>
            <line number="202" hits="557"/>
            <line number="203" hits="557"/>
            <line number="204" hits="557"/>
            <line number="205" hits="557"/>
            <line number="206" hits="557"/>
            <line number="207" hits="557"/>
            <line number="208" hits="557"/>
            <line number="209" hits="557"/>
            <line number="210" hits="557"/>
            <line number="211" hits="557"/>
            <line number="212" hits="557"/>
            <line number="213" hits="557"/>
            <line number="214" hits="557"/>
            <line number="216" hits="557"/>
            <line number="217" hits="557"/>
            <line number="218" hits="557"/>
            <line number="223" hits="557"/>
          </lines>
        </class>
      </classes>
    </package>
  </packages>
</coverage>
