<?xml version="1.0" encoding="UTF-8"?>
<testsuites>
  <testsuite name="/app/phpunit-ci.xml" tests="811" assertions="16240" errors="0" failures="0" skipped="0" time="266.546759">
    <testsuite name="Unit" tests="249" assertions="414" errors="0" failures="0" skipped="0" time="14.357235">
      <testsuite name="Tests\Unit\Playground\Matrix\Api\Http\Requests\Backlog\CreateRequestTest" file="/app/tests/Unit/Http/Requests/Backlog/CreateRequestTest.php" tests="1" assertions="1" errors="0" failures="0" skipped="0" time="0.371632">
        <testcase name="test_request_instance" file="/app/vendor/gammamatrix/playground-test/src/Unit/Http/Requests/RequestCase.php" line="41" class="Tests\Unit\Playground\Matrix\Api\Http\Requests\Backlog\CreateRequestTest" classname="Tests.Unit.Playground.Matrix.Api.Http.Requests.Backlog.CreateRequestTest" assertions="1" time="0.371632"/>
      </testsuite>
      <testsuite name="Tests\Unit\Playground\Matrix\Api\Http\Requests\Backlog\DestroyRequestTest" file="/app/tests/Unit/Http/Requests/Backlog/DestroyRequestTest.php" tests="1" assertions="1" errors="0" failures="0" skipped="0" time="0.049927">
        <testcase name="test_request_instance" file="/app/vendor/gammamatrix/playground-test/src/Unit/Http/Requests/RequestCase.php" line="41" class="Tests\Unit\Playground\Matrix\Api\Http\Requests\Backlog\DestroyRequestTest" classname="Tests.Unit.Playground.Matrix.Api.Http.Requests.Backlog.DestroyRequestTest" assertions="1" time="0.049927"/>
      </testsuite>
      <testsuite name="Tests\Unit\Playground\Matrix\Api\Http\Requests\Backlog\EditRequestTest" file="/app/tests/Unit/Http/Requests/Backlog/EditRequestTest.php" tests="1" assertions="1" errors="0" failures="0" skipped="0" time="0.066405">
        <testcase name="test_request_instance" file="/app/vendor/gammamatrix/playground-test/src/Unit/Http/Requests/RequestCase.php" line="41" class="Tests\Unit\Playground\Matrix\Api\Http\Requests\Backlog\EditRequestTest" classname="Tests.Unit.Playground.Matrix.Api.Http.Requests.Backlog.EditRequestTest" assertions="1" time="0.066405"/>
      </testsuite>
      <testsuite name="Tests\Unit\Playground\Matrix\Api\Http\Requests\Backlog\IndexRequestTest" file="/app/tests/Unit/Http/Requests/Backlog/IndexRequestTest.php" tests="1" assertions="1" errors="0" failures="0" skipped="0" time="0.117136">
        <testcase name="test_request_instance" file="/app/vendor/gammamatrix/playground-test/src/Unit/Http/Requests/RequestCase.php" line="41" class="Tests\Unit\Playground\Matrix\Api\Http\Requests\Backlog\IndexRequestTest" classname="Tests.Unit.Playground.Matrix.Api.Http.Requests.Backlog.IndexRequestTest" assertions="1" time="0.117136"/>
      </testsuite>
      <testsuite name="Tests\Unit\Playground\Matrix\Api\Http\Requests\Backlog\LockRequestTest" file="/app/tests/Unit/Http/Requests/Backlog/LockRequestTest.php" tests="1" assertions="1" errors="0" failures="0" skipped="0" time="0.048605">
        <testcase name="test_request_instance" file="/app/vendor/gammamatrix/playground-test/src/Unit/Http/Requests/RequestCase.php" line="41" class="Tests\Unit\Playground\Matrix\Api\Http\Requests\Backlog\LockRequestTest" classname="Tests.Unit.Playground.Matrix.Api.Http.Requests.Backlog.LockRequestTest" assertions="1" time="0.048605"/>
      </testsuite>
      <testsuite name="Tests\Unit\Playground\Matrix\Api\Http\Requests\Backlog\RestoreRequestTest" file="/app/tests/Unit/Http/Requests/Backlog/RestoreRequestTest.php" tests="1" assertions="1" errors="0" failures="0" skipped="0" time="0.046219">
        <testcase name="test_request_instance" file="/app/vendor/gammamatrix/playground-test/src/Unit/Http/Requests/RequestCase.php" line="41" class="Tests\Unit\Playground\Matrix\Api\Http\Requests\Backlog\RestoreRequestTest" classname="Tests.Unit.Playground.Matrix.Api.Http.Requests.Backlog.RestoreRequestTest" assertions="1" time="0.046219"/>
      </testsuite>
      <testsuite name="Tests\Unit\Playground\Matrix\Api\Http\Requests\Backlog\ShowRequestTest" file="/app/tests/Unit/Http/Requests/Backlog/ShowRequestTest.php" tests="1" assertions="1" errors="0" failures="0" skipped="0" time="0.045885">
        <testcase name="test_request_instance" file="/app/vendor/gammamatrix/playground-test/src/Unit/Http/Requests/RequestCase.php" line="41" class="Tests\Unit\Playground\Matrix\Api\Http\Requests\Backlog\ShowRequestTest" classname="Tests.Unit.Playground.Matrix.Api.Http.Requests.Backlog.ShowRequestTest" assertions="1" time="0.045885"/>
      </testsuite>
      <testsuite name="Tests\Unit\Playground\Matrix\Api\Http\Requests\Backlog\StoreRequestTest" file="/app/tests/Unit/Http/Requests/Backlog/StoreRequestTest.php" tests="3" assertions="8" errors="0" failures="0" skipped="0" time="0.164559">
        <testcase name="test_request_instance" file="/app/vendor/gammamatrix/playground-test/src/Unit/Http/Requests/RequestCase.php" line="41" class="Tests\Unit\Playground\Matrix\Api\Http\Requests\Backlog\StoreRequestTest" classname="Tests.Unit.Playground.Matrix.Api.Http.Requests.Backlog.StoreRequestTest" assertions="1" time="0.071526"/>
        <testcase name="test_StoreRequest_rules_with_optional_revisions_disabled" file="/app/tests/Unit/Http/Requests/Backlog/StoreRequestTest.php" line="19" class="Tests\Unit\Playground\Matrix\Api\Http\Requests\Backlog\StoreRequestTest" classname="Tests.Unit.Playground.Matrix.Api.Http.Requests.Backlog.StoreRequestTest" assertions="3" time="0.047010"/>
        <testcase name="test_StoreRequest_rules_with_optional_revisions_enabled" file="/app/tests/Unit/Http/Requests/Backlog/StoreRequestTest.php" line="29" class="Tests\Unit\Playground\Matrix\Api\Http\Requests\Backlog\StoreRequestTest" classname="Tests.Unit.Playground.Matrix.Api.Http.Requests.Backlog.StoreRequestTest" assertions="4" time="0.046024"/>
      </testsuite>
      <testsuite name="Tests\Unit\Playground\Matrix\Api\Http\Requests\Backlog\UnlockRequestTest" file="/app/tests/Unit/Http/Requests/Backlog/UnlockRequestTest.php" tests="1" assertions="1" errors="0" failures="0" skipped="0" time="0.047569">
        <testcase name="test_request_instance" file="/app/vendor/gammamatrix/playground-test/src/Unit/Http/Requests/RequestCase.php" line="41" class="Tests\Unit\Playground\Matrix\Api\Http\Requests\Backlog\UnlockRequestTest" classname="Tests.Unit.Playground.Matrix.Api.Http.Requests.Backlog.UnlockRequestTest" assertions="1" time="0.047569"/>
      </testsuite>
      <testsuite name="Tests\Unit\Playground\Matrix\Api\Http\Requests\Backlog\UpdateRequestTest" file="/app/tests/Unit/Http/Requests/Backlog/UpdateRequestTest.php" tests="3" assertions="8" errors="0" failures="0" skipped="0" time="0.160457">
        <testcase name="test_request_instance" file="/app/vendor/gammamatrix/playground-test/src/Unit/Http/Requests/RequestCase.php" line="41" class="Tests\Unit\Playground\Matrix\Api\Http\Requests\Backlog\UpdateRequestTest" classname="Tests.Unit.Playground.Matrix.Api.Http.Requests.Backlog.UpdateRequestTest" assertions="1" time="0.069670"/>
        <testcase name="test_UpdateRequest_rules_with_optional_revisions_disabled" file="/app/tests/Unit/Http/Requests/Backlog/UpdateRequestTest.php" line="19" class="Tests\Unit\Playground\Matrix\Api\Http\Requests\Backlog\UpdateRequestTest" classname="Tests.Unit.Playground.Matrix.Api.Http.Requests.Backlog.UpdateRequestTest" assertions="3" time="0.045250"/>
        <testcase name="test_UpdateRequest_rules_with_optional_revisions_enabled" file="/app/tests/Unit/Http/Requests/Backlog/UpdateRequestTest.php" line="29" class="Tests\Unit\Playground\Matrix\Api\Http\Requests\Backlog\UpdateRequestTest" classname="Tests.Unit.Playground.Matrix.Api.Http.Requests.Backlog.UpdateRequestTest" assertions="4" time="0.045537"/>
      </testsuite>
      <testsuite name="Tests\Unit\Playground\Matrix\Api\Http\Requests\Board\CreateRequestTest" file="/app/tests/Unit/Http/Requests/Board/CreateRequestTest.php" tests="1" assertions="1" errors="0" failures="0" skipped="0" time="0.068499">
        <testcase name="test_request_instance" file="/app/vendor/gammamatrix/playground-test/src/Unit/Http/Requests/RequestCase.php" line="41" class="Tests\Unit\Playground\Matrix\Api\Http\Requests\Board\CreateRequestTest" classname="Tests.Unit.Playground.Matrix.Api.Http.Requests.Board.CreateRequestTest" assertions="1" time="0.068499"/>
      </testsuite>
      <testsuite name="Tests\Unit\Playground\Matrix\Api\Http\Requests\Board\DestroyRequestTest" file="/app/tests/Unit/Http/Requests/Board/DestroyRequestTest.php" tests="1" assertions="1" errors="0" failures="0" skipped="0" time="0.048070">
        <testcase name="test_request_instance" file="/app/vendor/gammamatrix/playground-test/src/Unit/Http/Requests/RequestCase.php" line="41" class="Tests\Unit\Playground\Matrix\Api\Http\Requests\Board\DestroyRequestTest" classname="Tests.Unit.Playground.Matrix.Api.Http.Requests.Board.DestroyRequestTest" assertions="1" time="0.048070"/>
      </testsuite>
      <testsuite name="Tests\Unit\Playground\Matrix\Api\Http\Requests\Board\EditRequestTest" file="/app/tests/Unit/Http/Requests/Board/EditRequestTest.php" tests="1" assertions="1" errors="0" failures="0" skipped="0" time="0.064524">
        <testcase name="test_request_instance" file="/app/vendor/gammamatrix/playground-test/src/Unit/Http/Requests/RequestCase.php" line="41" class="Tests\Unit\Playground\Matrix\Api\Http\Requests\Board\EditRequestTest" classname="Tests.Unit.Playground.Matrix.Api.Http.Requests.Board.EditRequestTest" assertions="1" time="0.064524"/>
      </testsuite>
      <testsuite name="Tests\Unit\Playground\Matrix\Api\Http\Requests\Board\IndexRequestTest" file="/app/tests/Unit/Http/Requests/Board/IndexRequestTest.php" tests="1" assertions="1" errors="0" failures="0" skipped="0" time="0.115523">
        <testcase name="test_request_instance" file="/app/vendor/gammamatrix/playground-test/src/Unit/Http/Requests/RequestCase.php" line="41" class="Tests\Unit\Playground\Matrix\Api\Http\Requests\Board\IndexRequestTest" classname="Tests.Unit.Playground.Matrix.Api.Http.Requests.Board.IndexRequestTest" assertions="1" time="0.115523"/>
      </testsuite>
      <testsuite name="Tests\Unit\Playground\Matrix\Api\Http\Requests\Board\LockRequestTest" file="/app/tests/Unit/Http/Requests/Board/LockRequestTest.php" tests="1" assertions="1" errors="0" failures="0" skipped="0" time="0.047127">
        <testcase name="test_request_instance" file="/app/vendor/gammamatrix/playground-test/src/Unit/Http/Requests/RequestCase.php" line="41" class="Tests\Unit\Playground\Matrix\Api\Http\Requests\Board\LockRequestTest" classname="Tests.Unit.Playground.Matrix.Api.Http.Requests.Board.LockRequestTest" assertions="1" time="0.047127"/>
      </testsuite>
      <testsuite name="Tests\Unit\Playground\Matrix\Api\Http\Requests\Board\RestoreRequestTest" file="/app/tests/Unit/Http/Requests/Board/RestoreRequestTest.php" tests="1" assertions="1" errors="0" failures="0" skipped="0" time="0.046738">
        <testcase name="test_request_instance" file="/app/vendor/gammamatrix/playground-test/src/Unit/Http/Requests/RequestCase.php" line="41" class="Tests\Unit\Playground\Matrix\Api\Http\Requests\Board\RestoreRequestTest" classname="Tests.Unit.Playground.Matrix.Api.Http.Requests.Board.RestoreRequestTest" assertions="1" time="0.046738"/>
      </testsuite>
      <testsuite name="Tests\Unit\Playground\Matrix\Api\Http\Requests\Board\ShowRequestTest" file="/app/tests/Unit/Http/Requests/Board/ShowRequestTest.php" tests="1" assertions="1" errors="0" failures="0" skipped="0" time="0.047503">
        <testcase name="test_request_instance" file="/app/vendor/gammamatrix/playground-test/src/Unit/Http/Requests/RequestCase.php" line="41" class="Tests\Unit\Playground\Matrix\Api\Http\Requests\Board\ShowRequestTest" classname="Tests.Unit.Playground.Matrix.Api.Http.Requests.Board.ShowRequestTest" assertions="1" time="0.047503"/>
      </testsuite>
      <testsuite name="Tests\Unit\Playground\Matrix\Api\Http\Requests\Board\StoreRequestTest" file="/app/tests/Unit/Http/Requests/Board/StoreRequestTest.php" tests="3" assertions="8" errors="0" failures="0" skipped="0" time="0.162729">
        <testcase name="test_request_instance" file="/app/vendor/gammamatrix/playground-test/src/Unit/Http/Requests/RequestCase.php" line="41" class="Tests\Unit\Playground\Matrix\Api\Http\Requests\Board\StoreRequestTest" classname="Tests.Unit.Playground.Matrix.Api.Http.Requests.Board.StoreRequestTest" assertions="1" time="0.069483"/>
        <testcase name="test_StoreRequest_rules_with_optional_revisions_disabled" file="/app/tests/Unit/Http/Requests/Board/StoreRequestTest.php" line="19" class="Tests\Unit\Playground\Matrix\Api\Http\Requests\Board\StoreRequestTest" classname="Tests.Unit.Playground.Matrix.Api.Http.Requests.Board.StoreRequestTest" assertions="3" time="0.045478"/>
        <testcase name="test_StoreRequest_rules_with_optional_revisions_enabled" file="/app/tests/Unit/Http/Requests/Board/StoreRequestTest.php" line="29" class="Tests\Unit\Playground\Matrix\Api\Http\Requests\Board\StoreRequestTest" classname="Tests.Unit.Playground.Matrix.Api.Http.Requests.Board.StoreRequestTest" assertions="4" time="0.047768"/>
      </testsuite>
      <testsuite name="Tests\Unit\Playground\Matrix\Api\Http\Requests\Board\UnlockRequestTest" file="/app/tests/Unit/Http/Requests/Board/UnlockRequestTest.php" tests="1" assertions="1" errors="0" failures="0" skipped="0" time="0.048322">
        <testcase name="test_request_instance" file="/app/vendor/gammamatrix/playground-test/src/Unit/Http/Requests/RequestCase.php" line="41" class="Tests\Unit\Playground\Matrix\Api\Http\Requests\Board\UnlockRequestTest" classname="Tests.Unit.Playground.Matrix.Api.Http.Requests.Board.UnlockRequestTest" assertions="1" time="0.048322"/>
      </testsuite>
      <testsuite name="Tests\Unit\Playground\Matrix\Api\Http\Requests\Board\UpdateRequestTest" file="/app/tests/Unit/Http/Requests/Board/UpdateRequestTest.php" tests="3" assertions="8" errors="0" failures="0" skipped="0" time="0.159097">
        <testcase name="test_request_instance" file="/app/vendor/gammamatrix/playground-test/src/Unit/Http/Requests/RequestCase.php" line="41" class="Tests\Unit\Playground\Matrix\Api\Http\Requests\Board\UpdateRequestTest" classname="Tests.Unit.Playground.Matrix.Api.Http.Requests.Board.UpdateRequestTest" assertions="1" time="0.068693"/>
        <testcase name="test_UpdateRequest_rules_with_optional_revisions_disabled" file="/app/tests/Unit/Http/Requests/Board/UpdateRequestTest.php" line="19" class="Tests\Unit\Playground\Matrix\Api\Http\Requests\Board\UpdateRequestTest" classname="Tests.Unit.Playground.Matrix.Api.Http.Requests.Board.UpdateRequestTest" assertions="3" time="0.045138"/>
        <testcase name="test_UpdateRequest_rules_with_optional_revisions_enabled" file="/app/tests/Unit/Http/Requests/Board/UpdateRequestTest.php" line="29" class="Tests\Unit\Playground\Matrix\Api\Http\Requests\Board\UpdateRequestTest" classname="Tests.Unit.Playground.Matrix.Api.Http.Requests.Board.UpdateRequestTest" assertions="4" time="0.045266"/>
      </testsuite>
      <testsuite name="Tests\Unit\Playground\Matrix\Api\Http\Requests\Epic\CreateRequestTest" file="/app/tests/Unit/Http/Requests/Epic/CreateRequestTest.php" tests="1" assertions="1" errors="0" failures="0" skipped="0" time="0.066732">
        <testcase name="test_request_instance" file="/app/vendor/gammamatrix/playground-test/src/Unit/Http/Requests/RequestCase.php" line="41" class="Tests\Unit\Playground\Matrix\Api\Http\Requests\Epic\CreateRequestTest" classname="Tests.Unit.Playground.Matrix.Api.Http.Requests.Epic.CreateRequestTest" assertions="1" time="0.066732"/>
      </testsuite>
      <testsuite name="Tests\Unit\Playground\Matrix\Api\Http\Requests\Epic\DestroyRequestTest" file="/app/tests/Unit/Http/Requests/Epic/DestroyRequestTest.php" tests="1" assertions="1" errors="0" failures="0" skipped="0" time="0.048034">
        <testcase name="test_request_instance" file="/app/vendor/gammamatrix/playground-test/src/Unit/Http/Requests/RequestCase.php" line="41" class="Tests\Unit\Playground\Matrix\Api\Http\Requests\Epic\DestroyRequestTest" classname="Tests.Unit.Playground.Matrix.Api.Http.Requests.Epic.DestroyRequestTest" assertions="1" time="0.048034"/>
      </testsuite>
      <testsuite name="Tests\Unit\Playground\Matrix\Api\Http\Requests\Epic\EditRequestTest" file="/app/tests/Unit/Http/Requests/Epic/EditRequestTest.php" tests="1" assertions="1" errors="0" failures="0" skipped="0" time="0.064673">
        <testcase name="test_request_instance" file="/app/vendor/gammamatrix/playground-test/src/Unit/Http/Requests/RequestCase.php" line="41" class="Tests\Unit\Playground\Matrix\Api\Http\Requests\Epic\EditRequestTest" classname="Tests.Unit.Playground.Matrix.Api.Http.Requests.Epic.EditRequestTest" assertions="1" time="0.064673"/>
      </testsuite>
      <testsuite name="Tests\Unit\Playground\Matrix\Api\Http\Requests\Epic\IndexRequestTest" file="/app/tests/Unit/Http/Requests/Epic/IndexRequestTest.php" tests="1" assertions="1" errors="0" failures="0" skipped="0" time="0.115758">
        <testcase name="test_request_instance" file="/app/vendor/gammamatrix/playground-test/src/Unit/Http/Requests/RequestCase.php" line="41" class="Tests\Unit\Playground\Matrix\Api\Http\Requests\Epic\IndexRequestTest" classname="Tests.Unit.Playground.Matrix.Api.Http.Requests.Epic.IndexRequestTest" assertions="1" time="0.115758"/>
      </testsuite>
      <testsuite name="Tests\Unit\Playground\Matrix\Api\Http\Requests\Epic\LockRequestTest" file="/app/tests/Unit/Http/Requests/Epic/LockRequestTest.php" tests="1" assertions="1" errors="0" failures="0" skipped="0" time="0.048800">
        <testcase name="test_request_instance" file="/app/vendor/gammamatrix/playground-test/src/Unit/Http/Requests/RequestCase.php" line="41" class="Tests\Unit\Playground\Matrix\Api\Http\Requests\Epic\LockRequestTest" classname="Tests.Unit.Playground.Matrix.Api.Http.Requests.Epic.LockRequestTest" assertions="1" time="0.048800"/>
      </testsuite>
      <testsuite name="Tests\Unit\Playground\Matrix\Api\Http\Requests\Epic\RestoreRequestTest" file="/app/tests/Unit/Http/Requests/Epic/RestoreRequestTest.php" tests="1" assertions="1" errors="0" failures="0" skipped="0" time="0.048340">
        <testcase name="test_request_instance" file="/app/vendor/gammamatrix/playground-test/src/Unit/Http/Requests/RequestCase.php" line="41" class="Tests\Unit\Playground\Matrix\Api\Http\Requests\Epic\RestoreRequestTest" classname="Tests.Unit.Playground.Matrix.Api.Http.Requests.Epic.RestoreRequestTest" assertions="1" time="0.048340"/>
      </testsuite>
      <testsuite name="Tests\Unit\Playground\Matrix\Api\Http\Requests\Epic\ShowRequestTest" file="/app/tests/Unit/Http/Requests/Epic/ShowRequestTest.php" tests="1" assertions="1" errors="0" failures="0" skipped="0" time="0.046611">
        <testcase name="test_request_instance" file="/app/vendor/gammamatrix/playground-test/src/Unit/Http/Requests/RequestCase.php" line="41" class="Tests\Unit\Playground\Matrix\Api\Http\Requests\Epic\ShowRequestTest" classname="Tests.Unit.Playground.Matrix.Api.Http.Requests.Epic.ShowRequestTest" assertions="1" time="0.046611"/>
      </testsuite>
      <testsuite name="Tests\Unit\Playground\Matrix\Api\Http\Requests\Epic\StoreRequestTest" file="/app/tests/Unit/Http/Requests/Epic/StoreRequestTest.php" tests="3" assertions="8" errors="0" failures="0" skipped="0" time="0.162350">
        <testcase name="test_request_instance" file="/app/vendor/gammamatrix/playground-test/src/Unit/Http/Requests/RequestCase.php" line="41" class="Tests\Unit\Playground\Matrix\Api\Http\Requests\Epic\StoreRequestTest" classname="Tests.Unit.Playground.Matrix.Api.Http.Requests.Epic.StoreRequestTest" assertions="1" time="0.071904"/>
        <testcase name="test_StoreRequest_rules_with_optional_revisions_disabled" file="/app/tests/Unit/Http/Requests/Epic/StoreRequestTest.php" line="19" class="Tests\Unit\Playground\Matrix\Api\Http\Requests\Epic\StoreRequestTest" classname="Tests.Unit.Playground.Matrix.Api.Http.Requests.Epic.StoreRequestTest" assertions="3" time="0.045019"/>
        <testcase name="test_StoreRequest_rules_with_optional_revisions_enabled" file="/app/tests/Unit/Http/Requests/Epic/StoreRequestTest.php" line="29" class="Tests\Unit\Playground\Matrix\Api\Http\Requests\Epic\StoreRequestTest" classname="Tests.Unit.Playground.Matrix.Api.Http.Requests.Epic.StoreRequestTest" assertions="4" time="0.045426"/>
      </testsuite>
      <testsuite name="Tests\Unit\Playground\Matrix\Api\Http\Requests\Epic\UnlockRequestTest" file="/app/tests/Unit/Http/Requests/Epic/UnlockRequestTest.php" tests="1" assertions="1" errors="0" failures="0" skipped="0" time="0.046451">
        <testcase name="test_request_instance" file="/app/vendor/gammamatrix/playground-test/src/Unit/Http/Requests/RequestCase.php" line="41" class="Tests\Unit\Playground\Matrix\Api\Http\Requests\Epic\UnlockRequestTest" classname="Tests.Unit.Playground.Matrix.Api.Http.Requests.Epic.UnlockRequestTest" assertions="1" time="0.046451"/>
      </testsuite>
      <testsuite name="Tests\Unit\Playground\Matrix\Api\Http\Requests\Epic\UpdateRequestTest" file="/app/tests/Unit/Http/Requests/Epic/UpdateRequestTest.php" tests="3" assertions="8" errors="0" failures="0" skipped="0" time="0.159499">
        <testcase name="test_request_instance" file="/app/vendor/gammamatrix/playground-test/src/Unit/Http/Requests/RequestCase.php" line="41" class="Tests\Unit\Playground\Matrix\Api\Http\Requests\Epic\UpdateRequestTest" classname="Tests.Unit.Playground.Matrix.Api.Http.Requests.Epic.UpdateRequestTest" assertions="1" time="0.068110"/>
        <testcase name="test_UpdateRequest_rules_with_optional_revisions_disabled" file="/app/tests/Unit/Http/Requests/Epic/UpdateRequestTest.php" line="19" class="Tests\Unit\Playground\Matrix\Api\Http\Requests\Epic\UpdateRequestTest" classname="Tests.Unit.Playground.Matrix.Api.Http.Requests.Epic.UpdateRequestTest" assertions="3" time="0.045695"/>
        <testcase name="test_UpdateRequest_rules_with_optional_revisions_enabled" file="/app/tests/Unit/Http/Requests/Epic/UpdateRequestTest.php" line="29" class="Tests\Unit\Playground\Matrix\Api\Http\Requests\Epic\UpdateRequestTest" classname="Tests.Unit.Playground.Matrix.Api.Http.Requests.Epic.UpdateRequestTest" assertions="4" time="0.045694"/>
      </testsuite>
      <testsuite name="Tests\Unit\Playground\Matrix\Api\Http\Requests\Flow\CreateRequestTest" file="/app/tests/Unit/Http/Requests/Flow/CreateRequestTest.php" tests="1" assertions="1" errors="0" failures="0" skipped="0" time="0.063991">
        <testcase name="test_request_instance" file="/app/vendor/gammamatrix/playground-test/src/Unit/Http/Requests/RequestCase.php" line="41" class="Tests\Unit\Playground\Matrix\Api\Http\Requests\Flow\CreateRequestTest" classname="Tests.Unit.Playground.Matrix.Api.Http.Requests.Flow.CreateRequestTest" assertions="1" time="0.063991"/>
      </testsuite>
      <testsuite name="Tests\Unit\Playground\Matrix\Api\Http\Requests\Flow\DestroyRequestTest" file="/app/tests/Unit/Http/Requests/Flow/DestroyRequestTest.php" tests="1" assertions="1" errors="0" failures="0" skipped="0" time="0.048244">
        <testcase name="test_request_instance" file="/app/vendor/gammamatrix/playground-test/src/Unit/Http/Requests/RequestCase.php" line="41" class="Tests\Unit\Playground\Matrix\Api\Http\Requests\Flow\DestroyRequestTest" classname="Tests.Unit.Playground.Matrix.Api.Http.Requests.Flow.DestroyRequestTest" assertions="1" time="0.048244"/>
      </testsuite>
      <testsuite name="Tests\Unit\Playground\Matrix\Api\Http\Requests\Flow\EditRequestTest" file="/app/tests/Unit/Http/Requests/Flow/EditRequestTest.php" tests="1" assertions="1" errors="0" failures="0" skipped="0" time="0.061002">
        <testcase name="test_request_instance" file="/app/vendor/gammamatrix/playground-test/src/Unit/Http/Requests/RequestCase.php" line="41" class="Tests\Unit\Playground\Matrix\Api\Http\Requests\Flow\EditRequestTest" classname="Tests.Unit.Playground.Matrix.Api.Http.Requests.Flow.EditRequestTest" assertions="1" time="0.061002"/>
      </testsuite>
      <testsuite name="Tests\Unit\Playground\Matrix\Api\Http\Requests\Flow\IndexRequestTest" file="/app/tests/Unit/Http/Requests/Flow/IndexRequestTest.php" tests="1" assertions="1" errors="0" failures="0" skipped="0" time="0.102893">
        <testcase name="test_request_instance" file="/app/vendor/gammamatrix/playground-test/src/Unit/Http/Requests/RequestCase.php" line="41" class="Tests\Unit\Playground\Matrix\Api\Http\Requests\Flow\IndexRequestTest" classname="Tests.Unit.Playground.Matrix.Api.Http.Requests.Flow.IndexRequestTest" assertions="1" time="0.102893"/>
      </testsuite>
      <testsuite name="Tests\Unit\Playground\Matrix\Api\Http\Requests\Flow\LockRequestTest" file="/app/tests/Unit/Http/Requests/Flow/LockRequestTest.php" tests="1" assertions="1" errors="0" failures="0" skipped="0" time="0.047249">
        <testcase name="test_request_instance" file="/app/vendor/gammamatrix/playground-test/src/Unit/Http/Requests/RequestCase.php" line="41" class="Tests\Unit\Playground\Matrix\Api\Http\Requests\Flow\LockRequestTest" classname="Tests.Unit.Playground.Matrix.Api.Http.Requests.Flow.LockRequestTest" assertions="1" time="0.047249"/>
      </testsuite>
      <testsuite name="Tests\Unit\Playground\Matrix\Api\Http\Requests\Flow\RestoreRequestTest" file="/app/tests/Unit/Http/Requests/Flow/RestoreRequestTest.php" tests="1" assertions="1" errors="0" failures="0" skipped="0" time="0.046584">
        <testcase name="test_request_instance" file="/app/vendor/gammamatrix/playground-test/src/Unit/Http/Requests/RequestCase.php" line="41" class="Tests\Unit\Playground\Matrix\Api\Http\Requests\Flow\RestoreRequestTest" classname="Tests.Unit.Playground.Matrix.Api.Http.Requests.Flow.RestoreRequestTest" assertions="1" time="0.046584"/>
      </testsuite>
      <testsuite name="Tests\Unit\Playground\Matrix\Api\Http\Requests\Flow\ShowRequestTest" file="/app/tests/Unit/Http/Requests/Flow/ShowRequestTest.php" tests="1" assertions="1" errors="0" failures="0" skipped="0" time="0.048706">
        <testcase name="test_request_instance" file="/app/vendor/gammamatrix/playground-test/src/Unit/Http/Requests/RequestCase.php" line="41" class="Tests\Unit\Playground\Matrix\Api\Http\Requests\Flow\ShowRequestTest" classname="Tests.Unit.Playground.Matrix.Api.Http.Requests.Flow.ShowRequestTest" assertions="1" time="0.048706"/>
      </testsuite>
      <testsuite name="Tests\Unit\Playground\Matrix\Api\Http\Requests\Flow\StoreRequestTest" file="/app/tests/Unit/Http/Requests/Flow/StoreRequestTest.php" tests="3" assertions="8" errors="0" failures="0" skipped="0" time="0.164332">
        <testcase name="test_request_instance" file="/app/vendor/gammamatrix/playground-test/src/Unit/Http/Requests/RequestCase.php" line="41" class="Tests\Unit\Playground\Matrix\Api\Http\Requests\Flow\StoreRequestTest" classname="Tests.Unit.Playground.Matrix.Api.Http.Requests.Flow.StoreRequestTest" assertions="1" time="0.069305"/>
        <testcase name="test_StoreRequest_rules_with_optional_revisions_disabled" file="/app/tests/Unit/Http/Requests/Flow/StoreRequestTest.php" line="19" class="Tests\Unit\Playground\Matrix\Api\Http\Requests\Flow\StoreRequestTest" classname="Tests.Unit.Playground.Matrix.Api.Http.Requests.Flow.StoreRequestTest" assertions="3" time="0.047128"/>
        <testcase name="test_StoreRequest_rules_with_optional_revisions_enabled" file="/app/tests/Unit/Http/Requests/Flow/StoreRequestTest.php" line="29" class="Tests\Unit\Playground\Matrix\Api\Http\Requests\Flow\StoreRequestTest" classname="Tests.Unit.Playground.Matrix.Api.Http.Requests.Flow.StoreRequestTest" assertions="4" time="0.047898"/>
      </testsuite>
      <testsuite name="Tests\Unit\Playground\Matrix\Api\Http\Requests\Flow\UnlockRequestTest" file="/app/tests/Unit/Http/Requests/Flow/UnlockRequestTest.php" tests="1" assertions="1" errors="0" failures="0" skipped="0" time="0.047881">
        <testcase name="test_request_instance" file="/app/vendor/gammamatrix/playground-test/src/Unit/Http/Requests/RequestCase.php" line="41" class="Tests\Unit\Playground\Matrix\Api\Http\Requests\Flow\UnlockRequestTest" classname="Tests.Unit.Playground.Matrix.Api.Http.Requests.Flow.UnlockRequestTest" assertions="1" time="0.047881"/>
      </testsuite>
      <testsuite name="Tests\Unit\Playground\Matrix\Api\Http\Requests\Flow\UpdateRequestTest" file="/app/tests/Unit/Http/Requests/Flow/UpdateRequestTest.php" tests="3" assertions="8" errors="0" failures="0" skipped="0" time="0.159112">
        <testcase name="test_request_instance" file="/app/vendor/gammamatrix/playground-test/src/Unit/Http/Requests/RequestCase.php" line="41" class="Tests\Unit\Playground\Matrix\Api\Http\Requests\Flow\UpdateRequestTest" classname="Tests.Unit.Playground.Matrix.Api.Http.Requests.Flow.UpdateRequestTest" assertions="1" time="0.065470"/>
        <testcase name="test_UpdateRequest_rules_with_optional_revisions_disabled" file="/app/tests/Unit/Http/Requests/Flow/UpdateRequestTest.php" line="19" class="Tests\Unit\Playground\Matrix\Api\Http\Requests\Flow\UpdateRequestTest" classname="Tests.Unit.Playground.Matrix.Api.Http.Requests.Flow.UpdateRequestTest" assertions="3" time="0.045639"/>
        <testcase name="test_UpdateRequest_rules_with_optional_revisions_enabled" file="/app/tests/Unit/Http/Requests/Flow/UpdateRequestTest.php" line="29" class="Tests\Unit\Playground\Matrix\Api\Http\Requests\Flow\UpdateRequestTest" classname="Tests.Unit.Playground.Matrix.Api.Http.Requests.Flow.UpdateRequestTest" assertions="4" time="0.048002"/>
      </testsuite>
      <testsuite name="Tests\Unit\Playground\Matrix\Api\Http\Requests\FormRequest\InstanceTest" file="/app/tests/Unit/Http/Requests/FormRequest/InstanceTest.php" tests="5" assertions="6" errors="0" failures="0" skipped="0" time="0.273890">
        <testcase name="test_FormRequest_authorize_without_user" file="/app/tests/Unit/Http/Requests/FormRequest/InstanceTest.php" line="21" class="Tests\Unit\Playground\Matrix\Api\Http\Requests\FormRequest\InstanceTest" classname="Tests.Unit.Playground.Matrix.Api.Http.Requests.FormRequest.InstanceTest" assertions="1" time="0.046309"/>
        <testcase name="test_RULES_is_empty_by_default" file="/app/tests/Unit/Http/Requests/FormRequest/InstanceTest.php" line="28" class="Tests\Unit\Playground\Matrix\Api\Http\Requests\FormRequest\InstanceTest" classname="Tests.Unit.Playground.Matrix.Api.Http.Requests.FormRequest.InstanceTest" assertions="2" time="0.051878"/>
        <testcase name="test_userHasAdminPrivileges_without_user" file="/app/tests/Unit/Http/Requests/FormRequest/InstanceTest.php" line="36" class="Tests\Unit\Playground\Matrix\Api\Http\Requests\FormRequest\InstanceTest" classname="Tests.Unit.Playground.Matrix.Api.Http.Requests.FormRequest.InstanceTest" assertions="1" time="0.047512"/>
        <testcase name="test_userHasAdminPrivileges_with_admin" file="/app/tests/Unit/Http/Requests/FormRequest/InstanceTest.php" line="43" class="Tests\Unit\Playground\Matrix\Api\Http\Requests\FormRequest\InstanceTest" classname="Tests.Unit.Playground.Matrix.Api.Http.Requests.FormRequest.InstanceTest" assertions="1" time="0.077332"/>
        <testcase name="test_userHasAdminPrivileges_with_default_laravel_user" file="/app/tests/Unit/Http/Requests/FormRequest/InstanceTest.php" line="55" class="Tests\Unit\Playground\Matrix\Api\Http\Requests\FormRequest\InstanceTest" classname="Tests.Unit.Playground.Matrix.Api.Http.Requests.FormRequest.InstanceTest" assertions="1" time="0.050860"/>
      </testsuite>
      <testsuite name="Tests\Unit\Playground\Matrix\Api\Http\Requests\Matrix\CreateRequestTest" file="/app/tests/Unit/Http/Requests/Matrix/CreateRequestTest.php" tests="1" assertions="1" errors="0" failures="0" skipped="0" time="0.061510">
        <testcase name="test_request_instance" file="/app/vendor/gammamatrix/playground-test/src/Unit/Http/Requests/RequestCase.php" line="41" class="Tests\Unit\Playground\Matrix\Api\Http\Requests\Matrix\CreateRequestTest" classname="Tests.Unit.Playground.Matrix.Api.Http.Requests.Matrix.CreateRequestTest" assertions="1" time="0.061510"/>
      </testsuite>
      <testsuite name="Tests\Unit\Playground\Matrix\Api\Http\Requests\Matrix\DestroyRequestTest" file="/app/tests/Unit/Http/Requests/Matrix/DestroyRequestTest.php" tests="1" assertions="1" errors="0" failures="0" skipped="0" time="0.048746">
        <testcase name="test_request_instance" file="/app/vendor/gammamatrix/playground-test/src/Unit/Http/Requests/RequestCase.php" line="41" class="Tests\Unit\Playground\Matrix\Api\Http\Requests\Matrix\DestroyRequestTest" classname="Tests.Unit.Playground.Matrix.Api.Http.Requests.Matrix.DestroyRequestTest" assertions="1" time="0.048746"/>
      </testsuite>
      <testsuite name="Tests\Unit\Playground\Matrix\Api\Http\Requests\Matrix\EditRequestTest" file="/app/tests/Unit/Http/Requests/Matrix/EditRequestTest.php" tests="1" assertions="1" errors="0" failures="0" skipped="0" time="0.060860">
        <testcase name="test_request_instance" file="/app/vendor/gammamatrix/playground-test/src/Unit/Http/Requests/RequestCase.php" line="41" class="Tests\Unit\Playground\Matrix\Api\Http\Requests\Matrix\EditRequestTest" classname="Tests.Unit.Playground.Matrix.Api.Http.Requests.Matrix.EditRequestTest" assertions="1" time="0.060860"/>
      </testsuite>
      <testsuite name="Tests\Unit\Playground\Matrix\Api\Http\Requests\Matrix\IndexRequestTest" file="/app/tests/Unit/Http/Requests/Matrix/IndexRequestTest.php" tests="1" assertions="1" errors="0" failures="0" skipped="0" time="0.100588">
        <testcase name="test_request_instance" file="/app/vendor/gammamatrix/playground-test/src/Unit/Http/Requests/RequestCase.php" line="41" class="Tests\Unit\Playground\Matrix\Api\Http\Requests\Matrix\IndexRequestTest" classname="Tests.Unit.Playground.Matrix.Api.Http.Requests.Matrix.IndexRequestTest" assertions="1" time="0.100588"/>
      </testsuite>
      <testsuite name="Tests\Unit\Playground\Matrix\Api\Http\Requests\Matrix\LockRequestTest" file="/app/tests/Unit/Http/Requests/Matrix/LockRequestTest.php" tests="1" assertions="1" errors="0" failures="0" skipped="0" time="0.048198">
        <testcase name="test_request_instance" file="/app/vendor/gammamatrix/playground-test/src/Unit/Http/Requests/RequestCase.php" line="41" class="Tests\Unit\Playground\Matrix\Api\Http\Requests\Matrix\LockRequestTest" classname="Tests.Unit.Playground.Matrix.Api.Http.Requests.Matrix.LockRequestTest" assertions="1" time="0.048198"/>
      </testsuite>
      <testsuite name="Tests\Unit\Playground\Matrix\Api\Http\Requests\Matrix\RestoreRequestTest" file="/app/tests/Unit/Http/Requests/Matrix/RestoreRequestTest.php" tests="1" assertions="1" errors="0" failures="0" skipped="0" time="0.047200">
        <testcase name="test_request_instance" file="/app/vendor/gammamatrix/playground-test/src/Unit/Http/Requests/RequestCase.php" line="41" class="Tests\Unit\Playground\Matrix\Api\Http\Requests\Matrix\RestoreRequestTest" classname="Tests.Unit.Playground.Matrix.Api.Http.Requests.Matrix.RestoreRequestTest" assertions="1" time="0.047200"/>
      </testsuite>
      <testsuite name="Tests\Unit\Playground\Matrix\Api\Http\Requests\Matrix\ShowRequestTest" file="/app/tests/Unit/Http/Requests/Matrix/ShowRequestTest.php" tests="1" assertions="1" errors="0" failures="0" skipped="0" time="0.047587">
        <testcase name="test_request_instance" file="/app/vendor/gammamatrix/playground-test/src/Unit/Http/Requests/RequestCase.php" line="41" class="Tests\Unit\Playground\Matrix\Api\Http\Requests\Matrix\ShowRequestTest" classname="Tests.Unit.Playground.Matrix.Api.Http.Requests.Matrix.ShowRequestTest" assertions="1" time="0.047587"/>
      </testsuite>
      <testsuite name="Tests\Unit\Playground\Matrix\Api\Http\Requests\Matrix\StoreRequestTest" file="/app/tests/Unit/Http/Requests/Matrix/StoreRequestTest.php" tests="3" assertions="8" errors="0" failures="0" skipped="0" time="0.160821">
        <testcase name="test_request_instance" file="/app/vendor/gammamatrix/playground-test/src/Unit/Http/Requests/RequestCase.php" line="41" class="Tests\Unit\Playground\Matrix\Api\Http\Requests\Matrix\StoreRequestTest" classname="Tests.Unit.Playground.Matrix.Api.Http.Requests.Matrix.StoreRequestTest" assertions="1" time="0.066705"/>
        <testcase name="test_StoreRequest_rules_with_optional_revisions_disabled" file="/app/tests/Unit/Http/Requests/Matrix/StoreRequestTest.php" line="19" class="Tests\Unit\Playground\Matrix\Api\Http\Requests\Matrix\StoreRequestTest" classname="Tests.Unit.Playground.Matrix.Api.Http.Requests.Matrix.StoreRequestTest" assertions="3" time="0.045784"/>
        <testcase name="test_StoreRequest_rules_with_optional_revisions_enabled" file="/app/tests/Unit/Http/Requests/Matrix/StoreRequestTest.php" line="29" class="Tests\Unit\Playground\Matrix\Api\Http\Requests\Matrix\StoreRequestTest" classname="Tests.Unit.Playground.Matrix.Api.Http.Requests.Matrix.StoreRequestTest" assertions="4" time="0.048332"/>
      </testsuite>
      <testsuite name="Tests\Unit\Playground\Matrix\Api\Http\Requests\Matrix\UnlockRequestTest" file="/app/tests/Unit/Http/Requests/Matrix/UnlockRequestTest.php" tests="1" assertions="1" errors="0" failures="0" skipped="0" time="0.050087">
        <testcase name="test_request_instance" file="/app/vendor/gammamatrix/playground-test/src/Unit/Http/Requests/RequestCase.php" line="41" class="Tests\Unit\Playground\Matrix\Api\Http\Requests\Matrix\UnlockRequestTest" classname="Tests.Unit.Playground.Matrix.Api.Http.Requests.Matrix.UnlockRequestTest" assertions="1" time="0.050087"/>
      </testsuite>
      <testsuite name="Tests\Unit\Playground\Matrix\Api\Http\Requests\Matrix\UpdateRequestTest" file="/app/tests/Unit/Http/Requests/Matrix/UpdateRequestTest.php" tests="3" assertions="8" errors="0" failures="0" skipped="0" time="0.156082">
        <testcase name="test_request_instance" file="/app/vendor/gammamatrix/playground-test/src/Unit/Http/Requests/RequestCase.php" line="41" class="Tests\Unit\Playground\Matrix\Api\Http\Requests\Matrix\UpdateRequestTest" classname="Tests.Unit.Playground.Matrix.Api.Http.Requests.Matrix.UpdateRequestTest" assertions="1" time="0.064332"/>
        <testcase name="test_UpdateRequest_rules_with_optional_revisions_disabled" file="/app/tests/Unit/Http/Requests/Matrix/UpdateRequestTest.php" line="19" class="Tests\Unit\Playground\Matrix\Api\Http\Requests\Matrix\UpdateRequestTest" classname="Tests.Unit.Playground.Matrix.Api.Http.Requests.Matrix.UpdateRequestTest" assertions="3" time="0.045916"/>
        <testcase name="test_UpdateRequest_rules_with_optional_revisions_enabled" file="/app/tests/Unit/Http/Requests/Matrix/UpdateRequestTest.php" line="29" class="Tests\Unit\Playground\Matrix\Api\Http\Requests\Matrix\UpdateRequestTest" classname="Tests.Unit.Playground.Matrix.Api.Http.Requests.Matrix.UpdateRequestTest" assertions="4" time="0.045834"/>
      </testsuite>
      <testsuite name="Tests\Unit\Playground\Matrix\Api\Http\Requests\Milestone\CreateRequestTest" file="/app/tests/Unit/Http/Requests/Milestone/CreateRequestTest.php" tests="1" assertions="1" errors="0" failures="0" skipped="0" time="0.068284">
        <testcase name="test_request_instance" file="/app/vendor/gammamatrix/playground-test/src/Unit/Http/Requests/RequestCase.php" line="41" class="Tests\Unit\Playground\Matrix\Api\Http\Requests\Milestone\CreateRequestTest" classname="Tests.Unit.Playground.Matrix.Api.Http.Requests.Milestone.CreateRequestTest" assertions="1" time="0.068284"/>
      </testsuite>
      <testsuite name="Tests\Unit\Playground\Matrix\Api\Http\Requests\Milestone\DestroyRequestTest" file="/app/tests/Unit/Http/Requests/Milestone/DestroyRequestTest.php" tests="1" assertions="1" errors="0" failures="0" skipped="0" time="0.048480">
        <testcase name="test_request_instance" file="/app/vendor/gammamatrix/playground-test/src/Unit/Http/Requests/RequestCase.php" line="41" class="Tests\Unit\Playground\Matrix\Api\Http\Requests\Milestone\DestroyRequestTest" classname="Tests.Unit.Playground.Matrix.Api.Http.Requests.Milestone.DestroyRequestTest" assertions="1" time="0.048480"/>
      </testsuite>
      <testsuite name="Tests\Unit\Playground\Matrix\Api\Http\Requests\Milestone\EditRequestTest" file="/app/tests/Unit/Http/Requests/Milestone/EditRequestTest.php" tests="1" assertions="1" errors="0" failures="0" skipped="0" time="0.063783">
        <testcase name="test_request_instance" file="/app/vendor/gammamatrix/playground-test/src/Unit/Http/Requests/RequestCase.php" line="41" class="Tests\Unit\Playground\Matrix\Api\Http\Requests\Milestone\EditRequestTest" classname="Tests.Unit.Playground.Matrix.Api.Http.Requests.Milestone.EditRequestTest" assertions="1" time="0.063783"/>
      </testsuite>
      <testsuite name="Tests\Unit\Playground\Matrix\Api\Http\Requests\Milestone\IndexRequestTest" file="/app/tests/Unit/Http/Requests/Milestone/IndexRequestTest.php" tests="1" assertions="1" errors="0" failures="0" skipped="0" time="0.114752">
        <testcase name="test_request_instance" file="/app/vendor/gammamatrix/playground-test/src/Unit/Http/Requests/RequestCase.php" line="41" class="Tests\Unit\Playground\Matrix\Api\Http\Requests\Milestone\IndexRequestTest" classname="Tests.Unit.Playground.Matrix.Api.Http.Requests.Milestone.IndexRequestTest" assertions="1" time="0.114752"/>
      </testsuite>
      <testsuite name="Tests\Unit\Playground\Matrix\Api\Http\Requests\Milestone\LockRequestTest" file="/app/tests/Unit/Http/Requests/Milestone/LockRequestTest.php" tests="1" assertions="1" errors="0" failures="0" skipped="0" time="0.047388">
        <testcase name="test_request_instance" file="/app/vendor/gammamatrix/playground-test/src/Unit/Http/Requests/RequestCase.php" line="41" class="Tests\Unit\Playground\Matrix\Api\Http\Requests\Milestone\LockRequestTest" classname="Tests.Unit.Playground.Matrix.Api.Http.Requests.Milestone.LockRequestTest" assertions="1" time="0.047388"/>
      </testsuite>
      <testsuite name="Tests\Unit\Playground\Matrix\Api\Http\Requests\Milestone\RestoreRequestTest" file="/app/tests/Unit/Http/Requests/Milestone/RestoreRequestTest.php" tests="1" assertions="1" errors="0" failures="0" skipped="0" time="0.047469">
        <testcase name="test_request_instance" file="/app/vendor/gammamatrix/playground-test/src/Unit/Http/Requests/RequestCase.php" line="41" class="Tests\Unit\Playground\Matrix\Api\Http\Requests\Milestone\RestoreRequestTest" classname="Tests.Unit.Playground.Matrix.Api.Http.Requests.Milestone.RestoreRequestTest" assertions="1" time="0.047469"/>
      </testsuite>
      <testsuite name="Tests\Unit\Playground\Matrix\Api\Http\Requests\Milestone\ShowRequestTest" file="/app/tests/Unit/Http/Requests/Milestone/ShowRequestTest.php" tests="1" assertions="1" errors="0" failures="0" skipped="0" time="0.046542">
        <testcase name="test_request_instance" file="/app/vendor/gammamatrix/playground-test/src/Unit/Http/Requests/RequestCase.php" line="41" class="Tests\Unit\Playground\Matrix\Api\Http\Requests\Milestone\ShowRequestTest" classname="Tests.Unit.Playground.Matrix.Api.Http.Requests.Milestone.ShowRequestTest" assertions="1" time="0.046542"/>
      </testsuite>
      <testsuite name="Tests\Unit\Playground\Matrix\Api\Http\Requests\Milestone\StoreRequestTest" file="/app/tests/Unit/Http/Requests/Milestone/StoreRequestTest.php" tests="3" assertions="8" errors="0" failures="0" skipped="0" time="0.165059">
        <testcase name="test_request_instance" file="/app/vendor/gammamatrix/playground-test/src/Unit/Http/Requests/RequestCase.php" line="41" class="Tests\Unit\Playground\Matrix\Api\Http\Requests\Milestone\StoreRequestTest" classname="Tests.Unit.Playground.Matrix.Api.Http.Requests.Milestone.StoreRequestTest" assertions="1" time="0.073741"/>
        <testcase name="test_StoreRequest_rules_with_optional_revisions_disabled" file="/app/tests/Unit/Http/Requests/Milestone/StoreRequestTest.php" line="19" class="Tests\Unit\Playground\Matrix\Api\Http\Requests\Milestone\StoreRequestTest" classname="Tests.Unit.Playground.Matrix.Api.Http.Requests.Milestone.StoreRequestTest" assertions="3" time="0.045384"/>
        <testcase name="test_StoreRequest_rules_with_optional_revisions_enabled" file="/app/tests/Unit/Http/Requests/Milestone/StoreRequestTest.php" line="29" class="Tests\Unit\Playground\Matrix\Api\Http\Requests\Milestone\StoreRequestTest" classname="Tests.Unit.Playground.Matrix.Api.Http.Requests.Milestone.StoreRequestTest" assertions="4" time="0.045934"/>
      </testsuite>
      <testsuite name="Tests\Unit\Playground\Matrix\Api\Http\Requests\Milestone\UnlockRequestTest" file="/app/tests/Unit/Http/Requests/Milestone/UnlockRequestTest.php" tests="1" assertions="1" errors="0" failures="0" skipped="0" time="0.047171">
        <testcase name="test_request_instance" file="/app/vendor/gammamatrix/playground-test/src/Unit/Http/Requests/RequestCase.php" line="41" class="Tests\Unit\Playground\Matrix\Api\Http\Requests\Milestone\UnlockRequestTest" classname="Tests.Unit.Playground.Matrix.Api.Http.Requests.Milestone.UnlockRequestTest" assertions="1" time="0.047171"/>
      </testsuite>
      <testsuite name="Tests\Unit\Playground\Matrix\Api\Http\Requests\Milestone\UpdateRequestTest" file="/app/tests/Unit/Http/Requests/Milestone/UpdateRequestTest.php" tests="3" assertions="8" errors="0" failures="0" skipped="0" time="0.163442">
        <testcase name="test_request_instance" file="/app/vendor/gammamatrix/playground-test/src/Unit/Http/Requests/RequestCase.php" line="41" class="Tests\Unit\Playground\Matrix\Api\Http\Requests\Milestone\UpdateRequestTest" classname="Tests.Unit.Playground.Matrix.Api.Http.Requests.Milestone.UpdateRequestTest" assertions="1" time="0.069918"/>
        <testcase name="test_UpdateRequest_rules_with_optional_revisions_disabled" file="/app/tests/Unit/Http/Requests/Milestone/UpdateRequestTest.php" line="19" class="Tests\Unit\Playground\Matrix\Api\Http\Requests\Milestone\UpdateRequestTest" classname="Tests.Unit.Playground.Matrix.Api.Http.Requests.Milestone.UpdateRequestTest" assertions="3" time="0.047056"/>
        <testcase name="test_UpdateRequest_rules_with_optional_revisions_enabled" file="/app/tests/Unit/Http/Requests/Milestone/UpdateRequestTest.php" line="29" class="Tests\Unit\Playground\Matrix\Api\Http\Requests\Milestone\UpdateRequestTest" classname="Tests.Unit.Playground.Matrix.Api.Http.Requests.Milestone.UpdateRequestTest" assertions="4" time="0.046468"/>
      </testsuite>
      <testsuite name="Tests\Unit\Playground\Matrix\Api\Http\Requests\Note\CreateRequestTest" file="/app/tests/Unit/Http/Requests/Note/CreateRequestTest.php" tests="1" assertions="1" errors="0" failures="0" skipped="0" time="0.062661">
        <testcase name="test_request_instance" file="/app/vendor/gammamatrix/playground-test/src/Unit/Http/Requests/RequestCase.php" line="41" class="Tests\Unit\Playground\Matrix\Api\Http\Requests\Note\CreateRequestTest" classname="Tests.Unit.Playground.Matrix.Api.Http.Requests.Note.CreateRequestTest" assertions="1" time="0.062661"/>
      </testsuite>
      <testsuite name="Tests\Unit\Playground\Matrix\Api\Http\Requests\Note\DestroyRequestTest" file="/app/tests/Unit/Http/Requests/Note/DestroyRequestTest.php" tests="1" assertions="1" errors="0" failures="0" skipped="0" time="0.048787">
        <testcase name="test_request_instance" file="/app/vendor/gammamatrix/playground-test/src/Unit/Http/Requests/RequestCase.php" line="41" class="Tests\Unit\Playground\Matrix\Api\Http\Requests\Note\DestroyRequestTest" classname="Tests.Unit.Playground.Matrix.Api.Http.Requests.Note.DestroyRequestTest" assertions="1" time="0.048787"/>
      </testsuite>
      <testsuite name="Tests\Unit\Playground\Matrix\Api\Http\Requests\Note\EditRequestTest" file="/app/tests/Unit/Http/Requests/Note/EditRequestTest.php" tests="1" assertions="1" errors="0" failures="0" skipped="0" time="0.058202">
        <testcase name="test_request_instance" file="/app/vendor/gammamatrix/playground-test/src/Unit/Http/Requests/RequestCase.php" line="41" class="Tests\Unit\Playground\Matrix\Api\Http\Requests\Note\EditRequestTest" classname="Tests.Unit.Playground.Matrix.Api.Http.Requests.Note.EditRequestTest" assertions="1" time="0.058202"/>
      </testsuite>
      <testsuite name="Tests\Unit\Playground\Matrix\Api\Http\Requests\Note\IndexRequestTest" file="/app/tests/Unit/Http/Requests/Note/IndexRequestTest.php" tests="1" assertions="1" errors="0" failures="0" skipped="0" time="0.093550">
        <testcase name="test_request_instance" file="/app/vendor/gammamatrix/playground-test/src/Unit/Http/Requests/RequestCase.php" line="41" class="Tests\Unit\Playground\Matrix\Api\Http\Requests\Note\IndexRequestTest" classname="Tests.Unit.Playground.Matrix.Api.Http.Requests.Note.IndexRequestTest" assertions="1" time="0.093550"/>
      </testsuite>
      <testsuite name="Tests\Unit\Playground\Matrix\Api\Http\Requests\Note\LockRequestTest" file="/app/tests/Unit/Http/Requests/Note/LockRequestTest.php" tests="1" assertions="1" errors="0" failures="0" skipped="0" time="0.049360">
        <testcase name="test_request_instance" file="/app/vendor/gammamatrix/playground-test/src/Unit/Http/Requests/RequestCase.php" line="41" class="Tests\Unit\Playground\Matrix\Api\Http\Requests\Note\LockRequestTest" classname="Tests.Unit.Playground.Matrix.Api.Http.Requests.Note.LockRequestTest" assertions="1" time="0.049360"/>
      </testsuite>
      <testsuite name="Tests\Unit\Playground\Matrix\Api\Http\Requests\Note\RestoreRequestTest" file="/app/tests/Unit/Http/Requests/Note/RestoreRequestTest.php" tests="1" assertions="1" errors="0" failures="0" skipped="0" time="0.049015">
        <testcase name="test_request_instance" file="/app/vendor/gammamatrix/playground-test/src/Unit/Http/Requests/RequestCase.php" line="41" class="Tests\Unit\Playground\Matrix\Api\Http\Requests\Note\RestoreRequestTest" classname="Tests.Unit.Playground.Matrix.Api.Http.Requests.Note.RestoreRequestTest" assertions="1" time="0.049015"/>
      </testsuite>
      <testsuite name="Tests\Unit\Playground\Matrix\Api\Http\Requests\Note\ShowRequestTest" file="/app/tests/Unit/Http/Requests/Note/ShowRequestTest.php" tests="1" assertions="1" errors="0" failures="0" skipped="0" time="0.049108">
        <testcase name="test_request_instance" file="/app/vendor/gammamatrix/playground-test/src/Unit/Http/Requests/RequestCase.php" line="41" class="Tests\Unit\Playground\Matrix\Api\Http\Requests\Note\ShowRequestTest" classname="Tests.Unit.Playground.Matrix.Api.Http.Requests.Note.ShowRequestTest" assertions="1" time="0.049108"/>
      </testsuite>
      <testsuite name="Tests\Unit\Playground\Matrix\Api\Http\Requests\Note\StoreRequestTest" file="/app/tests/Unit/Http/Requests/Note/StoreRequestTest.php" tests="3" assertions="8" errors="0" failures="0" skipped="0" time="0.157956">
        <testcase name="test_request_instance" file="/app/vendor/gammamatrix/playground-test/src/Unit/Http/Requests/RequestCase.php" line="41" class="Tests\Unit\Playground\Matrix\Api\Http\Requests\Note\StoreRequestTest" classname="Tests.Unit.Playground.Matrix.Api.Http.Requests.Note.StoreRequestTest" assertions="1" time="0.064947"/>
        <testcase name="test_StoreRequest_rules_with_optional_revisions_disabled" file="/app/tests/Unit/Http/Requests/Note/StoreRequestTest.php" line="19" class="Tests\Unit\Playground\Matrix\Api\Http\Requests\Note\StoreRequestTest" classname="Tests.Unit.Playground.Matrix.Api.Http.Requests.Note.StoreRequestTest" assertions="3" time="0.045741"/>
        <testcase name="test_StoreRequest_rules_with_optional_revisions_enabled" file="/app/tests/Unit/Http/Requests/Note/StoreRequestTest.php" line="29" class="Tests\Unit\Playground\Matrix\Api\Http\Requests\Note\StoreRequestTest" classname="Tests.Unit.Playground.Matrix.Api.Http.Requests.Note.StoreRequestTest" assertions="4" time="0.047269"/>
      </testsuite>
      <testsuite name="Tests\Unit\Playground\Matrix\Api\Http\Requests\Note\UnlockRequestTest" file="/app/tests/Unit/Http/Requests/Note/UnlockRequestTest.php" tests="1" assertions="1" errors="0" failures="0" skipped="0" time="0.046815">
        <testcase name="test_request_instance" file="/app/vendor/gammamatrix/playground-test/src/Unit/Http/Requests/RequestCase.php" line="41" class="Tests\Unit\Playground\Matrix\Api\Http\Requests\Note\UnlockRequestTest" classname="Tests.Unit.Playground.Matrix.Api.Http.Requests.Note.UnlockRequestTest" assertions="1" time="0.046815"/>
      </testsuite>
      <testsuite name="Tests\Unit\Playground\Matrix\Api\Http\Requests\Note\UpdateRequestTest" file="/app/tests/Unit/Http/Requests/Note/UpdateRequestTest.php" tests="3" assertions="8" errors="0" failures="0" skipped="0" time="0.152209">
        <testcase name="test_request_instance" file="/app/vendor/gammamatrix/playground-test/src/Unit/Http/Requests/RequestCase.php" line="41" class="Tests\Unit\Playground\Matrix\Api\Http\Requests\Note\UpdateRequestTest" classname="Tests.Unit.Playground.Matrix.Api.Http.Requests.Note.UpdateRequestTest" assertions="1" time="0.060884"/>
        <testcase name="test_UpdateRequest_rules_with_optional_revisions_disabled" file="/app/tests/Unit/Http/Requests/Note/UpdateRequestTest.php" line="19" class="Tests\Unit\Playground\Matrix\Api\Http\Requests\Note\UpdateRequestTest" classname="Tests.Unit.Playground.Matrix.Api.Http.Requests.Note.UpdateRequestTest" assertions="3" time="0.045619"/>
        <testcase name="test_UpdateRequest_rules_with_optional_revisions_enabled" file="/app/tests/Unit/Http/Requests/Note/UpdateRequestTest.php" line="29" class="Tests\Unit\Playground\Matrix\Api\Http\Requests\Note\UpdateRequestTest" classname="Tests.Unit.Playground.Matrix.Api.Http.Requests.Note.UpdateRequestTest" assertions="4" time="0.045706"/>
      </testsuite>
      <testsuite name="Tests\Unit\Playground\Matrix\Api\Http\Requests\Project\CreateRequestTest" file="/app/tests/Unit/Http/Requests/Project/CreateRequestTest.php" tests="1" assertions="1" errors="0" failures="0" skipped="0" time="0.072325">
        <testcase name="test_request_instance" file="/app/vendor/gammamatrix/playground-test/src/Unit/Http/Requests/RequestCase.php" line="41" class="Tests\Unit\Playground\Matrix\Api\Http\Requests\Project\CreateRequestTest" classname="Tests.Unit.Playground.Matrix.Api.Http.Requests.Project.CreateRequestTest" assertions="1" time="0.072325"/>
      </testsuite>
      <testsuite name="Tests\Unit\Playground\Matrix\Api\Http\Requests\Project\DestroyRequestTest" file="/app/tests/Unit/Http/Requests/Project/DestroyRequestTest.php" tests="1" assertions="1" errors="0" failures="0" skipped="0" time="0.049260">
        <testcase name="test_request_instance" file="/app/vendor/gammamatrix/playground-test/src/Unit/Http/Requests/RequestCase.php" line="41" class="Tests\Unit\Playground\Matrix\Api\Http\Requests\Project\DestroyRequestTest" classname="Tests.Unit.Playground.Matrix.Api.Http.Requests.Project.DestroyRequestTest" assertions="1" time="0.049260"/>
      </testsuite>
      <testsuite name="Tests\Unit\Playground\Matrix\Api\Http\Requests\Project\EditRequestTest" file="/app/tests/Unit/Http/Requests/Project/EditRequestTest.php" tests="1" assertions="1" errors="0" failures="0" skipped="0" time="0.066107">
        <testcase name="test_request_instance" file="/app/vendor/gammamatrix/playground-test/src/Unit/Http/Requests/RequestCase.php" line="41" class="Tests\Unit\Playground\Matrix\Api\Http\Requests\Project\EditRequestTest" classname="Tests.Unit.Playground.Matrix.Api.Http.Requests.Project.EditRequestTest" assertions="1" time="0.066107"/>
      </testsuite>
      <testsuite name="Tests\Unit\Playground\Matrix\Api\Http\Requests\Project\IndexRequestTest" file="/app/tests/Unit/Http/Requests/Project/IndexRequestTest.php" tests="1" assertions="1" errors="0" failures="0" skipped="0" time="0.121342">
        <testcase name="test_request_instance" file="/app/vendor/gammamatrix/playground-test/src/Unit/Http/Requests/RequestCase.php" line="41" class="Tests\Unit\Playground\Matrix\Api\Http\Requests\Project\IndexRequestTest" classname="Tests.Unit.Playground.Matrix.Api.Http.Requests.Project.IndexRequestTest" assertions="1" time="0.121342"/>
      </testsuite>
      <testsuite name="Tests\Unit\Playground\Matrix\Api\Http\Requests\Project\LockRequestTest" file="/app/tests/Unit/Http/Requests/Project/LockRequestTest.php" tests="1" assertions="1" errors="0" failures="0" skipped="0" time="0.047287">
        <testcase name="test_request_instance" file="/app/vendor/gammamatrix/playground-test/src/Unit/Http/Requests/RequestCase.php" line="41" class="Tests\Unit\Playground\Matrix\Api\Http\Requests\Project\LockRequestTest" classname="Tests.Unit.Playground.Matrix.Api.Http.Requests.Project.LockRequestTest" assertions="1" time="0.047287"/>
      </testsuite>
      <testsuite name="Tests\Unit\Playground\Matrix\Api\Http\Requests\Project\RestoreRequestTest" file="/app/tests/Unit/Http/Requests/Project/RestoreRequestTest.php" tests="1" assertions="1" errors="0" failures="0" skipped="0" time="0.048113">
        <testcase name="test_request_instance" file="/app/vendor/gammamatrix/playground-test/src/Unit/Http/Requests/RequestCase.php" line="41" class="Tests\Unit\Playground\Matrix\Api\Http\Requests\Project\RestoreRequestTest" classname="Tests.Unit.Playground.Matrix.Api.Http.Requests.Project.RestoreRequestTest" assertions="1" time="0.048113"/>
      </testsuite>
      <testsuite name="Tests\Unit\Playground\Matrix\Api\Http\Requests\Project\ShowRequestTest" file="/app/tests/Unit/Http/Requests/Project/ShowRequestTest.php" tests="1" assertions="1" errors="0" failures="0" skipped="0" time="0.046113">
        <testcase name="test_request_instance" file="/app/vendor/gammamatrix/playground-test/src/Unit/Http/Requests/RequestCase.php" line="41" class="Tests\Unit\Playground\Matrix\Api\Http\Requests\Project\ShowRequestTest" classname="Tests.Unit.Playground.Matrix.Api.Http.Requests.Project.ShowRequestTest" assertions="1" time="0.046113"/>
      </testsuite>
      <testsuite name="Tests\Unit\Playground\Matrix\Api\Http\Requests\Project\StoreRequestTest" file="/app/tests/Unit/Http/Requests/Project/StoreRequestTest.php" tests="3" assertions="8" errors="0" failures="0" skipped="0" time="0.161739">
        <testcase name="test_request_instance" file="/app/vendor/gammamatrix/playground-test/src/Unit/Http/Requests/RequestCase.php" line="41" class="Tests\Unit\Playground\Matrix\Api\Http\Requests\Project\StoreRequestTest" classname="Tests.Unit.Playground.Matrix.Api.Http.Requests.Project.StoreRequestTest" assertions="1" time="0.070682"/>
        <testcase name="test_StoreRequest_rules_with_optional_revisions_disabled" file="/app/tests/Unit/Http/Requests/Project/StoreRequestTest.php" line="19" class="Tests\Unit\Playground\Matrix\Api\Http\Requests\Project\StoreRequestTest" classname="Tests.Unit.Playground.Matrix.Api.Http.Requests.Project.StoreRequestTest" assertions="3" time="0.045262"/>
        <testcase name="test_StoreRequest_rules_with_optional_revisions_enabled" file="/app/tests/Unit/Http/Requests/Project/StoreRequestTest.php" line="29" class="Tests\Unit\Playground\Matrix\Api\Http\Requests\Project\StoreRequestTest" classname="Tests.Unit.Playground.Matrix.Api.Http.Requests.Project.StoreRequestTest" assertions="4" time="0.045795"/>
      </testsuite>
      <testsuite name="Tests\Unit\Playground\Matrix\Api\Http\Requests\Project\UnlockRequestTest" file="/app/tests/Unit/Http/Requests/Project/UnlockRequestTest.php" tests="1" assertions="1" errors="0" failures="0" skipped="0" time="0.047216">
        <testcase name="test_request_instance" file="/app/vendor/gammamatrix/playground-test/src/Unit/Http/Requests/RequestCase.php" line="41" class="Tests\Unit\Playground\Matrix\Api\Http\Requests\Project\UnlockRequestTest" classname="Tests.Unit.Playground.Matrix.Api.Http.Requests.Project.UnlockRequestTest" assertions="1" time="0.047216"/>
      </testsuite>
      <testsuite name="Tests\Unit\Playground\Matrix\Api\Http\Requests\Project\UpdateRequestTest" file="/app/tests/Unit/Http/Requests/Project/UpdateRequestTest.php" tests="3" assertions="8" errors="0" failures="0" skipped="0" time="0.160790">
        <testcase name="test_request_instance" file="/app/vendor/gammamatrix/playground-test/src/Unit/Http/Requests/RequestCase.php" line="41" class="Tests\Unit\Playground\Matrix\Api\Http\Requests\Project\UpdateRequestTest" classname="Tests.Unit.Playground.Matrix.Api.Http.Requests.Project.UpdateRequestTest" assertions="1" time="0.069119"/>
        <testcase name="test_UpdateRequest_rules_with_optional_revisions_disabled" file="/app/tests/Unit/Http/Requests/Project/UpdateRequestTest.php" line="19" class="Tests\Unit\Playground\Matrix\Api\Http\Requests\Project\UpdateRequestTest" classname="Tests.Unit.Playground.Matrix.Api.Http.Requests.Project.UpdateRequestTest" assertions="3" time="0.046152"/>
        <testcase name="test_UpdateRequest_rules_with_optional_revisions_enabled" file="/app/tests/Unit/Http/Requests/Project/UpdateRequestTest.php" line="29" class="Tests\Unit\Playground\Matrix\Api\Http\Requests\Project\UpdateRequestTest" classname="Tests.Unit.Playground.Matrix.Api.Http.Requests.Project.UpdateRequestTest" assertions="4" time="0.045519"/>
      </testsuite>
      <testsuite name="Tests\Unit\Playground\Matrix\Api\Http\Requests\Release\CreateRequestTest" file="/app/tests/Unit/Http/Requests/Release/CreateRequestTest.php" tests="1" assertions="1" errors="0" failures="0" skipped="0" time="0.064894">
        <testcase name="test_request_instance" file="/app/vendor/gammamatrix/playground-test/src/Unit/Http/Requests/RequestCase.php" line="41" class="Tests\Unit\Playground\Matrix\Api\Http\Requests\Release\CreateRequestTest" classname="Tests.Unit.Playground.Matrix.Api.Http.Requests.Release.CreateRequestTest" assertions="1" time="0.064894"/>
      </testsuite>
      <testsuite name="Tests\Unit\Playground\Matrix\Api\Http\Requests\Release\DestroyRequestTest" file="/app/tests/Unit/Http/Requests/Release/DestroyRequestTest.php" tests="1" assertions="1" errors="0" failures="0" skipped="0" time="0.049839">
        <testcase name="test_request_instance" file="/app/vendor/gammamatrix/playground-test/src/Unit/Http/Requests/RequestCase.php" line="41" class="Tests\Unit\Playground\Matrix\Api\Http\Requests\Release\DestroyRequestTest" classname="Tests.Unit.Playground.Matrix.Api.Http.Requests.Release.DestroyRequestTest" assertions="1" time="0.049839"/>
      </testsuite>
      <testsuite name="Tests\Unit\Playground\Matrix\Api\Http\Requests\Release\EditRequestTest" file="/app/tests/Unit/Http/Requests/Release/EditRequestTest.php" tests="1" assertions="1" errors="0" failures="0" skipped="0" time="0.071734">
        <testcase name="test_request_instance" file="/app/vendor/gammamatrix/playground-test/src/Unit/Http/Requests/RequestCase.php" line="41" class="Tests\Unit\Playground\Matrix\Api\Http\Requests\Release\EditRequestTest" classname="Tests.Unit.Playground.Matrix.Api.Http.Requests.Release.EditRequestTest" assertions="1" time="0.071734"/>
      </testsuite>
      <testsuite name="Tests\Unit\Playground\Matrix\Api\Http\Requests\Release\IndexRequestTest" file="/app/tests/Unit/Http/Requests/Release/IndexRequestTest.php" tests="1" assertions="1" errors="0" failures="0" skipped="0" time="0.116621">
        <testcase name="test_request_instance" file="/app/vendor/gammamatrix/playground-test/src/Unit/Http/Requests/RequestCase.php" line="41" class="Tests\Unit\Playground\Matrix\Api\Http\Requests\Release\IndexRequestTest" classname="Tests.Unit.Playground.Matrix.Api.Http.Requests.Release.IndexRequestTest" assertions="1" time="0.116621"/>
      </testsuite>
      <testsuite name="Tests\Unit\Playground\Matrix\Api\Http\Requests\Release\LockRequestTest" file="/app/tests/Unit/Http/Requests/Release/LockRequestTest.php" tests="1" assertions="1" errors="0" failures="0" skipped="0" time="0.048358">
        <testcase name="test_request_instance" file="/app/vendor/gammamatrix/playground-test/src/Unit/Http/Requests/RequestCase.php" line="41" class="Tests\Unit\Playground\Matrix\Api\Http\Requests\Release\LockRequestTest" classname="Tests.Unit.Playground.Matrix.Api.Http.Requests.Release.LockRequestTest" assertions="1" time="0.048358"/>
      </testsuite>
      <testsuite name="Tests\Unit\Playground\Matrix\Api\Http\Requests\Release\RestoreRequestTest" file="/app/tests/Unit/Http/Requests/Release/RestoreRequestTest.php" tests="1" assertions="1" errors="0" failures="0" skipped="0" time="0.048090">
        <testcase name="test_request_instance" file="/app/vendor/gammamatrix/playground-test/src/Unit/Http/Requests/RequestCase.php" line="41" class="Tests\Unit\Playground\Matrix\Api\Http\Requests\Release\RestoreRequestTest" classname="Tests.Unit.Playground.Matrix.Api.Http.Requests.Release.RestoreRequestTest" assertions="1" time="0.048090"/>
      </testsuite>
      <testsuite name="Tests\Unit\Playground\Matrix\Api\Http\Requests\Release\ShowRequestTest" file="/app/tests/Unit/Http/Requests/Release/ShowRequestTest.php" tests="1" assertions="1" errors="0" failures="0" skipped="0" time="0.048851">
        <testcase name="test_request_instance" file="/app/vendor/gammamatrix/playground-test/src/Unit/Http/Requests/RequestCase.php" line="41" class="Tests\Unit\Playground\Matrix\Api\Http\Requests\Release\ShowRequestTest" classname="Tests.Unit.Playground.Matrix.Api.Http.Requests.Release.ShowRequestTest" assertions="1" time="0.048851"/>
      </testsuite>
      <testsuite name="Tests\Unit\Playground\Matrix\Api\Http\Requests\Release\StoreRequestTest" file="/app/tests/Unit/Http/Requests/Release/StoreRequestTest.php" tests="3" assertions="8" errors="0" failures="0" skipped="0" time="0.164877">
        <testcase name="test_request_instance" file="/app/vendor/gammamatrix/playground-test/src/Unit/Http/Requests/RequestCase.php" line="41" class="Tests\Unit\Playground\Matrix\Api\Http\Requests\Release\StoreRequestTest" classname="Tests.Unit.Playground.Matrix.Api.Http.Requests.Release.StoreRequestTest" assertions="1" time="0.073247"/>
        <testcase name="test_StoreRequest_rules_with_optional_revisions_disabled" file="/app/tests/Unit/Http/Requests/Release/StoreRequestTest.php" line="19" class="Tests\Unit\Playground\Matrix\Api\Http\Requests\Release\StoreRequestTest" classname="Tests.Unit.Playground.Matrix.Api.Http.Requests.Release.StoreRequestTest" assertions="3" time="0.045991"/>
        <testcase name="test_StoreRequest_rules_with_optional_revisions_enabled" file="/app/tests/Unit/Http/Requests/Release/StoreRequestTest.php" line="29" class="Tests\Unit\Playground\Matrix\Api\Http\Requests\Release\StoreRequestTest" classname="Tests.Unit.Playground.Matrix.Api.Http.Requests.Release.StoreRequestTest" assertions="4" time="0.045638"/>
      </testsuite>
      <testsuite name="Tests\Unit\Playground\Matrix\Api\Http\Requests\Release\UnlockRequestTest" file="/app/tests/Unit/Http/Requests/Release/UnlockRequestTest.php" tests="1" assertions="1" errors="0" failures="0" skipped="0" time="0.046728">
        <testcase name="test_request_instance" file="/app/vendor/gammamatrix/playground-test/src/Unit/Http/Requests/RequestCase.php" line="41" class="Tests\Unit\Playground\Matrix\Api\Http\Requests\Release\UnlockRequestTest" classname="Tests.Unit.Playground.Matrix.Api.Http.Requests.Release.UnlockRequestTest" assertions="1" time="0.046728"/>
      </testsuite>
      <testsuite name="Tests\Unit\Playground\Matrix\Api\Http\Requests\Release\UpdateRequestTest" file="/app/tests/Unit/Http/Requests/Release/UpdateRequestTest.php" tests="3" assertions="8" errors="0" failures="0" skipped="0" time="0.158696">
        <testcase name="test_request_instance" file="/app/vendor/gammamatrix/playground-test/src/Unit/Http/Requests/RequestCase.php" line="41" class="Tests\Unit\Playground\Matrix\Api\Http\Requests\Release\UpdateRequestTest" classname="Tests.Unit.Playground.Matrix.Api.Http.Requests.Release.UpdateRequestTest" assertions="1" time="0.067389"/>
        <testcase name="test_UpdateRequest_rules_with_optional_revisions_disabled" file="/app/tests/Unit/Http/Requests/Release/UpdateRequestTest.php" line="19" class="Tests\Unit\Playground\Matrix\Api\Http\Requests\Release\UpdateRequestTest" classname="Tests.Unit.Playground.Matrix.Api.Http.Requests.Release.UpdateRequestTest" assertions="3" time="0.045972"/>
        <testcase name="test_UpdateRequest_rules_with_optional_revisions_enabled" file="/app/tests/Unit/Http/Requests/Release/UpdateRequestTest.php" line="29" class="Tests\Unit\Playground\Matrix\Api\Http\Requests\Release\UpdateRequestTest" classname="Tests.Unit.Playground.Matrix.Api.Http.Requests.Release.UpdateRequestTest" assertions="4" time="0.045336"/>
      </testsuite>
      <testsuite name="Tests\Unit\Playground\Matrix\Api\Http\Requests\Roadmap\CreateRequestTest" file="/app/tests/Unit/Http/Requests/Roadmap/CreateRequestTest.php" tests="1" assertions="1" errors="0" failures="0" skipped="0" time="0.069059">
        <testcase name="test_request_instance" file="/app/vendor/gammamatrix/playground-test/src/Unit/Http/Requests/RequestCase.php" line="41" class="Tests\Unit\Playground\Matrix\Api\Http\Requests\Roadmap\CreateRequestTest" classname="Tests.Unit.Playground.Matrix.Api.Http.Requests.Roadmap.CreateRequestTest" assertions="1" time="0.069059"/>
      </testsuite>
      <testsuite name="Tests\Unit\Playground\Matrix\Api\Http\Requests\Roadmap\DestroyRequestTest" file="/app/tests/Unit/Http/Requests/Roadmap/DestroyRequestTest.php" tests="1" assertions="1" errors="0" failures="0" skipped="0" time="0.048529">
        <testcase name="test_request_instance" file="/app/vendor/gammamatrix/playground-test/src/Unit/Http/Requests/RequestCase.php" line="41" class="Tests\Unit\Playground\Matrix\Api\Http\Requests\Roadmap\DestroyRequestTest" classname="Tests.Unit.Playground.Matrix.Api.Http.Requests.Roadmap.DestroyRequestTest" assertions="1" time="0.048529"/>
      </testsuite>
      <testsuite name="Tests\Unit\Playground\Matrix\Api\Http\Requests\Roadmap\EditRequestTest" file="/app/tests/Unit/Http/Requests/Roadmap/EditRequestTest.php" tests="1" assertions="1" errors="0" failures="0" skipped="0" time="0.068149">
        <testcase name="test_request_instance" file="/app/vendor/gammamatrix/playground-test/src/Unit/Http/Requests/RequestCase.php" line="41" class="Tests\Unit\Playground\Matrix\Api\Http\Requests\Roadmap\EditRequestTest" classname="Tests.Unit.Playground.Matrix.Api.Http.Requests.Roadmap.EditRequestTest" assertions="1" time="0.068149"/>
      </testsuite>
      <testsuite name="Tests\Unit\Playground\Matrix\Api\Http\Requests\Roadmap\IndexRequestTest" file="/app/tests/Unit/Http/Requests/Roadmap/IndexRequestTest.php" tests="1" assertions="1" errors="0" failures="0" skipped="0" time="0.118370">
        <testcase name="test_request_instance" file="/app/vendor/gammamatrix/playground-test/src/Unit/Http/Requests/RequestCase.php" line="41" class="Tests\Unit\Playground\Matrix\Api\Http\Requests\Roadmap\IndexRequestTest" classname="Tests.Unit.Playground.Matrix.Api.Http.Requests.Roadmap.IndexRequestTest" assertions="1" time="0.118370"/>
      </testsuite>
      <testsuite name="Tests\Unit\Playground\Matrix\Api\Http\Requests\Roadmap\LockRequestTest" file="/app/tests/Unit/Http/Requests/Roadmap/LockRequestTest.php" tests="1" assertions="1" errors="0" failures="0" skipped="0" time="0.047278">
        <testcase name="test_request_instance" file="/app/vendor/gammamatrix/playground-test/src/Unit/Http/Requests/RequestCase.php" line="41" class="Tests\Unit\Playground\Matrix\Api\Http\Requests\Roadmap\LockRequestTest" classname="Tests.Unit.Playground.Matrix.Api.Http.Requests.Roadmap.LockRequestTest" assertions="1" time="0.047278"/>
      </testsuite>
      <testsuite name="Tests\Unit\Playground\Matrix\Api\Http\Requests\Roadmap\RestoreRequestTest" file="/app/tests/Unit/Http/Requests/Roadmap/RestoreRequestTest.php" tests="1" assertions="1" errors="0" failures="0" skipped="0" time="0.048507">
        <testcase name="test_request_instance" file="/app/vendor/gammamatrix/playground-test/src/Unit/Http/Requests/RequestCase.php" line="41" class="Tests\Unit\Playground\Matrix\Api\Http\Requests\Roadmap\RestoreRequestTest" classname="Tests.Unit.Playground.Matrix.Api.Http.Requests.Roadmap.RestoreRequestTest" assertions="1" time="0.048507"/>
      </testsuite>
      <testsuite name="Tests\Unit\Playground\Matrix\Api\Http\Requests\Roadmap\ShowRequestTest" file="/app/tests/Unit/Http/Requests/Roadmap/ShowRequestTest.php" tests="1" assertions="1" errors="0" failures="0" skipped="0" time="0.046399">
        <testcase name="test_request_instance" file="/app/vendor/gammamatrix/playground-test/src/Unit/Http/Requests/RequestCase.php" line="41" class="Tests\Unit\Playground\Matrix\Api\Http\Requests\Roadmap\ShowRequestTest" classname="Tests.Unit.Playground.Matrix.Api.Http.Requests.Roadmap.ShowRequestTest" assertions="1" time="0.046399"/>
      </testsuite>
      <testsuite name="Tests\Unit\Playground\Matrix\Api\Http\Requests\Roadmap\StoreRequestTest" file="/app/tests/Unit/Http/Requests/Roadmap/StoreRequestTest.php" tests="3" assertions="8" errors="0" failures="0" skipped="0" time="0.163385">
        <testcase name="test_request_instance" file="/app/vendor/gammamatrix/playground-test/src/Unit/Http/Requests/RequestCase.php" line="41" class="Tests\Unit\Playground\Matrix\Api\Http\Requests\Roadmap\StoreRequestTest" classname="Tests.Unit.Playground.Matrix.Api.Http.Requests.Roadmap.StoreRequestTest" assertions="1" time="0.072027"/>
        <testcase name="test_StoreRequest_rules_with_optional_revisions_disabled" file="/app/tests/Unit/Http/Requests/Roadmap/StoreRequestTest.php" line="19" class="Tests\Unit\Playground\Matrix\Api\Http\Requests\Roadmap\StoreRequestTest" classname="Tests.Unit.Playground.Matrix.Api.Http.Requests.Roadmap.StoreRequestTest" assertions="3" time="0.045691"/>
        <testcase name="test_StoreRequest_rules_with_optional_revisions_enabled" file="/app/tests/Unit/Http/Requests/Roadmap/StoreRequestTest.php" line="29" class="Tests\Unit\Playground\Matrix\Api\Http\Requests\Roadmap\StoreRequestTest" classname="Tests.Unit.Playground.Matrix.Api.Http.Requests.Roadmap.StoreRequestTest" assertions="4" time="0.045667"/>
      </testsuite>
      <testsuite name="Tests\Unit\Playground\Matrix\Api\Http\Requests\Roadmap\UnlockRequestTest" file="/app/tests/Unit/Http/Requests/Roadmap/UnlockRequestTest.php" tests="1" assertions="1" errors="0" failures="0" skipped="0" time="0.046944">
        <testcase name="test_request_instance" file="/app/vendor/gammamatrix/playground-test/src/Unit/Http/Requests/RequestCase.php" line="41" class="Tests\Unit\Playground\Matrix\Api\Http\Requests\Roadmap\UnlockRequestTest" classname="Tests.Unit.Playground.Matrix.Api.Http.Requests.Roadmap.UnlockRequestTest" assertions="1" time="0.046944"/>
      </testsuite>
      <testsuite name="Tests\Unit\Playground\Matrix\Api\Http\Requests\Roadmap\UpdateRequestTest" file="/app/tests/Unit/Http/Requests/Roadmap/UpdateRequestTest.php" tests="3" assertions="8" errors="0" failures="0" skipped="0" time="0.160235">
        <testcase name="test_request_instance" file="/app/vendor/gammamatrix/playground-test/src/Unit/Http/Requests/RequestCase.php" line="41" class="Tests\Unit\Playground\Matrix\Api\Http\Requests\Roadmap\UpdateRequestTest" classname="Tests.Unit.Playground.Matrix.Api.Http.Requests.Roadmap.UpdateRequestTest" assertions="1" time="0.067289"/>
        <testcase name="test_UpdateRequest_rules_with_optional_revisions_disabled" file="/app/tests/Unit/Http/Requests/Roadmap/UpdateRequestTest.php" line="19" class="Tests\Unit\Playground\Matrix\Api\Http\Requests\Roadmap\UpdateRequestTest" classname="Tests.Unit.Playground.Matrix.Api.Http.Requests.Roadmap.UpdateRequestTest" assertions="3" time="0.047160"/>
        <testcase name="test_UpdateRequest_rules_with_optional_revisions_enabled" file="/app/tests/Unit/Http/Requests/Roadmap/UpdateRequestTest.php" line="29" class="Tests\Unit\Playground\Matrix\Api\Http\Requests\Roadmap\UpdateRequestTest" classname="Tests.Unit.Playground.Matrix.Api.Http.Requests.Roadmap.UpdateRequestTest" assertions="4" time="0.045785"/>
      </testsuite>
      <testsuite name="Tests\Unit\Playground\Matrix\Api\Http\Requests\Source\CreateRequestTest" file="/app/tests/Unit/Http/Requests/Source/CreateRequestTest.php" tests="1" assertions="1" errors="0" failures="0" skipped="0" time="0.065714">
        <testcase name="test_request_instance" file="/app/vendor/gammamatrix/playground-test/src/Unit/Http/Requests/RequestCase.php" line="41" class="Tests\Unit\Playground\Matrix\Api\Http\Requests\Source\CreateRequestTest" classname="Tests.Unit.Playground.Matrix.Api.Http.Requests.Source.CreateRequestTest" assertions="1" time="0.065714"/>
      </testsuite>
      <testsuite name="Tests\Unit\Playground\Matrix\Api\Http\Requests\Source\DestroyRequestTest" file="/app/tests/Unit/Http/Requests/Source/DestroyRequestTest.php" tests="1" assertions="1" errors="0" failures="0" skipped="0" time="0.047973">
        <testcase name="test_request_instance" file="/app/vendor/gammamatrix/playground-test/src/Unit/Http/Requests/RequestCase.php" line="41" class="Tests\Unit\Playground\Matrix\Api\Http\Requests\Source\DestroyRequestTest" classname="Tests.Unit.Playground.Matrix.Api.Http.Requests.Source.DestroyRequestTest" assertions="1" time="0.047973"/>
      </testsuite>
      <testsuite name="Tests\Unit\Playground\Matrix\Api\Http\Requests\Source\EditRequestTest" file="/app/tests/Unit/Http/Requests/Source/EditRequestTest.php" tests="1" assertions="1" errors="0" failures="0" skipped="0" time="0.061555">
        <testcase name="test_request_instance" file="/app/vendor/gammamatrix/playground-test/src/Unit/Http/Requests/RequestCase.php" line="41" class="Tests\Unit\Playground\Matrix\Api\Http\Requests\Source\EditRequestTest" classname="Tests.Unit.Playground.Matrix.Api.Http.Requests.Source.EditRequestTest" assertions="1" time="0.061555"/>
      </testsuite>
      <testsuite name="Tests\Unit\Playground\Matrix\Api\Http\Requests\Source\IndexRequestTest" file="/app/tests/Unit/Http/Requests/Source/IndexRequestTest.php" tests="1" assertions="1" errors="0" failures="0" skipped="0" time="0.105722">
        <testcase name="test_request_instance" file="/app/vendor/gammamatrix/playground-test/src/Unit/Http/Requests/RequestCase.php" line="41" class="Tests\Unit\Playground\Matrix\Api\Http\Requests\Source\IndexRequestTest" classname="Tests.Unit.Playground.Matrix.Api.Http.Requests.Source.IndexRequestTest" assertions="1" time="0.105722"/>
      </testsuite>
      <testsuite name="Tests\Unit\Playground\Matrix\Api\Http\Requests\Source\LockRequestTest" file="/app/tests/Unit/Http/Requests/Source/LockRequestTest.php" tests="1" assertions="1" errors="0" failures="0" skipped="0" time="0.049443">
        <testcase name="test_request_instance" file="/app/vendor/gammamatrix/playground-test/src/Unit/Http/Requests/RequestCase.php" line="41" class="Tests\Unit\Playground\Matrix\Api\Http\Requests\Source\LockRequestTest" classname="Tests.Unit.Playground.Matrix.Api.Http.Requests.Source.LockRequestTest" assertions="1" time="0.049443"/>
      </testsuite>
      <testsuite name="Tests\Unit\Playground\Matrix\Api\Http\Requests\Source\RestoreRequestTest" file="/app/tests/Unit/Http/Requests/Source/RestoreRequestTest.php" tests="1" assertions="1" errors="0" failures="0" skipped="0" time="0.046587">
        <testcase name="test_request_instance" file="/app/vendor/gammamatrix/playground-test/src/Unit/Http/Requests/RequestCase.php" line="41" class="Tests\Unit\Playground\Matrix\Api\Http\Requests\Source\RestoreRequestTest" classname="Tests.Unit.Playground.Matrix.Api.Http.Requests.Source.RestoreRequestTest" assertions="1" time="0.046587"/>
      </testsuite>
      <testsuite name="Tests\Unit\Playground\Matrix\Api\Http\Requests\Source\ShowRequestTest" file="/app/tests/Unit/Http/Requests/Source/ShowRequestTest.php" tests="1" assertions="1" errors="0" failures="0" skipped="0" time="0.048063">
[...]
        <testcase name="test_json_show_info_for_admin" file="/app/vendor/gammamatrix/playground-test/src/Feature/Http/Controllers/Resource/Playground/ShowJsonTrait.php" line="49" class="Tests\Feature\Playground\Matrix\Api\Http\Controllers\Playground\TicketRouteTest" classname="Tests.Feature.Playground.Matrix.Api.Http.Controllers.Playground.TicketRouteTest" assertions="132" time="0.464090"/>
        <testcase name="test_json_guest_cannot_store" file="/app/vendor/gammamatrix/playground-test/src/Feature/Http/Controllers/Resource/Playground/StoreJsonTrait.php" line="43" class="Tests\Feature\Playground\Matrix\Api\Http\Controllers\Playground\TicketRouteTest" classname="Tests.Feature.Playground.Matrix.Api.Http.Controllers.Playground.TicketRouteTest" assertions="3" time="0.414895"/>
        <testcase name="test_json_store_as_admin_without_payload_and_fail_validation" file="/app/vendor/gammamatrix/playground-test/src/Feature/Http/Controllers/Resource/Playground/StoreJsonTrait.php" line="66" class="Tests\Feature\Playground\Matrix\Api\Http\Controllers\Playground\TicketRouteTest" classname="Tests.Feature.Playground.Matrix.Api.Http.Controllers.Playground.TicketRouteTest" assertions="5" time="0.494565"/>
        <testcase name="test_json_store_as_admin_and_succeed" file="/app/vendor/gammamatrix/playground-test/src/Feature/Http/Controllers/Resource/Playground/StoreJsonTrait.php" line="92" class="Tests\Feature\Playground\Matrix\Api\Http\Controllers\Playground\TicketRouteTest" classname="Tests.Feature.Playground.Matrix.Api.Http.Controllers.Playground.TicketRouteTest" assertions="3" time="0.474768"/>
        <testcase name="test_json_guest_cannot_unlock" file="/app/vendor/gammamatrix/playground-test/src/Feature/Http/Controllers/Resource/Playground/UnlockJsonTrait.php" line="36" class="Tests\Feature\Playground\Matrix\Api\Http\Controllers\Playground\TicketRouteTest" classname="Tests.Feature.Playground.Matrix.Api.Http.Controllers.Playground.TicketRouteTest" assertions="3" time="0.483088"/>
        <testcase name="test_json_unlock_as_admin_and_succeed" file="/app/vendor/gammamatrix/playground-test/src/Feature/Http/Controllers/Resource/Playground/UnlockJsonTrait.php" line="68" class="Tests\Feature\Playground\Matrix\Api\Http\Controllers\Playground\TicketRouteTest" classname="Tests.Feature.Playground.Matrix.Api.Http.Controllers.Playground.TicketRouteTest" assertions="133" time="0.449782"/>
        <testcase name="test_json_unlock_as_admin_and_succeed_with_no_redirect" file="/app/vendor/gammamatrix/playground-test/src/Feature/Http/Controllers/Resource/Playground/UnlockJsonTrait.php" line="104" class="Tests\Feature\Playground\Matrix\Api\Http\Controllers\Playground\TicketRouteTest" classname="Tests.Feature.Playground.Matrix.Api.Http.Controllers.Playground.TicketRouteTest" assertions="133" time="0.519016"/>
        <testcase name="test_json_unlock_as_user_and_get_denied" file="/app/vendor/gammamatrix/playground-test/src/Feature/Http/Controllers/Resource/Playground/UnlockJsonTrait.php" line="145" class="Tests\Feature\Playground\Matrix\Api\Http\Controllers\Playground\TicketRouteTest" classname="Tests.Feature.Playground.Matrix.Api.Http.Controllers.Playground.TicketRouteTest" assertions="3" time="0.431970"/>
        <testcase name="test_json_guest_cannot_update" file="/app/vendor/gammamatrix/playground-test/src/Feature/Http/Controllers/Resource/Playground/UpdateJsonTrait.php" line="45" class="Tests\Feature\Playground\Matrix\Api\Http\Controllers\Playground\TicketRouteTest" classname="Tests.Feature.Playground.Matrix.Api.Http.Controllers.Playground.TicketRouteTest" assertions="1" time="0.417694"/>
        <testcase name="test_json_update_as_admin_without_payload_and_fail_validation" file="/app/vendor/gammamatrix/playground-test/src/Feature/Http/Controllers/Resource/Playground/UpdateJsonTrait.php" line="65" class="Tests\Feature\Playground\Matrix\Api\Http\Controllers\Playground\TicketRouteTest" classname="Tests.Feature.Playground.Matrix.Api.Http.Controllers.Playground.TicketRouteTest" assertions="4" time="0.515614"/>
        <testcase name="test_json_admin_can_update" file="/app/vendor/gammamatrix/playground-test/src/Feature/Http/Controllers/Resource/Playground/UpdateJsonTrait.php" line="90" class="Tests\Feature\Playground\Matrix\Api\Http\Controllers\Playground\TicketRouteTest" classname="Tests.Feature.Playground.Matrix.Api.Http.Controllers.Playground.TicketRouteTest" assertions="135" time="0.498627"/>
      </testsuite>
      <testsuite name="Tests\Feature\Playground\Matrix\Api\Http\Controllers\Playground\VersionRouteTest" file="/app/tests/Feature/Http/Controllers/Playground/VersionRouteTest.php" tests="35" assertions="931" errors="0" failures="0" skipped="0" time="16.137014">
        <testcase name="test_json_guest_cannot_get_create_info" file="/app/vendor/gammamatrix/playground-test/src/Feature/Http/Controllers/Resource/Playground/CreateJsonTrait.php" line="38" class="Tests\Feature\Playground\Matrix\Api\Http\Controllers\Playground\VersionRouteTest" classname="Tests.Feature.Playground.Matrix.Api.Http.Controllers.Playground.VersionRouteTest" assertions="1" time="0.487673"/>
        <testcase name="test_json_admin_can_get_create_info" file="/app/vendor/gammamatrix/playground-test/src/Feature/Http/Controllers/Resource/Playground/CreateJsonTrait.php" line="53" class="Tests\Feature\Playground\Matrix\Api\Http\Controllers\Playground\VersionRouteTest" classname="Tests.Feature.Playground.Matrix.Api.Http.Controllers.Playground.VersionRouteTest" assertions="92" time="0.450077"/>
        <testcase name="test_json_get_create_info_as_admin_with_invalid_parameter_and_fail_validation" file="/app/vendor/gammamatrix/playground-test/src/Feature/Http/Controllers/Resource/Playground/CreateJsonTrait.php" line="73" class="Tests\Feature\Playground\Matrix\Api\Http\Controllers\Playground\VersionRouteTest" classname="Tests.Feature.Playground.Matrix.Api.Http.Controllers.Playground.VersionRouteTest" assertions="4" time="0.479170"/>
        <testcase name="test_json_guest_cannot_destroy" file="/app/vendor/gammamatrix/playground-test/src/Feature/Http/Controllers/Resource/Playground/DestroyJsonTrait.php" line="31" class="Tests\Feature\Playground\Matrix\Api\Http\Controllers\Playground\VersionRouteTest" classname="Tests.Feature.Playground.Matrix.Api.Http.Controllers.Playground.VersionRouteTest" assertions="3" time="0.410546"/>
        <testcase name="test_json_destroy_as_admin_and_succeed" file="/app/vendor/gammamatrix/playground-test/src/Feature/Http/Controllers/Resource/Playground/DestroyJsonTrait.php" line="61" class="Tests\Feature\Playground\Matrix\Api\Http\Controllers\Playground\VersionRouteTest" classname="Tests.Feature.Playground.Matrix.Api.Http.Controllers.Playground.VersionRouteTest" assertions="5" time="0.429461"/>
        <testcase name="test_json_destroy_as_admin_and_succeed_with_force_delete" file="/app/vendor/gammamatrix/playground-test/src/Feature/Http/Controllers/Resource/Playground/DestroyJsonTrait.php" line="100" class="Tests\Feature\Playground\Matrix\Api\Http\Controllers\Playground\VersionRouteTest" classname="Tests.Feature.Playground.Matrix.Api.Http.Controllers.Playground.VersionRouteTest" assertions="4" time="0.481355"/>
        <testcase name="test_json_destroy_as_admin_and_succeed_with_no_content" file="/app/vendor/gammamatrix/playground-test/src/Feature/Http/Controllers/Resource/Playground/DestroyJsonTrait.php" line="132" class="Tests\Feature\Playground\Matrix\Api\Http\Controllers\Playground\VersionRouteTest" classname="Tests.Feature.Playground.Matrix.Api.Http.Controllers.Playground.VersionRouteTest" assertions="5" time="0.438581"/>
        <testcase name="test_json_destroy_as_admin_and_succeed_and_ignore_redirect" file="/app/vendor/gammamatrix/playground-test/src/Feature/Http/Controllers/Resource/Playground/DestroyJsonTrait.php" line="167" class="Tests\Feature\Playground\Matrix\Api\Http\Controllers\Playground\VersionRouteTest" classname="Tests.Feature.Playground.Matrix.Api.Http.Controllers.Playground.VersionRouteTest" assertions="5" time="0.484907"/>
        <testcase name="test_json_destroy_as_user_and_get_denied_and_no_force_delete_allowed" file="/app/vendor/gammamatrix/playground-test/src/Feature/Http/Controllers/Resource/Playground/DestroyJsonTrait.php" line="209" class="Tests\Feature\Playground\Matrix\Api\Http\Controllers\Playground\VersionRouteTest" classname="Tests.Feature.Playground.Matrix.Api.Http.Controllers.Playground.VersionRouteTest" assertions="3" time="0.431703"/>
        <testcase name="test_json_guest_cannot_get_edit_info" file="/app/vendor/gammamatrix/playground-test/src/Feature/Http/Controllers/Resource/Playground/EditJsonTrait.php" line="38" class="Tests\Feature\Playground\Matrix\Api\Http\Controllers\Playground\VersionRouteTest" classname="Tests.Feature.Playground.Matrix.Api.Http.Controllers.Playground.VersionRouteTest" assertions="1" time="0.480137"/>
        <testcase name="test_json_admin_can_get_edit_info" file="/app/vendor/gammamatrix/playground-test/src/Feature/Http/Controllers/Resource/Playground/EditJsonTrait.php" line="58" class="Tests\Feature\Playground\Matrix\Api\Http\Controllers\Playground\VersionRouteTest" classname="Tests.Feature.Playground.Matrix.Api.Http.Controllers.Playground.VersionRouteTest" assertions="4" time="0.437662"/>
        <testcase name="test_json_edit_as_admin_and_fail_validation_with_invalid_parameter" file="/app/vendor/gammamatrix/playground-test/src/Feature/Http/Controllers/Resource/Playground/EditJsonTrait.php" line="87" class="Tests\Feature\Playground\Matrix\Api\Http\Controllers\Playground\VersionRouteTest" classname="Tests.Feature.Playground.Matrix.Api.Http.Controllers.Playground.VersionRouteTest" assertions="4" time="0.456350"/>
        <testcase name="test_json_guest_cannot_get_index" file="/app/vendor/gammamatrix/playground-test/src/Feature/Http/Controllers/Resource/Playground/IndexJsonTrait.php" line="34" class="Tests\Feature\Playground\Matrix\Api\Http\Controllers\Playground\VersionRouteTest" classname="Tests.Feature.Playground.Matrix.Api.Http.Controllers.Playground.VersionRouteTest" assertions="1" time="0.477381"/>
        <testcase name="test_json_admin_can_get_index" file="/app/vendor/gammamatrix/playground-test/src/Feature/Http/Controllers/Resource/Playground/IndexJsonTrait.php" line="49" class="Tests\Feature\Playground\Matrix\Api\Http\Controllers\Playground\VersionRouteTest" classname="Tests.Feature.Playground.Matrix.Api.Http.Controllers.Playground.VersionRouteTest" assertions="99" time="0.440140"/>
        <testcase name="test_json_admin_can_get_index_with_filters" file="/app/vendor/gammamatrix/playground-test/src/Feature/Http/Controllers/Resource/Playground/IndexJsonTrait.php" line="85" class="Tests\Feature\Playground\Matrix\Api\Http\Controllers\Playground\VersionRouteTest" classname="Tests.Feature.Playground.Matrix.Api.Http.Controllers.Playground.VersionRouteTest" assertions="3" time="0.494495"/>
        <testcase name="test_json_guest_cannot_lock" file="/app/vendor/gammamatrix/playground-test/src/Feature/Http/Controllers/Resource/Playground/LockJsonTrait.php" line="36" class="Tests\Feature\Playground\Matrix\Api\Http\Controllers\Playground\VersionRouteTest" classname="Tests.Feature.Playground.Matrix.Api.Http.Controllers.Playground.VersionRouteTest" assertions="3" time="0.425530"/>
        <testcase name="test_json_lock_as_admin_and_succeed" file="/app/vendor/gammamatrix/playground-test/src/Feature/Http/Controllers/Resource/Playground/LockJsonTrait.php" line="66" class="Tests\Feature\Playground\Matrix\Api\Http\Controllers\Playground\VersionRouteTest" classname="Tests.Feature.Playground.Matrix.Api.Http.Controllers.Playground.VersionRouteTest" assertions="3" time="0.515590"/>
        <testcase name="test_json_lock_as_admin_and_succeed_with_no_redirect" file="/app/vendor/gammamatrix/playground-test/src/Feature/Http/Controllers/Resource/Playground/LockJsonTrait.php" line="98" class="Tests\Feature\Playground\Matrix\Api\Http\Controllers\Playground\VersionRouteTest" classname="Tests.Feature.Playground.Matrix.Api.Http.Controllers.Playground.VersionRouteTest" assertions="94" time="0.440441"/>
        <testcase name="test_json_lock_as_user_and_get_denied" file="/app/vendor/gammamatrix/playground-test/src/Feature/Http/Controllers/Resource/Playground/LockJsonTrait.php" line="143" class="Tests\Feature\Playground\Matrix\Api\Http\Controllers\Playground\VersionRouteTest" classname="Tests.Feature.Playground.Matrix.Api.Http.Controllers.Playground.VersionRouteTest" assertions="3" time="0.428171"/>
        <testcase name="test_json_guest_cannot_restore" file="/app/vendor/gammamatrix/playground-test/src/Feature/Http/Controllers/Resource/Playground/RestoreJsonTrait.php" line="32" class="Tests\Feature\Playground\Matrix\Api\Http\Controllers\Playground\VersionRouteTest" classname="Tests.Feature.Playground.Matrix.Api.Http.Controllers.Playground.VersionRouteTest" assertions="3" time="0.490062"/>
        <testcase name="test_json_restore_as_admin_and_succeed" file="/app/vendor/gammamatrix/playground-test/src/Feature/Http/Controllers/Resource/Playground/RestoreJsonTrait.php" line="64" class="Tests\Feature\Playground\Matrix\Api\Http\Controllers\Playground\VersionRouteTest" classname="Tests.Feature.Playground.Matrix.Api.Http.Controllers.Playground.VersionRouteTest" assertions="94" time="0.439900"/>
        <testcase name="test_json_restore_as_admin_and_succeed_with_no_redirect" file="/app/vendor/gammamatrix/playground-test/src/Feature/Http/Controllers/Resource/Playground/RestoreJsonTrait.php" line="100" class="Tests\Feature\Playground\Matrix\Api\Http\Controllers\Playground\VersionRouteTest" classname="Tests.Feature.Playground.Matrix.Api.Http.Controllers.Playground.VersionRouteTest" assertions="94" time="0.502619"/>
        <testcase name="test_json_restore_as_user_and_get_denied" file="/app/vendor/gammamatrix/playground-test/src/Feature/Http/Controllers/Resource/Playground/RestoreJsonTrait.php" line="143" class="Tests\Feature\Playground\Matrix\Api\Http\Controllers\Playground\VersionRouteTest" classname="Tests.Feature.Playground.Matrix.Api.Http.Controllers.Playground.VersionRouteTest" assertions="3" time="0.428505"/>
        <testcase name="test_json_guest_cannot_see_info" file="/app/vendor/gammamatrix/playground-test/src/Feature/Http/Controllers/Resource/Playground/ShowJsonTrait.php" line="29" class="Tests\Feature\Playground\Matrix\Api\Http\Controllers\Playground\VersionRouteTest" classname="Tests.Feature.Playground.Matrix.Api.Http.Controllers.Playground.VersionRouteTest" assertions="1" time="0.503360"/>
        <testcase name="test_json_show_info_for_admin" file="/app/vendor/gammamatrix/playground-test/src/Feature/Http/Controllers/Resource/Playground/ShowJsonTrait.php" line="49" class="Tests\Feature\Playground\Matrix\Api\Http\Controllers\Playground\VersionRouteTest" classname="Tests.Feature.Playground.Matrix.Api.Http.Controllers.Playground.VersionRouteTest" assertions="93" time="0.438567"/>
        <testcase name="test_json_guest_cannot_store" file="/app/vendor/gammamatrix/playground-test/src/Feature/Http/Controllers/Resource/Playground/StoreJsonTrait.php" line="43" class="Tests\Feature\Playground\Matrix\Api\Http\Controllers\Playground\VersionRouteTest" classname="Tests.Feature.Playground.Matrix.Api.Http.Controllers.Playground.VersionRouteTest" assertions="3" time="0.415673"/>
        <testcase name="test_json_store_as_admin_without_payload_and_fail_validation" file="/app/vendor/gammamatrix/playground-test/src/Feature/Http/Controllers/Resource/Playground/StoreJsonTrait.php" line="66" class="Tests\Feature\Playground\Matrix\Api\Http\Controllers\Playground\VersionRouteTest" classname="Tests.Feature.Playground.Matrix.Api.Http.Controllers.Playground.VersionRouteTest" assertions="5" time="0.513572"/>
        <testcase name="test_json_store_as_admin_and_succeed" file="/app/vendor/gammamatrix/playground-test/src/Feature/Http/Controllers/Resource/Playground/StoreJsonTrait.php" line="92" class="Tests\Feature\Playground\Matrix\Api\Http\Controllers\Playground\VersionRouteTest" classname="Tests.Feature.Playground.Matrix.Api.Http.Controllers.Playground.VersionRouteTest" assertions="3" time="0.458826"/>
        <testcase name="test_json_guest_cannot_unlock" file="/app/vendor/gammamatrix/playground-test/src/Feature/Http/Controllers/Resource/Playground/UnlockJsonTrait.php" line="36" class="Tests\Feature\Playground\Matrix\Api\Http\Controllers\Playground\VersionRouteTest" classname="Tests.Feature.Playground.Matrix.Api.Http.Controllers.Playground.VersionRouteTest" assertions="3" time="0.470573"/>
        <testcase name="test_json_unlock_as_admin_and_succeed" file="/app/vendor/gammamatrix/playground-test/src/Feature/Http/Controllers/Resource/Playground/UnlockJsonTrait.php" line="68" class="Tests\Feature\Playground\Matrix\Api\Http\Controllers\Playground\VersionRouteTest" classname="Tests.Feature.Playground.Matrix.Api.Http.Controllers.Playground.VersionRouteTest" assertions="94" time="0.438138"/>
        <testcase name="test_json_unlock_as_admin_and_succeed_with_no_redirect" file="/app/vendor/gammamatrix/playground-test/src/Feature/Http/Controllers/Resource/Playground/UnlockJsonTrait.php" line="104" class="Tests\Feature\Playground\Matrix\Api\Http\Controllers\Playground\VersionRouteTest" classname="Tests.Feature.Playground.Matrix.Api.Http.Controllers.Playground.VersionRouteTest" assertions="94" time="0.516759"/>
        <testcase name="test_json_unlock_as_user_and_get_denied" file="/app/vendor/gammamatrix/playground-test/src/Feature/Http/Controllers/Resource/Playground/UnlockJsonTrait.php" line="145" class="Tests\Feature\Playground\Matrix\Api\Http\Controllers\Playground\VersionRouteTest" classname="Tests.Feature.Playground.Matrix.Api.Http.Controllers.Playground.VersionRouteTest" assertions="3" time="0.438088"/>
        <testcase name="test_json_guest_cannot_update" file="/app/vendor/gammamatrix/playground-test/src/Feature/Http/Controllers/Resource/Playground/UpdateJsonTrait.php" line="45" class="Tests\Feature\Playground\Matrix\Api\Http\Controllers\Playground\VersionRouteTest" classname="Tests.Feature.Playground.Matrix.Api.Http.Controllers.Playground.VersionRouteTest" assertions="1" time="0.414399"/>
        <testcase name="test_json_update_as_admin_without_payload_and_fail_validation" file="/app/vendor/gammamatrix/playground-test/src/Feature/Http/Controllers/Resource/Playground/UpdateJsonTrait.php" line="65" class="Tests\Feature\Playground\Matrix\Api\Http\Controllers\Playground\VersionRouteTest" classname="Tests.Feature.Playground.Matrix.Api.Http.Controllers.Playground.VersionRouteTest" assertions="4" time="0.497131"/>
        <testcase name="test_json_admin_can_update" file="/app/vendor/gammamatrix/playground-test/src/Feature/Http/Controllers/Resource/Playground/UpdateJsonTrait.php" line="90" class="Tests\Feature\Playground\Matrix\Api\Http\Controllers\Playground\VersionRouteTest" classname="Tests.Feature.Playground.Matrix.Api.Http.Controllers.Playground.VersionRouteTest" assertions="96" time="0.481473"/>
      </testsuite>
      <testsuite name="Tests\Feature\Playground\Matrix\Api\Http\Requests\FormRequest\InstanceTest" file="/app/tests/Feature/Http/Requests/FormRequest/InstanceTest.php" tests="1" assertions="1" errors="0" failures="0" skipped="0" time="0.458820">
        <testcase name="test_FormRequest_authorize_with_admin" file="/app/tests/Feature/Http/Requests/FormRequest/InstanceTest.php" line="21" class="Tests\Feature\Playground\Matrix\Api\Http\Requests\FormRequest\InstanceTest" classname="Tests.Feature.Playground.Matrix.Api.Http.Requests.FormRequest.InstanceTest" assertions="1" time="0.458820"/>
      </testsuite>
    </testsuite>
  </testsuite>
</testsuites>
