<?xml version="1.0" encoding="UTF-8"?>
<testsuites>
  <testsuite name="/app/phpunit.xml.dist" tests="438" assertions="11929" errors="0" failures="0" skipped="0" time="186.668054">
    <testsuite name="Unit" tests="2" assertions="2" errors="0" failures="0" skipped="0" time="0.402521">
      <testsuite name="Tests\Unit\Playground\Matrix\Api\Http\Requests\Backlog\CreateRequestTest" file="/app/tests/Unit/Http/Requests/Backlog/CreateRequestTest.php" tests="1" assertions="1" errors="0" failures="0" skipped="0" time="0.358855">
        <testcase name="test_request_instance" file="/app/vendor/gammamatrix/playground-test/src/Unit/Http/Requests/RequestCase.php" line="41" class="Tests\Unit\Playground\Matrix\Api\Http\Requests\Backlog\CreateRequestTest" classname="Tests.Unit.Playground.Matrix.Api.Http.Requests.Backlog.CreateRequestTest" assertions="1" time="0.358855"/>
      </testsuite>
      <testsuite name="Tests\Unit\Playground\Matrix\Api\Policies\BacklogPolicy\PolicyTest" file="/app/tests/Unit/Policies/BacklogPolicy/PolicyTest.php" tests="1" assertions="1" errors="0" failures="0" skipped="0" time="0.043666">
        <testcase name="test_policy_instance" file="/app/tests/Unit/Policies/BacklogPolicy/PolicyTest.php" line="18" class="Tests\Unit\Playground\Matrix\Api\Policies\BacklogPolicy\PolicyTest" classname="Tests.Unit.Playground.Matrix.Api.Policies.BacklogPolicy.PolicyTest" assertions="1" time="0.043666"/>
      </testsuite>
    </testsuite>
    <testsuite name="Feature" tests="436" assertions="11927" errors="0" failures="0" skipped="0" time="186.265533">
      <testsuite name="Tests\Feature\Playground\Matrix\Api\Console\Commands\About\CommandTest" file="/app/tests/Feature/Console/Commands/About/CommandTest.php" tests="1" assertions="2" errors="0" failures="0" skipped="0" time="0.258184">
        <testcase name="test_command_about_displays_package_information_and_succeed_with_code_0" file="/app/tests/Feature/Console/Commands/About/CommandTest.php" line="19" class="Tests\Feature\Playground\Matrix\Api\Console\Commands\About\CommandTest" classname="Tests.Feature.Playground.Matrix.Api.Console.Commands.About.CommandTest" assertions="2" time="0.258184"/>
      </testsuite>
      <testsuite name="Tests\Feature\Playground\Matrix\Api\Http\Controllers\Playground\BacklogRouteTest" file="/app/tests/Feature/Http/Controllers/Playground/BacklogRouteTest.php" tests="29" assertions="811" errors="0" failures="0" skipped="0" time="12.336051">
        <testcase name="test_json_guest_cannot_get_create_info" file="/app/vendor/gammamatrix/playground-test/src/Feature/Http/Controllers/Resource/Playground/CreateJsonTrait.php" line="38" class="Tests\Feature\Playground\Matrix\Api\Http\Controllers\Playground\BacklogRouteTest" classname="Tests.Feature.Playground.Matrix.Api.Http.Controllers.Playground.BacklogRouteTest" assertions="1" time="0.460870"/>
        <testcase name="test_json_admin_can_get_create_info" file="/app/vendor/gammamatrix/playground-test/src/Feature/Http/Controllers/Resource/Playground/CreateJsonTrait.php" line="53" class="Tests\Feature\Playground\Matrix\Api\Http\Controllers\Playground\BacklogRouteTest" classname="Tests.Feature.Playground.Matrix.Api.Http.Controllers.Playground.BacklogRouteTest" assertions="91" time="0.448729"/>
        <testcase name="test_json_get_create_info_as_admin_with_invalid_parameter_and_fail_validation" file="/app/vendor/gammamatrix/playground-test/src/Feature/Http/Controllers/Resource/Playground/CreateJsonTrait.php" line="73" class="Tests\Feature\Playground\Matrix\Api\Http\Controllers\Playground\BacklogRouteTest" classname="Tests.Feature.Playground.Matrix.Api.Http.Controllers.Playground.BacklogRouteTest" assertions="4" time="0.401183"/>
        <testcase name="test_json_guest_cannot_destroy" file="/app/vendor/gammamatrix/playground-test/src/Feature/Http/Controllers/Resource/Playground/DestroyJsonTrait.php" line="31" class="Tests\Feature\Playground\Matrix\Api\Http\Controllers\Playground\BacklogRouteTest" classname="Tests.Feature.Playground.Matrix.Api.Http.Controllers.Playground.BacklogRouteTest" assertions="3" time="0.403591"/>
        <testcase name="test_json_destroy_as_admin_and_succeed" file="/app/vendor/gammamatrix/playground-test/src/Feature/Http/Controllers/Resource/Playground/DestroyJsonTrait.php" line="61" class="Tests\Feature\Playground\Matrix\Api\Http\Controllers\Playground\BacklogRouteTest" classname="Tests.Feature.Playground.Matrix.Api.Http.Controllers.Playground.BacklogRouteTest" assertions="5" time="0.459569"/>
        <testcase name="test_json_destroy_as_admin_and_succeed_with_force_delete" file="/app/vendor/gammamatrix/playground-test/src/Feature/Http/Controllers/Resource/Playground/DestroyJsonTrait.php" line="100" class="Tests\Feature\Playground\Matrix\Api\Http\Controllers\Playground\BacklogRouteTest" classname="Tests.Feature.Playground.Matrix.Api.Http.Controllers.Playground.BacklogRouteTest" assertions="4" time="0.403924"/>
        <testcase name="test_json_destroy_as_admin_and_succeed_with_no_content" file="/app/vendor/gammamatrix/playground-test/src/Feature/Http/Controllers/Resource/Playground/DestroyJsonTrait.php" line="132" class="Tests\Feature\Playground\Matrix\Api\Http\Controllers\Playground\BacklogRouteTest" classname="Tests.Feature.Playground.Matrix.Api.Http.Controllers.Playground.BacklogRouteTest" assertions="5" time="0.404205"/>
        <testcase name="test_json_destroy_as_admin_and_succeed_and_ignore_redirect" file="/app/vendor/gammamatrix/playground-test/src/Feature/Http/Controllers/Resource/Playground/DestroyJsonTrait.php" line="167" class="Tests\Feature\Playground\Matrix\Api\Http\Controllers\Playground\BacklogRouteTest" classname="Tests.Feature.Playground.Matrix.Api.Http.Controllers.Playground.BacklogRouteTest" assertions="5" time="0.409880"/>
        <testcase name="test_json_destroy_as_user_and_get_denied_and_no_force_delete_allowed" file="/app/vendor/gammamatrix/playground-test/src/Feature/Http/Controllers/Resource/Playground/DestroyJsonTrait.php" line="209" class="Tests\Feature\Playground\Matrix\Api\Http\Controllers\Playground\BacklogRouteTest" classname="Tests.Feature.Playground.Matrix.Api.Http.Controllers.Playground.BacklogRouteTest" assertions="3" time="0.404704"/>
        <testcase name="test_json_guest_cannot_get_edit_info" file="/app/vendor/gammamatrix/playground-test/src/Feature/Http/Controllers/Resource/Playground/EditJsonTrait.php" line="38" class="Tests\Feature\Playground\Matrix\Api\Http\Controllers\Playground\BacklogRouteTest" classname="Tests.Feature.Playground.Matrix.Api.Http.Controllers.Playground.BacklogRouteTest" assertions="1" time="0.391941"/>
        <testcase name="test_json_admin_can_get_edit_info" file="/app/vendor/gammamatrix/playground-test/src/Feature/Http/Controllers/Resource/Playground/EditJsonTrait.php" line="58" class="Tests\Feature\Playground\Matrix\Api\Http\Controllers\Playground\BacklogRouteTest" classname="Tests.Feature.Playground.Matrix.Api.Http.Controllers.Playground.BacklogRouteTest" assertions="4" time="0.453388"/>
        <testcase name="test_json_edit_as_admin_and_fail_validation_with_invalid_parameter" file="/app/vendor/gammamatrix/playground-test/src/Feature/Http/Controllers/Resource/Playground/EditJsonTrait.php" line="87" class="Tests\Feature\Playground\Matrix\Api\Http\Controllers\Playground\BacklogRouteTest" classname="Tests.Feature.Playground.Matrix.Api.Http.Controllers.Playground.BacklogRouteTest" assertions="4" time="0.413330"/>
        <testcase name="test_json_guest_cannot_get_index" file="/app/vendor/gammamatrix/playground-test/src/Feature/Http/Controllers/Resource/Playground/IndexJsonTrait.php" line="34" class="Tests\Feature\Playground\Matrix\Api\Http\Controllers\Playground\BacklogRouteTest" classname="Tests.Feature.Playground.Matrix.Api.Http.Controllers.Playground.BacklogRouteTest" assertions="1" time="0.398832"/>
        <testcase name="test_json_admin_can_get_index" file="/app/vendor/gammamatrix/playground-test/src/Feature/Http/Controllers/Resource/Playground/IndexJsonTrait.php" line="49" class="Tests\Feature\Playground\Matrix\Api\Http\Controllers\Playground\BacklogRouteTest" classname="Tests.Feature.Playground.Matrix.Api.Http.Controllers.Playground.BacklogRouteTest" assertions="98" time="0.486800"/>
        <testcase name="test_json_admin_can_get_index_with_filters" file="/app/vendor/gammamatrix/playground-test/src/Feature/Http/Controllers/Resource/Playground/IndexJsonTrait.php" line="85" class="Tests\Feature\Playground\Matrix\Api\Http\Controllers\Playground\BacklogRouteTest" classname="Tests.Feature.Playground.Matrix.Api.Http.Controllers.Playground.BacklogRouteTest" assertions="3" time="0.417301"/>
        <testcase name="test_json_guest_cannot_lock" file="/app/vendor/gammamatrix/playground-test/src/Feature/Http/Controllers/Resource/Playground/LockJsonTrait.php" line="36" class="Tests\Feature\Playground\Matrix\Api\Http\Controllers\Playground\BacklogRouteTest" classname="Tests.Feature.Playground.Matrix.Api.Http.Controllers.Playground.BacklogRouteTest" assertions="3" time="0.395354"/>
        <testcase name="test_json_lock_as_admin_and_succeed" file="/app/vendor/gammamatrix/playground-test/src/Feature/Http/Controllers/Resource/Playground/LockJsonTrait.php" line="66" class="Tests\Feature\Playground\Matrix\Api\Http\Controllers\Playground\BacklogRouteTest" classname="Tests.Feature.Playground.Matrix.Api.Http.Controllers.Playground.BacklogRouteTest" assertions="3" time="0.422826"/>
        <testcase name="test_json_lock_as_admin_and_succeed_with_no_redirect" file="/app/vendor/gammamatrix/playground-test/src/Feature/Http/Controllers/Resource/Playground/LockJsonTrait.php" line="98" class="Tests\Feature\Playground\Matrix\Api\Http\Controllers\Playground\BacklogRouteTest" classname="Tests.Feature.Playground.Matrix.Api.Http.Controllers.Playground.BacklogRouteTest" assertions="93" time="0.437724"/>
        <testcase name="test_json_lock_as_user_and_get_denied" file="/app/vendor/gammamatrix/playground-test/src/Feature/Http/Controllers/Resource/Playground/LockJsonTrait.php" line="143" class="Tests\Feature\Playground\Matrix\Api\Http\Controllers\Playground\BacklogRouteTest" classname="Tests.Feature.Playground.Matrix.Api.Http.Controllers.Playground.BacklogRouteTest" assertions="3" time="0.421684"/>
        <testcase name="test_json_guest_cannot_restore" file="/app/vendor/gammamatrix/playground-test/src/Feature/Http/Controllers/Resource/Playground/RestoreJsonTrait.php" line="32" class="Tests\Feature\Playground\Matrix\Api\Http\Controllers\Playground\BacklogRouteTest" classname="Tests.Feature.Playground.Matrix.Api.Http.Controllers.Playground.BacklogRouteTest" assertions="3" time="0.424196"/>
        <testcase name="test_json_restore_as_admin_and_succeed" file="/app/vendor/gammamatrix/playground-test/src/Feature/Http/Controllers/Resource/Playground/RestoreJsonTrait.php" line="64" class="Tests\Feature\Playground\Matrix\Api\Http\Controllers\Playground\BacklogRouteTest" classname="Tests.Feature.Playground.Matrix.Api.Http.Controllers.Playground.BacklogRouteTest" assertions="93" time="0.440015"/>
        <testcase name="test_json_restore_as_admin_and_succeed_with_no_redirect" file="/app/vendor/gammamatrix/playground-test/src/Feature/Http/Controllers/Resource/Playground/RestoreJsonTrait.php" line="100" class="Tests\Feature\Playground\Matrix\Api\Http\Controllers\Playground\BacklogRouteTest" classname="Tests.Feature.Playground.Matrix.Api.Http.Controllers.Playground.BacklogRouteTest" assertions="93" time="0.434569"/>
        <testcase name="test_json_restore_as_user_and_get_denied" file="/app/vendor/gammamatrix/playground-test/src/Feature/Http/Controllers/Resource/Playground/RestoreJsonTrait.php" line="143" class="Tests\Feature\Playground\Matrix\Api\Http\Controllers\Playground\BacklogRouteTest" classname="Tests.Feature.Playground.Matrix.Api.Http.Controllers.Playground.BacklogRouteTest" assertions="3" time="0.427889"/>
        <testcase name="test_json_guest_cannot_see_info" file="/app/vendor/gammamatrix/playground-test/src/Feature/Http/Controllers/Resource/Playground/ShowJsonTrait.php" line="29" class="Tests\Feature\Playground\Matrix\Api\Http\Controllers\Playground\BacklogRouteTest" classname="Tests.Feature.Playground.Matrix.Api.Http.Controllers.Playground.BacklogRouteTest" assertions="1" time="0.412578"/>
        <testcase name="test_json_show_info_for_admin" file="/app/vendor/gammamatrix/playground-test/src/Feature/Http/Controllers/Resource/Playground/ShowJsonTrait.php" line="49" class="Tests\Feature\Playground\Matrix\Api\Http\Controllers\Playground\BacklogRouteTest" classname="Tests.Feature.Playground.Matrix.Api.Http.Controllers.Playground.BacklogRouteTest" assertions="92" time="0.438598"/>
        <testcase name="test_json_guest_cannot_unlock" file="/app/vendor/gammamatrix/playground-test/src/Feature/Http/Controllers/Resource/Playground/UnlockJsonTrait.php" line="36" class="Tests\Feature\Playground\Matrix\Api\Http\Controllers\Playground\BacklogRouteTest" classname="Tests.Feature.Playground.Matrix.Api.Http.Controllers.Playground.BacklogRouteTest" assertions="3" time="0.410613"/>
        <testcase name="test_json_unlock_as_admin_and_succeed" file="/app/vendor/gammamatrix/playground-test/src/Feature/Http/Controllers/Resource/Playground/UnlockJsonTrait.php" line="68" class="Tests\Feature\Playground\Matrix\Api\Http\Controllers\Playground\BacklogRouteTest" classname="Tests.Feature.Playground.Matrix.Api.Http.Controllers.Playground.BacklogRouteTest" assertions="93" time="0.447465"/>
        <testcase name="test_json_unlock_as_admin_and_succeed_with_no_redirect" file="/app/vendor/gammamatrix/playground-test/src/Feature/Http/Controllers/Resource/Playground/UnlockJsonTrait.php" line="104" class="Tests\Feature\Playground\Matrix\Api\Http\Controllers\Playground\BacklogRouteTest" classname="Tests.Feature.Playground.Matrix.Api.Http.Controllers.Playground.BacklogRouteTest" assertions="93" time="0.438821"/>
        <testcase name="test_json_unlock_as_user_and_get_denied" file="/app/vendor/gammamatrix/playground-test/src/Feature/Http/Controllers/Resource/Playground/UnlockJsonTrait.php" line="145" class="Tests\Feature\Playground\Matrix\Api\Http\Controllers\Playground\BacklogRouteTest" classname="Tests.Feature.Playground.Matrix.Api.Http.Controllers.Playground.BacklogRouteTest" assertions="3" time="0.425470"/>
      </testsuite>
      <testsuite name="Tests\Feature\Playground\Matrix\Api\Http\Controllers\Playground\BoardRouteTest" file="/app/tests/Feature/Http/Controllers/Playground/BoardRouteTest.php" tests="29" assertions="811" errors="0" failures="0" skipped="0" time="12.122600">
        <testcase name="test_json_guest_cannot_get_create_info" file="/app/vendor/gammamatrix/playground-test/src/Feature/Http/Controllers/Resource/Playground/CreateJsonTrait.php" line="38" class="Tests\Feature\Playground\Matrix\Api\Http\Controllers\Playground\BoardRouteTest" classname="Tests.Feature.Playground.Matrix.Api.Http.Controllers.Playground.BoardRouteTest" assertions="1" time="0.432813"/>
        <testcase name="test_json_admin_can_get_create_info" file="/app/vendor/gammamatrix/playground-test/src/Feature/Http/Controllers/Resource/Playground/CreateJsonTrait.php" line="53" class="Tests\Feature\Playground\Matrix\Api\Http\Controllers\Playground\BoardRouteTest" classname="Tests.Feature.Playground.Matrix.Api.Http.Controllers.Playground.BoardRouteTest" assertions="91" time="0.440997"/>
        <testcase name="test_json_get_create_info_as_admin_with_invalid_parameter_and_fail_validation" file="/app/vendor/gammamatrix/playground-test/src/Feature/Http/Controllers/Resource/Playground/CreateJsonTrait.php" line="73" class="Tests\Feature\Playground\Matrix\Api\Http\Controllers\Playground\BoardRouteTest" classname="Tests.Feature.Playground.Matrix.Api.Http.Controllers.Playground.BoardRouteTest" assertions="4" time="0.401334"/>
        <testcase name="test_json_guest_cannot_destroy" file="/app/vendor/gammamatrix/playground-test/src/Feature/Http/Controllers/Resource/Playground/DestroyJsonTrait.php" line="31" class="Tests\Feature\Playground\Matrix\Api\Http\Controllers\Playground\BoardRouteTest" classname="Tests.Feature.Playground.Matrix.Api.Http.Controllers.Playground.BoardRouteTest" assertions="3" time="0.400784"/>
        <testcase name="test_json_destroy_as_admin_and_succeed" file="/app/vendor/gammamatrix/playground-test/src/Feature/Http/Controllers/Resource/Playground/DestroyJsonTrait.php" line="61" class="Tests\Feature\Playground\Matrix\Api\Http\Controllers\Playground\BoardRouteTest" classname="Tests.Feature.Playground.Matrix.Api.Http.Controllers.Playground.BoardRouteTest" assertions="5" time="0.421956"/>
        <testcase name="test_json_destroy_as_admin_and_succeed_with_force_delete" file="/app/vendor/gammamatrix/playground-test/src/Feature/Http/Controllers/Resource/Playground/DestroyJsonTrait.php" line="100" class="Tests\Feature\Playground\Matrix\Api\Http\Controllers\Playground\BoardRouteTest" classname="Tests.Feature.Playground.Matrix.Api.Http.Controllers.Playground.BoardRouteTest" assertions="4" time="0.406722"/>
        <testcase name="test_json_destroy_as_admin_and_succeed_with_no_content" file="/app/vendor/gammamatrix/playground-test/src/Feature/Http/Controllers/Resource/Playground/DestroyJsonTrait.php" line="132" class="Tests\Feature\Playground\Matrix\Api\Http\Controllers\Playground\BoardRouteTest" classname="Tests.Feature.Playground.Matrix.Api.Http.Controllers.Playground.BoardRouteTest" assertions="5" time="0.406180"/>
        <testcase name="test_json_destroy_as_admin_and_succeed_and_ignore_redirect" file="/app/vendor/gammamatrix/playground-test/src/Feature/Http/Controllers/Resource/Playground/DestroyJsonTrait.php" line="167" class="Tests\Feature\Playground\Matrix\Api\Http\Controllers\Playground\BoardRouteTest" classname="Tests.Feature.Playground.Matrix.Api.Http.Controllers.Playground.BoardRouteTest" assertions="5" time="0.414830"/>
        <testcase name="test_json_destroy_as_user_and_get_denied_and_no_force_delete_allowed" file="/app/vendor/gammamatrix/playground-test/src/Feature/Http/Controllers/Resource/Playground/DestroyJsonTrait.php" line="209" class="Tests\Feature\Playground\Matrix\Api\Http\Controllers\Playground\BoardRouteTest" classname="Tests.Feature.Playground.Matrix.Api.Http.Controllers.Playground.BoardRouteTest" assertions="3" time="0.408129"/>
        <testcase name="test_json_guest_cannot_get_edit_info" file="/app/vendor/gammamatrix/playground-test/src/Feature/Http/Controllers/Resource/Playground/EditJsonTrait.php" line="38" class="Tests\Feature\Playground\Matrix\Api\Http\Controllers\Playground\BoardRouteTest" classname="Tests.Feature.Playground.Matrix.Api.Http.Controllers.Playground.BoardRouteTest" assertions="1" time="0.396647"/>
        <testcase name="test_json_admin_can_get_edit_info" file="/app/vendor/gammamatrix/playground-test/src/Feature/Http/Controllers/Resource/Playground/EditJsonTrait.php" line="58" class="Tests\Feature\Playground\Matrix\Api\Http\Controllers\Playground\BoardRouteTest" classname="Tests.Feature.Playground.Matrix.Api.Http.Controllers.Playground.BoardRouteTest" assertions="4" time="0.446684"/>
        <testcase name="test_json_edit_as_admin_and_fail_validation_with_invalid_parameter" file="/app/vendor/gammamatrix/playground-test/src/Feature/Http/Controllers/Resource/Playground/EditJsonTrait.php" line="87" class="Tests\Feature\Playground\Matrix\Api\Http\Controllers\Playground\BoardRouteTest" classname="Tests.Feature.Playground.Matrix.Api.Http.Controllers.Playground.BoardRouteTest" assertions="4" time="0.416820"/>
        <testcase name="test_json_guest_cannot_get_index" file="/app/vendor/gammamatrix/playground-test/src/Feature/Http/Controllers/Resource/Playground/IndexJsonTrait.php" line="34" class="Tests\Feature\Playground\Matrix\Api\Http\Controllers\Playground\BoardRouteTest" classname="Tests.Feature.Playground.Matrix.Api.Http.Controllers.Playground.BoardRouteTest" assertions="1" time="0.401878"/>
        <testcase name="test_json_admin_can_get_index" file="/app/vendor/gammamatrix/playground-test/src/Feature/Http/Controllers/Resource/Playground/IndexJsonTrait.php" line="49" class="Tests\Feature\Playground\Matrix\Api\Http\Controllers\Playground\BoardRouteTest" classname="Tests.Feature.Playground.Matrix.Api.Http.Controllers.Playground.BoardRouteTest" assertions="98" time="0.461690"/>
        <testcase name="test_json_admin_can_get_index_with_filters" file="/app/vendor/gammamatrix/playground-test/src/Feature/Http/Controllers/Resource/Playground/IndexJsonTrait.php" line="85" class="Tests\Feature\Playground\Matrix\Api\Http\Controllers\Playground\BoardRouteTest" classname="Tests.Feature.Playground.Matrix.Api.Http.Controllers.Playground.BoardRouteTest" assertions="3" time="0.436779"/>
        <testcase name="test_json_guest_cannot_lock" file="/app/vendor/gammamatrix/playground-test/src/Feature/Http/Controllers/Resource/Playground/LockJsonTrait.php" line="36" class="Tests\Feature\Playground\Matrix\Api\Http\Controllers\Playground\BoardRouteTest" classname="Tests.Feature.Playground.Matrix.Api.Http.Controllers.Playground.BoardRouteTest" assertions="3" time="0.398204"/>
        <testcase name="test_json_lock_as_admin_and_succeed" file="/app/vendor/gammamatrix/playground-test/src/Feature/Http/Controllers/Resource/Playground/LockJsonTrait.php" line="66" class="Tests\Feature\Playground\Matrix\Api\Http\Controllers\Playground\BoardRouteTest" classname="Tests.Feature.Playground.Matrix.Api.Http.Controllers.Playground.BoardRouteTest" assertions="3" time="0.427277"/>
        <testcase name="test_json_lock_as_admin_and_succeed_with_no_redirect" file="/app/vendor/gammamatrix/playground-test/src/Feature/Http/Controllers/Resource/Playground/LockJsonTrait.php" line="98" class="Tests\Feature\Playground\Matrix\Api\Http\Controllers\Playground\BoardRouteTest" classname="Tests.Feature.Playground.Matrix.Api.Http.Controllers.Playground.BoardRouteTest" assertions="93" time="0.414027"/>
        <testcase name="test_json_lock_as_user_and_get_denied" file="/app/vendor/gammamatrix/playground-test/src/Feature/Http/Controllers/Resource/Playground/LockJsonTrait.php" line="143" class="Tests\Feature\Playground\Matrix\Api\Http\Controllers\Playground\BoardRouteTest" classname="Tests.Feature.Playground.Matrix.Api.Http.Controllers.Playground.BoardRouteTest" assertions="3" time="0.417448"/>
        <testcase name="test_json_guest_cannot_restore" file="/app/vendor/gammamatrix/playground-test/src/Feature/Http/Controllers/Resource/Playground/RestoreJsonTrait.php" line="32" class="Tests\Feature\Playground\Matrix\Api\Http\Controllers\Playground\BoardRouteTest" classname="Tests.Feature.Playground.Matrix.Api.Http.Controllers.Playground.BoardRouteTest" assertions="3" time="0.408972"/>
        <testcase name="test_json_restore_as_admin_and_succeed" file="/app/vendor/gammamatrix/playground-test/src/Feature/Http/Controllers/Resource/Playground/RestoreJsonTrait.php" line="64" class="Tests\Feature\Playground\Matrix\Api\Http\Controllers\Playground\BoardRouteTest" classname="Tests.Feature.Playground.Matrix.Api.Http.Controllers.Playground.BoardRouteTest" assertions="93" time="0.421123"/>
        <testcase name="test_json_restore_as_admin_and_succeed_with_no_redirect" file="/app/vendor/gammamatrix/playground-test/src/Feature/Http/Controllers/Resource/Playground/RestoreJsonTrait.php" line="100" class="Tests\Feature\Playground\Matrix\Api\Http\Controllers\Playground\BoardRouteTest" classname="Tests.Feature.Playground.Matrix.Api.Http.Controllers.Playground.BoardRouteTest" assertions="93" time="0.424713"/>
        <testcase name="test_json_restore_as_user_and_get_denied" file="/app/vendor/gammamatrix/playground-test/src/Feature/Http/Controllers/Resource/Playground/RestoreJsonTrait.php" line="143" class="Tests\Feature\Playground\Matrix\Api\Http\Controllers\Playground\BoardRouteTest" classname="Tests.Feature.Playground.Matrix.Api.Http.Controllers.Playground.BoardRouteTest" assertions="3" time="0.412070"/>
        <testcase name="test_json_guest_cannot_see_info" file="/app/vendor/gammamatrix/playground-test/src/Feature/Http/Controllers/Resource/Playground/ShowJsonTrait.php" line="29" class="Tests\Feature\Playground\Matrix\Api\Http\Controllers\Playground\BoardRouteTest" classname="Tests.Feature.Playground.Matrix.Api.Http.Controllers.Playground.BoardRouteTest" assertions="1" time="0.398797"/>
        <testcase name="test_json_show_info_for_admin" file="/app/vendor/gammamatrix/playground-test/src/Feature/Http/Controllers/Resource/Playground/ShowJsonTrait.php" line="49" class="Tests\Feature\Playground\Matrix\Api\Http\Controllers\Playground\BoardRouteTest" classname="Tests.Feature.Playground.Matrix.Api.Http.Controllers.Playground.BoardRouteTest" assertions="92" time="0.420764"/>
        <testcase name="test_json_guest_cannot_unlock" file="/app/vendor/gammamatrix/playground-test/src/Feature/Http/Controllers/Resource/Playground/UnlockJsonTrait.php" line="36" class="Tests\Feature\Playground\Matrix\Api\Http\Controllers\Playground\BoardRouteTest" classname="Tests.Feature.Playground.Matrix.Api.Http.Controllers.Playground.BoardRouteTest" assertions="3" time="0.412610"/>
        <testcase name="test_json_unlock_as_admin_and_succeed" file="/app/vendor/gammamatrix/playground-test/src/Feature/Http/Controllers/Resource/Playground/UnlockJsonTrait.php" line="68" class="Tests\Feature\Playground\Matrix\Api\Http\Controllers\Playground\BoardRouteTest" classname="Tests.Feature.Playground.Matrix.Api.Http.Controllers.Playground.BoardRouteTest" assertions="93" time="0.440780"/>
        <testcase name="test_json_unlock_as_admin_and_succeed_with_no_redirect" file="/app/vendor/gammamatrix/playground-test/src/Feature/Http/Controllers/Resource/Playground/UnlockJsonTrait.php" line="104" class="Tests\Feature\Playground\Matrix\Api\Http\Controllers\Playground\BoardRouteTest" classname="Tests.Feature.Playground.Matrix.Api.Http.Controllers.Playground.BoardRouteTest" assertions="93" time="0.424115"/>
        <testcase name="test_json_unlock_as_user_and_get_denied" file="/app/vendor/gammamatrix/playground-test/src/Feature/Http/Controllers/Resource/Playground/UnlockJsonTrait.php" line="145" class="Tests\Feature\Playground\Matrix\Api\Http\Controllers\Playground\BoardRouteTest" classname="Tests.Feature.Playground.Matrix.Api.Http.Controllers.Playground.BoardRouteTest" assertions="3" time="0.407455"/>
      </testsuite>
      <testsuite name="Tests\Feature\Playground\Matrix\Api\Http\Controllers\Playground\EpicRouteTest" file="/app/tests/Feature/Http/Controllers/Playground/EpicRouteTest.php" tests="29" assertions="811" errors="0" failures="0" skipped="0" time="12.117804">
        <testcase name="test_json_guest_cannot_get_create_info" file="/app/vendor/gammamatrix/playground-test/src/Feature/Http/Controllers/Resource/Playground/CreateJsonTrait.php" line="38" class="Tests\Feature\Playground\Matrix\Api\Http\Controllers\Playground\EpicRouteTest" classname="Tests.Feature.Playground.Matrix.Api.Http.Controllers.Playground.EpicRouteTest" assertions="1" time="0.424740"/>
        <testcase name="test_json_admin_can_get_create_info" file="/app/vendor/gammamatrix/playground-test/src/Feature/Http/Controllers/Resource/Playground/CreateJsonTrait.php" line="53" class="Tests\Feature\Playground\Matrix\Api\Http\Controllers\Playground\EpicRouteTest" classname="Tests.Feature.Playground.Matrix.Api.Http.Controllers.Playground.EpicRouteTest" assertions="91" time="0.425674"/>
        <testcase name="test_json_get_create_info_as_admin_with_invalid_parameter_and_fail_validation" file="/app/vendor/gammamatrix/playground-test/src/Feature/Http/Controllers/Resource/Playground/CreateJsonTrait.php" line="73" class="Tests\Feature\Playground\Matrix\Api\Http\Controllers\Playground\EpicRouteTest" classname="Tests.Feature.Playground.Matrix.Api.Http.Controllers.Playground.EpicRouteTest" assertions="4" time="0.411738"/>
        <testcase name="test_json_guest_cannot_destroy" file="/app/vendor/gammamatrix/playground-test/src/Feature/Http/Controllers/Resource/Playground/DestroyJsonTrait.php" line="31" class="Tests\Feature\Playground\Matrix\Api\Http\Controllers\Playground\EpicRouteTest" classname="Tests.Feature.Playground.Matrix.Api.Http.Controllers.Playground.EpicRouteTest" assertions="3" time="0.396458"/>
        <testcase name="test_json_destroy_as_admin_and_succeed" file="/app/vendor/gammamatrix/playground-test/src/Feature/Http/Controllers/Resource/Playground/DestroyJsonTrait.php" line="61" class="Tests\Feature\Playground\Matrix\Api\Http\Controllers\Playground\EpicRouteTest" classname="Tests.Feature.Playground.Matrix.Api.Http.Controllers.Playground.EpicRouteTest" assertions="5" time="0.418139"/>
        <testcase name="test_json_destroy_as_admin_and_succeed_with_force_delete" file="/app/vendor/gammamatrix/playground-test/src/Feature/Http/Controllers/Resource/Playground/DestroyJsonTrait.php" line="100" class="Tests\Feature\Playground\Matrix\Api\Http\Controllers\Playground\EpicRouteTest" classname="Tests.Feature.Playground.Matrix.Api.Http.Controllers.Playground.EpicRouteTest" assertions="4" time="0.411394"/>
        <testcase name="test_json_destroy_as_admin_and_succeed_with_no_content" file="/app/vendor/gammamatrix/playground-test/src/Feature/Http/Controllers/Resource/Playground/DestroyJsonTrait.php" line="132" class="Tests\Feature\Playground\Matrix\Api\Http\Controllers\Playground\EpicRouteTest" classname="Tests.Feature.Playground.Matrix.Api.Http.Controllers.Playground.EpicRouteTest" assertions="5" time="0.408717"/>
        <testcase name="test_json_destroy_as_admin_and_succeed_and_ignore_redirect" file="/app/vendor/gammamatrix/playground-test/src/Feature/Http/Controllers/Resource/Playground/DestroyJsonTrait.php" line="167" class="Tests\Feature\Playground\Matrix\Api\Http\Controllers\Playground\EpicRouteTest" classname="Tests.Feature.Playground.Matrix.Api.Http.Controllers.Playground.EpicRouteTest" assertions="5" time="0.418307"/>
        <testcase name="test_json_destroy_as_user_and_get_denied_and_no_force_delete_allowed" file="/app/vendor/gammamatrix/playground-test/src/Feature/Http/Controllers/Resource/Playground/DestroyJsonTrait.php" line="209" class="Tests\Feature\Playground\Matrix\Api\Http\Controllers\Playground\EpicRouteTest" classname="Tests.Feature.Playground.Matrix.Api.Http.Controllers.Playground.EpicRouteTest" assertions="3" time="0.403249"/>
        <testcase name="test_json_guest_cannot_get_edit_info" file="/app/vendor/gammamatrix/playground-test/src/Feature/Http/Controllers/Resource/Playground/EditJsonTrait.php" line="38" class="Tests\Feature\Playground\Matrix\Api\Http\Controllers\Playground\EpicRouteTest" classname="Tests.Feature.Playground.Matrix.Api.Http.Controllers.Playground.EpicRouteTest" assertions="1" time="0.411389"/>
        <testcase name="test_json_admin_can_get_edit_info" file="/app/vendor/gammamatrix/playground-test/src/Feature/Http/Controllers/Resource/Playground/EditJsonTrait.php" line="58" class="Tests\Feature\Playground\Matrix\Api\Http\Controllers\Playground\EpicRouteTest" classname="Tests.Feature.Playground.Matrix.Api.Http.Controllers.Playground.EpicRouteTest" assertions="4" time="0.440212"/>
        <testcase name="test_json_edit_as_admin_and_fail_validation_with_invalid_parameter" file="/app/vendor/gammamatrix/playground-test/src/Feature/Http/Controllers/Resource/Playground/EditJsonTrait.php" line="87" class="Tests\Feature\Playground\Matrix\Api\Http\Controllers\Playground\EpicRouteTest" classname="Tests.Feature.Playground.Matrix.Api.Http.Controllers.Playground.EpicRouteTest" assertions="4" time="0.413406"/>
        <testcase name="test_json_guest_cannot_get_index" file="/app/vendor/gammamatrix/playground-test/src/Feature/Http/Controllers/Resource/Playground/IndexJsonTrait.php" line="34" class="Tests\Feature\Playground\Matrix\Api\Http\Controllers\Playground\EpicRouteTest" classname="Tests.Feature.Playground.Matrix.Api.Http.Controllers.Playground.EpicRouteTest" assertions="1" time="0.402331"/>
        <testcase name="test_json_admin_can_get_index" file="/app/vendor/gammamatrix/playground-test/src/Feature/Http/Controllers/Resource/Playground/IndexJsonTrait.php" line="49" class="Tests\Feature\Playground\Matrix\Api\Http\Controllers\Playground\EpicRouteTest" classname="Tests.Feature.Playground.Matrix.Api.Http.Controllers.Playground.EpicRouteTest" assertions="98" time="0.467268"/>
        <testcase name="test_json_admin_can_get_index_with_filters" file="/app/vendor/gammamatrix/playground-test/src/Feature/Http/Controllers/Resource/Playground/IndexJsonTrait.php" line="85" class="Tests\Feature\Playground\Matrix\Api\Http\Controllers\Playground\EpicRouteTest" classname="Tests.Feature.Playground.Matrix.Api.Http.Controllers.Playground.EpicRouteTest" assertions="3" time="0.427863"/>
        <testcase name="test_json_guest_cannot_lock" file="/app/vendor/gammamatrix/playground-test/src/Feature/Http/Controllers/Resource/Playground/LockJsonTrait.php" line="36" class="Tests\Feature\Playground\Matrix\Api\Http\Controllers\Playground\EpicRouteTest" classname="Tests.Feature.Playground.Matrix.Api.Http.Controllers.Playground.EpicRouteTest" assertions="3" time="0.401525"/>
        <testcase name="test_json_lock_as_admin_and_succeed" file="/app/vendor/gammamatrix/playground-test/src/Feature/Http/Controllers/Resource/Playground/LockJsonTrait.php" line="66" class="Tests\Feature\Playground\Matrix\Api\Http\Controllers\Playground\EpicRouteTest" classname="Tests.Feature.Playground.Matrix.Api.Http.Controllers.Playground.EpicRouteTest" assertions="3" time="0.422832"/>
        <testcase name="test_json_lock_as_admin_and_succeed_with_no_redirect" file="/app/vendor/gammamatrix/playground-test/src/Feature/Http/Controllers/Resource/Playground/LockJsonTrait.php" line="98" class="Tests\Feature\Playground\Matrix\Api\Http\Controllers\Playground\EpicRouteTest" classname="Tests.Feature.Playground.Matrix.Api.Http.Controllers.Playground.EpicRouteTest" assertions="93" time="0.424679"/>
        <testcase name="test_json_lock_as_user_and_get_denied" file="/app/vendor/gammamatrix/playground-test/src/Feature/Http/Controllers/Resource/Playground/LockJsonTrait.php" line="143" class="Tests\Feature\Playground\Matrix\Api\Http\Controllers\Playground\EpicRouteTest" classname="Tests.Feature.Playground.Matrix.Api.Http.Controllers.Playground.EpicRouteTest" assertions="3" time="0.407969"/>
        <testcase name="test_json_guest_cannot_restore" file="/app/vendor/gammamatrix/playground-test/src/Feature/Http/Controllers/Resource/Playground/RestoreJsonTrait.php" line="32" class="Tests\Feature\Playground\Matrix\Api\Http\Controllers\Playground\EpicRouteTest" classname="Tests.Feature.Playground.Matrix.Api.Http.Controllers.Playground.EpicRouteTest" assertions="3" time="0.402325"/>
        <testcase name="test_json_restore_as_admin_and_succeed" file="/app/vendor/gammamatrix/playground-test/src/Feature/Http/Controllers/Resource/Playground/RestoreJsonTrait.php" line="64" class="Tests\Feature\Playground\Matrix\Api\Http\Controllers\Playground\EpicRouteTest" classname="Tests.Feature.Playground.Matrix.Api.Http.Controllers.Playground.EpicRouteTest" assertions="93" time="0.426742"/>
        <testcase name="test_json_restore_as_admin_and_succeed_with_no_redirect" file="/app/vendor/gammamatrix/playground-test/src/Feature/Http/Controllers/Resource/Playground/RestoreJsonTrait.php" line="100" class="Tests\Feature\Playground\Matrix\Api\Http\Controllers\Playground\EpicRouteTest" classname="Tests.Feature.Playground.Matrix.Api.Http.Controllers.Playground.EpicRouteTest" assertions="93" time="0.431999"/>
        <testcase name="test_json_restore_as_user_and_get_denied" file="/app/vendor/gammamatrix/playground-test/src/Feature/Http/Controllers/Resource/Playground/RestoreJsonTrait.php" line="143" class="Tests\Feature\Playground\Matrix\Api\Http\Controllers\Playground\EpicRouteTest" classname="Tests.Feature.Playground.Matrix.Api.Http.Controllers.Playground.EpicRouteTest" assertions="3" time="0.412332"/>
        <testcase name="test_json_guest_cannot_see_info" file="/app/vendor/gammamatrix/playground-test/src/Feature/Http/Controllers/Resource/Playground/ShowJsonTrait.php" line="29" class="Tests\Feature\Playground\Matrix\Api\Http\Controllers\Playground\EpicRouteTest" classname="Tests.Feature.Playground.Matrix.Api.Http.Controllers.Playground.EpicRouteTest" assertions="1" time="0.394377"/>
        <testcase name="test_json_show_info_for_admin" file="/app/vendor/gammamatrix/playground-test/src/Feature/Http/Controllers/Resource/Playground/ShowJsonTrait.php" line="49" class="Tests\Feature\Playground\Matrix\Api\Http\Controllers\Playground\EpicRouteTest" classname="Tests.Feature.Playground.Matrix.Api.Http.Controllers.Playground.EpicRouteTest" assertions="92" time="0.438436"/>
        <testcase name="test_json_guest_cannot_unlock" file="/app/vendor/gammamatrix/playground-test/src/Feature/Http/Controllers/Resource/Playground/UnlockJsonTrait.php" line="36" class="Tests\Feature\Playground\Matrix\Api\Http\Controllers\Playground\EpicRouteTest" classname="Tests.Feature.Playground.Matrix.Api.Http.Controllers.Playground.EpicRouteTest" assertions="3" time="0.399844"/>
        <testcase name="test_json_unlock_as_admin_and_succeed" file="/app/vendor/gammamatrix/playground-test/src/Feature/Http/Controllers/Resource/Playground/UnlockJsonTrait.php" line="68" class="Tests\Feature\Playground\Matrix\Api\Http\Controllers\Playground\EpicRouteTest" classname="Tests.Feature.Playground.Matrix.Api.Http.Controllers.Playground.EpicRouteTest" assertions="93" time="0.434131"/>
        <testcase name="test_json_unlock_as_admin_and_succeed_with_no_redirect" file="/app/vendor/gammamatrix/playground-test/src/Feature/Http/Controllers/Resource/Playground/UnlockJsonTrait.php" line="104" class="Tests\Feature\Playground\Matrix\Api\Http\Controllers\Playground\EpicRouteTest" classname="Tests.Feature.Playground.Matrix.Api.Http.Controllers.Playground.EpicRouteTest" assertions="93" time="0.425559"/>
        <testcase name="test_json_unlock_as_user_and_get_denied" file="/app/vendor/gammamatrix/playground-test/src/Feature/Http/Controllers/Resource/Playground/UnlockJsonTrait.php" line="145" class="Tests\Feature\Playground\Matrix\Api\Http\Controllers\Playground\EpicRouteTest" classname="Tests.Feature.Playground.Matrix.Api.Http.Controllers.Playground.EpicRouteTest" assertions="3" time="0.414169"/>
      </testsuite>
      <testsuite name="Tests\Feature\Playground\Matrix\Api\Http\Controllers\Playground\FlowRouteTest" file="/app/tests/Feature/Http/Controllers/Playground/FlowRouteTest.php" tests="29" assertions="683" errors="0" failures="0" skipped="0" time="12.077333">
        <testcase name="test_json_guest_cannot_get_create_info" file="/app/vendor/gammamatrix/playground-test/src/Feature/Http/Controllers/Resource/Playground/CreateJsonTrait.php" line="38" class="Tests\Feature\Playground\Matrix\Api\Http\Controllers\Playground\FlowRouteTest" classname="Tests.Feature.Playground.Matrix.Api.Http.Controllers.Playground.FlowRouteTest" assertions="1" time="0.413188"/>
        <testcase name="test_json_admin_can_get_create_info" file="/app/vendor/gammamatrix/playground-test/src/Feature/Http/Controllers/Resource/Playground/CreateJsonTrait.php" line="53" class="Tests\Feature\Playground\Matrix\Api\Http\Controllers\Playground\FlowRouteTest" classname="Tests.Feature.Playground.Matrix.Api.Http.Controllers.Playground.FlowRouteTest" assertions="75" time="0.429055"/>
        <testcase name="test_json_get_create_info_as_admin_with_invalid_parameter_and_fail_validation" file="/app/vendor/gammamatrix/playground-test/src/Feature/Http/Controllers/Resource/Playground/CreateJsonTrait.php" line="73" class="Tests\Feature\Playground\Matrix\Api\Http\Controllers\Playground\FlowRouteTest" classname="Tests.Feature.Playground.Matrix.Api.Http.Controllers.Playground.FlowRouteTest" assertions="4" time="0.416889"/>
        <testcase name="test_json_guest_cannot_destroy" file="/app/vendor/gammamatrix/playground-test/src/Feature/Http/Controllers/Resource/Playground/DestroyJsonTrait.php" line="31" class="Tests\Feature\Playground\Matrix\Api\Http\Controllers\Playground\FlowRouteTest" classname="Tests.Feature.Playground.Matrix.Api.Http.Controllers.Playground.FlowRouteTest" assertions="3" time="0.393618"/>
        <testcase name="test_json_destroy_as_admin_and_succeed" file="/app/vendor/gammamatrix/playground-test/src/Feature/Http/Controllers/Resource/Playground/DestroyJsonTrait.php" line="61" class="Tests\Feature\Playground\Matrix\Api\Http\Controllers\Playground\FlowRouteTest" classname="Tests.Feature.Playground.Matrix.Api.Http.Controllers.Playground.FlowRouteTest" assertions="5" time="0.425395"/>
        <testcase name="test_json_destroy_as_admin_and_succeed_with_force_delete" file="/app/vendor/gammamatrix/playground-test/src/Feature/Http/Controllers/Resource/Playground/DestroyJsonTrait.php" line="100" class="Tests\Feature\Playground\Matrix\Api\Http\Controllers\Playground\FlowRouteTest" classname="Tests.Feature.Playground.Matrix.Api.Http.Controllers.Playground.FlowRouteTest" assertions="4" time="0.406633"/>
        <testcase name="test_json_destroy_as_admin_and_succeed_with_no_content" file="/app/vendor/gammamatrix/playground-test/src/Feature/Http/Controllers/Resource/Playground/DestroyJsonTrait.php" line="132" class="Tests\Feature\Playground\Matrix\Api\Http\Controllers\Playground\FlowRouteTest" classname="Tests.Feature.Playground.Matrix.Api.Http.Controllers.Playground.FlowRouteTest" assertions="5" time="0.406029"/>
        <testcase name="test_json_destroy_as_admin_and_succeed_and_ignore_redirect" file="/app/vendor/gammamatrix/playground-test/src/Feature/Http/Controllers/Resource/Playground/DestroyJsonTrait.php" line="167" class="Tests\Feature\Playground\Matrix\Api\Http\Controllers\Playground\FlowRouteTest" classname="Tests.Feature.Playground.Matrix.Api.Http.Controllers.Playground.FlowRouteTest" assertions="5" time="0.415324"/>
        <testcase name="test_json_destroy_as_user_and_get_denied_and_no_force_delete_allowed" file="/app/vendor/gammamatrix/playground-test/src/Feature/Http/Controllers/Resource/Playground/DestroyJsonTrait.php" line="209" class="Tests\Feature\Playground\Matrix\Api\Http\Controllers\Playground\FlowRouteTest" classname="Tests.Feature.Playground.Matrix.Api.Http.Controllers.Playground.FlowRouteTest" assertions="3" time="0.416886"/>
        <testcase name="test_json_guest_cannot_get_edit_info" file="/app/vendor/gammamatrix/playground-test/src/Feature/Http/Controllers/Resource/Playground/EditJsonTrait.php" line="38" class="Tests\Feature\Playground\Matrix\Api\Http\Controllers\Playground\FlowRouteTest" classname="Tests.Feature.Playground.Matrix.Api.Http.Controllers.Playground.FlowRouteTest" assertions="1" time="0.405815"/>
        <testcase name="test_json_admin_can_get_edit_info" file="/app/vendor/gammamatrix/playground-test/src/Feature/Http/Controllers/Resource/Playground/EditJsonTrait.php" line="58" class="Tests\Feature\Playground\Matrix\Api\Http\Controllers\Playground\FlowRouteTest" classname="Tests.Feature.Playground.Matrix.Api.Http.Controllers.Playground.FlowRouteTest" assertions="4" time="0.429614"/>
        <testcase name="test_json_edit_as_admin_and_fail_validation_with_invalid_parameter" file="/app/vendor/gammamatrix/playground-test/src/Feature/Http/Controllers/Resource/Playground/EditJsonTrait.php" line="87" class="Tests\Feature\Playground\Matrix\Api\Http\Controllers\Playground\FlowRouteTest" classname="Tests.Feature.Playground.Matrix.Api.Http.Controllers.Playground.FlowRouteTest" assertions="4" time="0.411423"/>
        <testcase name="test_json_guest_cannot_get_index" file="/app/vendor/gammamatrix/playground-test/src/Feature/Http/Controllers/Resource/Playground/IndexJsonTrait.php" line="34" class="Tests\Feature\Playground\Matrix\Api\Http\Controllers\Playground\FlowRouteTest" classname="Tests.Feature.Playground.Matrix.Api.Http.Controllers.Playground.FlowRouteTest" assertions="1" time="0.412296"/>
        <testcase name="test_json_admin_can_get_index" file="/app/vendor/gammamatrix/playground-test/src/Feature/Http/Controllers/Resource/Playground/IndexJsonTrait.php" line="49" class="Tests\Feature\Playground\Matrix\Api\Http\Controllers\Playground\FlowRouteTest" classname="Tests.Feature.Playground.Matrix.Api.Http.Controllers.Playground.FlowRouteTest" assertions="82" time="0.462004"/>
        <testcase name="test_json_admin_can_get_index_with_filters" file="/app/vendor/gammamatrix/playground-test/src/Feature/Http/Controllers/Resource/Playground/IndexJsonTrait.php" line="85" class="Tests\Feature\Playground\Matrix\Api\Http\Controllers\Playground\FlowRouteTest" classname="Tests.Feature.Playground.Matrix.Api.Http.Controllers.Playground.FlowRouteTest" assertions="3" time="0.427614"/>
        <testcase name="test_json_guest_cannot_lock" file="/app/vendor/gammamatrix/playground-test/src/Feature/Http/Controllers/Resource/Playground/LockJsonTrait.php" line="36" class="Tests\Feature\Playground\Matrix\Api\Http\Controllers\Playground\FlowRouteTest" classname="Tests.Feature.Playground.Matrix.Api.Http.Controllers.Playground.FlowRouteTest" assertions="3" time="0.392889"/>
        <testcase name="test_json_lock_as_admin_and_succeed" file="/app/vendor/gammamatrix/playground-test/src/Feature/Http/Controllers/Resource/Playground/LockJsonTrait.php" line="66" class="Tests\Feature\Playground\Matrix\Api\Http\Controllers\Playground\FlowRouteTest" classname="Tests.Feature.Playground.Matrix.Api.Http.Controllers.Playground.FlowRouteTest" assertions="3" time="0.426421"/>
        <testcase name="test_json_lock_as_admin_and_succeed_with_no_redirect" file="/app/vendor/gammamatrix/playground-test/src/Feature/Http/Controllers/Resource/Playground/LockJsonTrait.php" line="98" class="Tests\Feature\Playground\Matrix\Api\Http\Controllers\Playground\FlowRouteTest" classname="Tests.Feature.Playground.Matrix.Api.Http.Controllers.Playground.FlowRouteTest" assertions="77" time="0.417525"/>
        <testcase name="test_json_lock_as_user_and_get_denied" file="/app/vendor/gammamatrix/playground-test/src/Feature/Http/Controllers/Resource/Playground/LockJsonTrait.php" line="143" class="Tests\Feature\Playground\Matrix\Api\Http\Controllers\Playground\FlowRouteTest" classname="Tests.Feature.Playground.Matrix.Api.Http.Controllers.Playground.FlowRouteTest" assertions="3" time="0.403926"/>
        <testcase name="test_json_guest_cannot_restore" file="/app/vendor/gammamatrix/playground-test/src/Feature/Http/Controllers/Resource/Playground/RestoreJsonTrait.php" line="32" class="Tests\Feature\Playground\Matrix\Api\Http\Controllers\Playground\FlowRouteTest" classname="Tests.Feature.Playground.Matrix.Api.Http.Controllers.Playground.FlowRouteTest" assertions="3" time="0.417999"/>
        <testcase name="test_json_restore_as_admin_and_succeed" file="/app/vendor/gammamatrix/playground-test/src/Feature/Http/Controllers/Resource/Playground/RestoreJsonTrait.php" line="64" class="Tests\Feature\Playground\Matrix\Api\Http\Controllers\Playground\FlowRouteTest" classname="Tests.Feature.Playground.Matrix.Api.Http.Controllers.Playground.FlowRouteTest" assertions="77" time="0.419332"/>
        <testcase name="test_json_restore_as_admin_and_succeed_with_no_redirect" file="/app/vendor/gammamatrix/playground-test/src/Feature/Http/Controllers/Resource/Playground/RestoreJsonTrait.php" line="100" class="Tests\Feature\Playground\Matrix\Api\Http\Controllers\Playground\FlowRouteTest" classname="Tests.Feature.Playground.Matrix.Api.Http.Controllers.Playground.FlowRouteTest" assertions="77" time="0.428678"/>
        <testcase name="test_json_restore_as_user_and_get_denied" file="/app/vendor/gammamatrix/playground-test/src/Feature/Http/Controllers/Resource/Playground/RestoreJsonTrait.php" line="143" class="Tests\Feature\Playground\Matrix\Api\Http\Controllers\Playground\FlowRouteTest" classname="Tests.Feature.Playground.Matrix.Api.Http.Controllers.Playground.FlowRouteTest" assertions="3" time="0.405627"/>
        <testcase name="test_json_guest_cannot_see_info" file="/app/vendor/gammamatrix/playground-test/src/Feature/Http/Controllers/Resource/Playground/ShowJsonTrait.php" line="29" class="Tests\Feature\Playground\Matrix\Api\Http\Controllers\Playground\FlowRouteTest" classname="Tests.Feature.Playground.Matrix.Api.Http.Controllers.Playground.FlowRouteTest" assertions="1" time="0.400020"/>
        <testcase name="test_json_show_info_for_admin" file="/app/vendor/gammamatrix/playground-test/src/Feature/Http/Controllers/Resource/Playground/ShowJsonTrait.php" line="49" class="Tests\Feature\Playground\Matrix\Api\Http\Controllers\Playground\FlowRouteTest" classname="Tests.Feature.Playground.Matrix.Api.Http.Controllers.Playground.FlowRouteTest" assertions="76" time="0.427758"/>
        <testcase name="test_json_guest_cannot_unlock" file="/app/vendor/gammamatrix/playground-test/src/Feature/Http/Controllers/Resource/Playground/UnlockJsonTrait.php" line="36" class="Tests\Feature\Playground\Matrix\Api\Http\Controllers\Playground\FlowRouteTest" classname="Tests.Feature.Playground.Matrix.Api.Http.Controllers.Playground.FlowRouteTest" assertions="3" time="0.401462"/>
        <testcase name="test_json_unlock_as_admin_and_succeed" file="/app/vendor/gammamatrix/playground-test/src/Feature/Http/Controllers/Resource/Playground/UnlockJsonTrait.php" line="68" class="Tests\Feature\Playground\Matrix\Api\Http\Controllers\Playground\FlowRouteTest" classname="Tests.Feature.Playground.Matrix.Api.Http.Controllers.Playground.FlowRouteTest" assertions="77" time="0.436323"/>
        <testcase name="test_json_unlock_as_admin_and_succeed_with_no_redirect" file="/app/vendor/gammamatrix/playground-test/src/Feature/Http/Controllers/Resource/Playground/UnlockJsonTrait.php" line="104" class="Tests\Feature\Playground\Matrix\Api\Http\Controllers\Playground\FlowRouteTest" classname="Tests.Feature.Playground.Matrix.Api.Http.Controllers.Playground.FlowRouteTest" assertions="77" time="0.417827"/>
        <testcase name="test_json_unlock_as_user_and_get_denied" file="/app/vendor/gammamatrix/playground-test/src/Feature/Http/Controllers/Resource/Playground/UnlockJsonTrait.php" line="145" class="Tests\Feature\Playground\Matrix\Api\Http\Controllers\Playground\FlowRouteTest" classname="Tests.Feature.Playground.Matrix.Api.Http.Controllers.Playground.FlowRouteTest" assertions="3" time="0.409765"/>
      </testsuite>
      <testsuite name="Tests\Feature\Playground\Matrix\Api\Http\Controllers\Playground\MilestoneRouteTest" file="/app/tests/Feature/Http/Controllers/Playground/MilestoneRouteTest.php" tests="29" assertions="811" errors="0" failures="0" skipped="0" time="12.217381">
        <testcase name="test_json_guest_cannot_get_create_info" file="/app/vendor/gammamatrix/playground-test/src/Feature/Http/Controllers/Resource/Playground/CreateJsonTrait.php" line="38" class="Tests\Feature\Playground\Matrix\Api\Http\Controllers\Playground\MilestoneRouteTest" classname="Tests.Feature.Playground.Matrix.Api.Http.Controllers.Playground.MilestoneRouteTest" assertions="1" time="0.432002"/>
        <testcase name="test_json_admin_can_get_create_info" file="/app/vendor/gammamatrix/playground-test/src/Feature/Http/Controllers/Resource/Playground/CreateJsonTrait.php" line="53" class="Tests\Feature\Playground\Matrix\Api\Http\Controllers\Playground\MilestoneRouteTest" classname="Tests.Feature.Playground.Matrix.Api.Http.Controllers.Playground.MilestoneRouteTest" assertions="91" time="0.428218"/>
        <testcase name="test_json_get_create_info_as_admin_with_invalid_parameter_and_fail_validation" file="/app/vendor/gammamatrix/playground-test/src/Feature/Http/Controllers/Resource/Playground/CreateJsonTrait.php" line="73" class="Tests\Feature\Playground\Matrix\Api\Http\Controllers\Playground\MilestoneRouteTest" classname="Tests.Feature.Playground.Matrix.Api.Http.Controllers.Playground.MilestoneRouteTest" assertions="4" time="0.420203"/>
        <testcase name="test_json_guest_cannot_destroy" file="/app/vendor/gammamatrix/playground-test/src/Feature/Http/Controllers/Resource/Playground/DestroyJsonTrait.php" line="31" class="Tests\Feature\Playground\Matrix\Api\Http\Controllers\Playground\MilestoneRouteTest" classname="Tests.Feature.Playground.Matrix.Api.Http.Controllers.Playground.MilestoneRouteTest" assertions="3" time="0.397038"/>
        <testcase name="test_json_destroy_as_admin_and_succeed" file="/app/vendor/gammamatrix/playground-test/src/Feature/Http/Controllers/Resource/Playground/DestroyJsonTrait.php" line="61" class="Tests\Feature\Playground\Matrix\Api\Http\Controllers\Playground\MilestoneRouteTest" classname="Tests.Feature.Playground.Matrix.Api.Http.Controllers.Playground.MilestoneRouteTest" assertions="5" time="0.409820"/>
        <testcase name="test_json_destroy_as_admin_and_succeed_with_force_delete" file="/app/vendor/gammamatrix/playground-test/src/Feature/Http/Controllers/Resource/Playground/DestroyJsonTrait.php" line="100" class="Tests\Feature\Playground\Matrix\Api\Http\Controllers\Playground\MilestoneRouteTest" classname="Tests.Feature.Playground.Matrix.Api.Http.Controllers.Playground.MilestoneRouteTest" assertions="4" time="0.432023"/>
        <testcase name="test_json_destroy_as_admin_and_succeed_with_no_content" file="/app/vendor/gammamatrix/playground-test/src/Feature/Http/Controllers/Resource/Playground/DestroyJsonTrait.php" line="132" class="Tests\Feature\Playground\Matrix\Api\Http\Controllers\Playground\MilestoneRouteTest" classname="Tests.Feature.Playground.Matrix.Api.Http.Controllers.Playground.MilestoneRouteTest" assertions="5" time="0.418775"/>
        <testcase name="test_json_destroy_as_admin_and_succeed_and_ignore_redirect" file="/app/vendor/gammamatrix/playground-test/src/Feature/Http/Controllers/Resource/Playground/DestroyJsonTrait.php" line="167" class="Tests\Feature\Playground\Matrix\Api\Http\Controllers\Playground\MilestoneRouteTest" classname="Tests.Feature.Playground.Matrix.Api.Http.Controllers.Playground.MilestoneRouteTest" assertions="5" time="0.431381"/>
        <testcase name="test_json_destroy_as_user_and_get_denied_and_no_force_delete_allowed" file="/app/vendor/gammamatrix/playground-test/src/Feature/Http/Controllers/Resource/Playground/DestroyJsonTrait.php" line="209" class="Tests\Feature\Playground\Matrix\Api\Http\Controllers\Playground\MilestoneRouteTest" classname="Tests.Feature.Playground.Matrix.Api.Http.Controllers.Playground.MilestoneRouteTest" assertions="3" time="0.407510"/>
        <testcase name="test_json_guest_cannot_get_edit_info" file="/app/vendor/gammamatrix/playground-test/src/Feature/Http/Controllers/Resource/Playground/EditJsonTrait.php" line="38" class="Tests\Feature\Playground\Matrix\Api\Http\Controllers\Playground\MilestoneRouteTest" classname="Tests.Feature.Playground.Matrix.Api.Http.Controllers.Playground.MilestoneRouteTest" assertions="1" time="0.408032"/>
        <testcase name="test_json_admin_can_get_edit_info" file="/app/vendor/gammamatrix/playground-test/src/Feature/Http/Controllers/Resource/Playground/EditJsonTrait.php" line="58" class="Tests\Feature\Playground\Matrix\Api\Http\Controllers\Playground\MilestoneRouteTest" classname="Tests.Feature.Playground.Matrix.Api.Http.Controllers.Playground.MilestoneRouteTest" assertions="4" time="0.438581"/>
        <testcase name="test_json_edit_as_admin_and_fail_validation_with_invalid_parameter" file="/app/vendor/gammamatrix/playground-test/src/Feature/Http/Controllers/Resource/Playground/EditJsonTrait.php" line="87" class="Tests\Feature\Playground\Matrix\Api\Http\Controllers\Playground\MilestoneRouteTest" classname="Tests.Feature.Playground.Matrix.Api.Http.Controllers.Playground.MilestoneRouteTest" assertions="4" time="0.419800"/>
        <testcase name="test_json_guest_cannot_get_index" file="/app/vendor/gammamatrix/playground-test/src/Feature/Http/Controllers/Resource/Playground/IndexJsonTrait.php" line="34" class="Tests\Feature\Playground\Matrix\Api\Http\Controllers\Playground\MilestoneRouteTest" classname="Tests.Feature.Playground.Matrix.Api.Http.Controllers.Playground.MilestoneRouteTest" assertions="1" time="0.412609"/>
        <testcase name="test_json_admin_can_get_index" file="/app/vendor/gammamatrix/playground-test/src/Feature/Http/Controllers/Resource/Playground/IndexJsonTrait.php" line="49" class="Tests\Feature\Playground\Matrix\Api\Http\Controllers\Playground\MilestoneRouteTest" classname="Tests.Feature.Playground.Matrix.Api.Http.Controllers.Playground.MilestoneRouteTest" assertions="98" time="0.456371"/>
        <testcase name="test_json_admin_can_get_index_with_filters" file="/app/vendor/gammamatrix/playground-test/src/Feature/Http/Controllers/Resource/Playground/IndexJsonTrait.php" line="85" class="Tests\Feature\Playground\Matrix\Api\Http\Controllers\Playground\MilestoneRouteTest" classname="Tests.Feature.Playground.Matrix.Api.Http.Controllers.Playground.MilestoneRouteTest" assertions="3" time="0.442658"/>
        <testcase name="test_json_guest_cannot_lock" file="/app/vendor/gammamatrix/playground-test/src/Feature/Http/Controllers/Resource/Playground/LockJsonTrait.php" line="36" class="Tests\Feature\Playground\Matrix\Api\Http\Controllers\Playground\MilestoneRouteTest" classname="Tests.Feature.Playground.Matrix.Api.Http.Controllers.Playground.MilestoneRouteTest" assertions="3" time="0.399752"/>
        <testcase name="test_json_lock_as_admin_and_succeed" file="/app/vendor/gammamatrix/playground-test/src/Feature/Http/Controllers/Resource/Playground/LockJsonTrait.php" line="66" class="Tests\Feature\Playground\Matrix\Api\Http\Controllers\Playground\MilestoneRouteTest" classname="Tests.Feature.Playground.Matrix.Api.Http.Controllers.Playground.MilestoneRouteTest" assertions="3" time="0.424044"/>
        <testcase name="test_json_lock_as_admin_and_succeed_with_no_redirect" file="/app/vendor/gammamatrix/playground-test/src/Feature/Http/Controllers/Resource/Playground/LockJsonTrait.php" line="98" class="Tests\Feature\Playground\Matrix\Api\Http\Controllers\Playground\MilestoneRouteTest" classname="Tests.Feature.Playground.Matrix.Api.Http.Controllers.Playground.MilestoneRouteTest" assertions="93" time="0.433458"/>
        <testcase name="test_json_lock_as_user_and_get_denied" file="/app/vendor/gammamatrix/playground-test/src/Feature/Http/Controllers/Resource/Playground/LockJsonTrait.php" line="143" class="Tests\Feature\Playground\Matrix\Api\Http\Controllers\Playground\MilestoneRouteTest" classname="Tests.Feature.Playground.Matrix.Api.Http.Controllers.Playground.MilestoneRouteTest" assertions="3" time="0.413929"/>
        <testcase name="test_json_guest_cannot_restore" file="/app/vendor/gammamatrix/playground-test/src/Feature/Http/Controllers/Resource/Playground/RestoreJsonTrait.php" line="32" class="Tests\Feature\Playground\Matrix\Api\Http\Controllers\Playground\MilestoneRouteTest" classname="Tests.Feature.Playground.Matrix.Api.Http.Controllers.Playground.MilestoneRouteTest" assertions="3" time="0.418572"/>
        <testcase name="test_json_restore_as_admin_and_succeed" file="/app/vendor/gammamatrix/playground-test/src/Feature/Http/Controllers/Resource/Playground/RestoreJsonTrait.php" line="64" class="Tests\Feature\Playground\Matrix\Api\Http\Controllers\Playground\MilestoneRouteTest" classname="Tests.Feature.Playground.Matrix.Api.Http.Controllers.Playground.MilestoneRouteTest" assertions="93" time="0.419707"/>
        <testcase name="test_json_restore_as_admin_and_succeed_with_no_redirect" file="/app/vendor/gammamatrix/playground-test/src/Feature/Http/Controllers/Resource/Playground/RestoreJsonTrait.php" line="100" class="Tests\Feature\Playground\Matrix\Api\Http\Controllers\Playground\MilestoneRouteTest" classname="Tests.Feature.Playground.Matrix.Api.Http.Controllers.Playground.MilestoneRouteTest" assertions="93" time="0.437402"/>
        <testcase name="test_json_restore_as_user_and_get_denied" file="/app/vendor/gammamatrix/playground-test/src/Feature/Http/Controllers/Resource/Playground/RestoreJsonTrait.php" line="143" class="Tests\Feature\Playground\Matrix\Api\Http\Controllers\Playground\MilestoneRouteTest" classname="Tests.Feature.Playground.Matrix.Api.Http.Controllers.Playground.MilestoneRouteTest" assertions="3" time="0.412418"/>
        <testcase name="test_json_guest_cannot_see_info" file="/app/vendor/gammamatrix/playground-test/src/Feature/Http/Controllers/Resource/Playground/ShowJsonTrait.php" line="29" class="Tests\Feature\Playground\Matrix\Api\Http\Controllers\Playground\MilestoneRouteTest" classname="Tests.Feature.Playground.Matrix.Api.Http.Controllers.Playground.MilestoneRouteTest" assertions="1" time="0.399490"/>
        <testcase name="test_json_show_info_for_admin" file="/app/vendor/gammamatrix/playground-test/src/Feature/Http/Controllers/Resource/Playground/ShowJsonTrait.php" line="49" class="Tests\Feature\Playground\Matrix\Api\Http\Controllers\Playground\MilestoneRouteTest" classname="Tests.Feature.Playground.Matrix.Api.Http.Controllers.Playground.MilestoneRouteTest" assertions="92" time="0.431601"/>
        <testcase name="test_json_guest_cannot_unlock" file="/app/vendor/gammamatrix/playground-test/src/Feature/Http/Controllers/Resource/Playground/UnlockJsonTrait.php" line="36" class="Tests\Feature\Playground\Matrix\Api\Http\Controllers\Playground\MilestoneRouteTest" classname="Tests.Feature.Playground.Matrix.Api.Http.Controllers.Playground.MilestoneRouteTest" assertions="3" time="0.406524"/>
        <testcase name="test_json_unlock_as_admin_and_succeed" file="/app/vendor/gammamatrix/playground-test/src/Feature/Http/Controllers/Resource/Playground/UnlockJsonTrait.php" line="68" class="Tests\Feature\Playground\Matrix\Api\Http\Controllers\Playground\MilestoneRouteTest" classname="Tests.Feature.Playground.Matrix.Api.Http.Controllers.Playground.MilestoneRouteTest" assertions="93" time="0.440857"/>
        <testcase name="test_json_unlock_as_admin_and_succeed_with_no_redirect" file="/app/vendor/gammamatrix/playground-test/src/Feature/Http/Controllers/Resource/Playground/UnlockJsonTrait.php" line="104" class="Tests\Feature\Playground\Matrix\Api\Http\Controllers\Playground\MilestoneRouteTest" classname="Tests.Feature.Playground.Matrix.Api.Http.Controllers.Playground.MilestoneRouteTest" assertions="93" time="0.418132"/>
        <testcase name="test_json_unlock_as_user_and_get_denied" file="/app/vendor/gammamatrix/playground-test/src/Feature/Http/Controllers/Resource/Playground/UnlockJsonTrait.php" line="145" class="Tests\Feature\Playground\Matrix\Api\Http\Controllers\Playground\MilestoneRouteTest" classname="Tests.Feature.Playground.Matrix.Api.Http.Controllers.Playground.MilestoneRouteTest" assertions="3" time="0.406475"/>
      </testsuite>
      <testsuite name="Tests\Feature\Playground\Matrix\Api\Http\Controllers\Playground\NoteRouteTest" file="/app/tests/Feature/Http/Controllers/Playground/NoteRouteTest.php" tests="29" assertions="699" errors="0" failures="0" skipped="0" time="12.200015">
        <testcase name="test_json_guest_cannot_get_create_info" file="/app/vendor/gammamatrix/playground-test/src/Feature/Http/Controllers/Resource/Playground/CreateJsonTrait.php" line="38" class="Tests\Feature\Playground\Matrix\Api\Http\Controllers\Playground\NoteRouteTest" classname="Tests.Feature.Playground.Matrix.Api.Http.Controllers.Playground.NoteRouteTest" assertions="1" time="0.436445"/>
        <testcase name="test_json_admin_can_get_create_info" file="/app/vendor/gammamatrix/playground-test/src/Feature/Http/Controllers/Resource/Playground/CreateJsonTrait.php" line="53" class="Tests\Feature\Playground\Matrix\Api\Http\Controllers\Playground\NoteRouteTest" classname="Tests.Feature.Playground.Matrix.Api.Http.Controllers.Playground.NoteRouteTest" assertions="77" time="0.422152"/>
        <testcase name="test_json_get_create_info_as_admin_with_invalid_parameter_and_fail_validation" file="/app/vendor/gammamatrix/playground-test/src/Feature/Http/Controllers/Resource/Playground/CreateJsonTrait.php" line="73" class="Tests\Feature\Playground\Matrix\Api\Http\Controllers\Playground\NoteRouteTest" classname="Tests.Feature.Playground.Matrix.Api.Http.Controllers.Playground.NoteRouteTest" assertions="4" time="0.422063"/>
        <testcase name="test_json_guest_cannot_destroy" file="/app/vendor/gammamatrix/playground-test/src/Feature/Http/Controllers/Resource/Playground/DestroyJsonTrait.php" line="31" class="Tests\Feature\Playground\Matrix\Api\Http\Controllers\Playground\NoteRouteTest" classname="Tests.Feature.Playground.Matrix.Api.Http.Controllers.Playground.NoteRouteTest" assertions="3" time="0.394032"/>
        <testcase name="test_json_destroy_as_admin_and_succeed" file="/app/vendor/gammamatrix/playground-test/src/Feature/Http/Controllers/Resource/Playground/DestroyJsonTrait.php" line="61" class="Tests\Feature\Playground\Matrix\Api\Http\Controllers\Playground\NoteRouteTest" classname="Tests.Feature.Playground.Matrix.Api.Http.Controllers.Playground.NoteRouteTest" assertions="5" time="0.409147"/>
        <testcase name="test_json_destroy_as_admin_and_succeed_with_force_delete" file="/app/vendor/gammamatrix/playground-test/src/Feature/Http/Controllers/Resource/Playground/DestroyJsonTrait.php" line="100" class="Tests\Feature\Playground\Matrix\Api\Http\Controllers\Playground\NoteRouteTest" classname="Tests.Feature.Playground.Matrix.Api.Http.Controllers.Playground.NoteRouteTest" assertions="4" time="0.419241"/>
        <testcase name="test_json_destroy_as_admin_and_succeed_with_no_content" file="/app/vendor/gammamatrix/playground-test/src/Feature/Http/Controllers/Resource/Playground/DestroyJsonTrait.php" line="132" class="Tests\Feature\Playground\Matrix\Api\Http\Controllers\Playground\NoteRouteTest" classname="Tests.Feature.Playground.Matrix.Api.Http.Controllers.Playground.NoteRouteTest" assertions="5" time="0.409033"/>
        <testcase name="test_json_destroy_as_admin_and_succeed_and_ignore_redirect" file="/app/vendor/gammamatrix/playground-test/src/Feature/Http/Controllers/Resource/Playground/DestroyJsonTrait.php" line="167" class="Tests\Feature\Playground\Matrix\Api\Http\Controllers\Playground\NoteRouteTest" classname="Tests.Feature.Playground.Matrix.Api.Http.Controllers.Playground.NoteRouteTest" assertions="5" time="0.429170"/>
        <testcase name="test_json_destroy_as_user_and_get_denied_and_no_force_delete_allowed" file="/app/vendor/gammamatrix/playground-test/src/Feature/Http/Controllers/Resource/Playground/DestroyJsonTrait.php" line="209" class="Tests\Feature\Playground\Matrix\Api\Http\Controllers\Playground\NoteRouteTest" classname="Tests.Feature.Playground.Matrix.Api.Http.Controllers.Playground.NoteRouteTest" assertions="3" time="0.403627"/>
        <testcase name="test_json_guest_cannot_get_edit_info" file="/app/vendor/gammamatrix/playground-test/src/Feature/Http/Controllers/Resource/Playground/EditJsonTrait.php" line="38" class="Tests\Feature\Playground\Matrix\Api\Http\Controllers\Playground\NoteRouteTest" classname="Tests.Feature.Playground.Matrix.Api.Http.Controllers.Playground.NoteRouteTest" assertions="1" time="0.397509"/>
        <testcase name="test_json_admin_can_get_edit_info" file="/app/vendor/gammamatrix/playground-test/src/Feature/Http/Controllers/Resource/Playground/EditJsonTrait.php" line="58" class="Tests\Feature\Playground\Matrix\Api\Http\Controllers\Playground\NoteRouteTest" classname="Tests.Feature.Playground.Matrix.Api.Http.Controllers.Playground.NoteRouteTest" assertions="4" time="0.451073"/>
        <testcase name="test_json_edit_as_admin_and_fail_validation_with_invalid_parameter" file="/app/vendor/gammamatrix/playground-test/src/Feature/Http/Controllers/Resource/Playground/EditJsonTrait.php" line="87" class="Tests\Feature\Playground\Matrix\Api\Http\Controllers\Playground\NoteRouteTest" classname="Tests.Feature.Playground.Matrix.Api.Http.Controllers.Playground.NoteRouteTest" assertions="4" time="0.414195"/>
        <testcase name="test_json_guest_cannot_get_index" file="/app/vendor/gammamatrix/playground-test/src/Feature/Http/Controllers/Resource/Playground/IndexJsonTrait.php" line="34" class="Tests\Feature\Playground\Matrix\Api\Http\Controllers\Playground\NoteRouteTest" classname="Tests.Feature.Playground.Matrix.Api.Http.Controllers.Playground.NoteRouteTest" assertions="1" time="0.408111"/>
        <testcase name="test_json_admin_can_get_index" file="/app/vendor/gammamatrix/playground-test/src/Feature/Http/Controllers/Resource/Playground/IndexJsonTrait.php" line="49" class="Tests\Feature\Playground\Matrix\Api\Http\Controllers\Playground\NoteRouteTest" classname="Tests.Feature.Playground.Matrix.Api.Http.Controllers.Playground.NoteRouteTest" assertions="84" time="0.459963"/>
        <testcase name="test_json_admin_can_get_index_with_filters" file="/app/vendor/gammamatrix/playground-test/src/Feature/Http/Controllers/Resource/Playground/IndexJsonTrait.php" line="85" class="Tests\Feature\Playground\Matrix\Api\Http\Controllers\Playground\NoteRouteTest" classname="Tests.Feature.Playground.Matrix.Api.Http.Controllers.Playground.NoteRouteTest" assertions="3" time="0.442473"/>
        <testcase name="test_json_guest_cannot_lock" file="/app/vendor/gammamatrix/playground-test/src/Feature/Http/Controllers/Resource/Playground/LockJsonTrait.php" line="36" class="Tests\Feature\Playground\Matrix\Api\Http\Controllers\Playground\NoteRouteTest" classname="Tests.Feature.Playground.Matrix.Api.Http.Controllers.Playground.NoteRouteTest" assertions="3" time="0.404262"/>
        <testcase name="test_json_lock_as_admin_and_succeed" file="/app/vendor/gammamatrix/playground-test/src/Feature/Http/Controllers/Resource/Playground/LockJsonTrait.php" line="66" class="Tests\Feature\Playground\Matrix\Api\Http\Controllers\Playground\NoteRouteTest" classname="Tests.Feature.Playground.Matrix.Api.Http.Controllers.Playground.NoteRouteTest" assertions="3" time="0.416785"/>
        <testcase name="test_json_lock_as_admin_and_succeed_with_no_redirect" file="/app/vendor/gammamatrix/playground-test/src/Feature/Http/Controllers/Resource/Playground/LockJsonTrait.php" line="98" class="Tests\Feature\Playground\Matrix\Api\Http\Controllers\Playground\NoteRouteTest" classname="Tests.Feature.Playground.Matrix.Api.Http.Controllers.Playground.NoteRouteTest" assertions="79" time="0.452472"/>
        <testcase name="test_json_lock_as_user_and_get_denied" file="/app/vendor/gammamatrix/playground-test/src/Feature/Http/Controllers/Resource/Playground/LockJsonTrait.php" line="143" class="Tests\Feature\Playground\Matrix\Api\Http\Controllers\Playground\NoteRouteTest" classname="Tests.Feature.Playground.Matrix.Api.Http.Controllers.Playground.NoteRouteTest" assertions="3" time="0.410222"/>
        <testcase name="test_json_guest_cannot_restore" file="/app/vendor/gammamatrix/playground-test/src/Feature/Http/Controllers/Resource/Playground/RestoreJsonTrait.php" line="32" class="Tests\Feature\Playground\Matrix\Api\Http\Controllers\Playground\NoteRouteTest" classname="Tests.Feature.Playground.Matrix.Api.Http.Controllers.Playground.NoteRouteTest" assertions="3" time="0.421915"/>
        <testcase name="test_json_restore_as_admin_and_succeed" file="/app/vendor/gammamatrix/playground-test/src/Feature/Http/Controllers/Resource/Playground/RestoreJsonTrait.php" line="64" class="Tests\Feature\Playground\Matrix\Api\Http\Controllers\Playground\NoteRouteTest" classname="Tests.Feature.Playground.Matrix.Api.Http.Controllers.Playground.NoteRouteTest" assertions="79" time="0.418929"/>
        <testcase name="test_json_restore_as_admin_and_succeed_with_no_redirect" file="/app/vendor/gammamatrix/playground-test/src/Feature/Http/Controllers/Resource/Playground/RestoreJsonTrait.php" line="100" class="Tests\Feature\Playground\Matrix\Api\Http\Controllers\Playground\NoteRouteTest" classname="Tests.Feature.Playground.Matrix.Api.Http.Controllers.Playground.NoteRouteTest" assertions="79" time="0.423520"/>
        <testcase name="test_json_restore_as_user_and_get_denied" file="/app/vendor/gammamatrix/playground-test/src/Feature/Http/Controllers/Resource/Playground/RestoreJsonTrait.php" line="143" class="Tests\Feature\Playground\Matrix\Api\Http\Controllers\Playground\NoteRouteTest" classname="Tests.Feature.Playground.Matrix.Api.Http.Controllers.Playground.NoteRouteTest" assertions="3" time="0.427385"/>
        <testcase name="test_json_guest_cannot_see_info" file="/app/vendor/gammamatrix/playground-test/src/Feature/Http/Controllers/Resource/Playground/ShowJsonTrait.php" line="29" class="Tests\Feature\Playground\Matrix\Api\Http\Controllers\Playground\NoteRouteTest" classname="Tests.Feature.Playground.Matrix.Api.Http.Controllers.Playground.NoteRouteTest" assertions="1" time="0.396302"/>
        <testcase name="test_json_show_info_for_admin" file="/app/vendor/gammamatrix/playground-test/src/Feature/Http/Controllers/Resource/Playground/ShowJsonTrait.php" line="49" class="Tests\Feature\Playground\Matrix\Api\Http\Controllers\Playground\NoteRouteTest" classname="Tests.Feature.Playground.Matrix.Api.Http.Controllers.Playground.NoteRouteTest" assertions="78" time="0.440384"/>
        <testcase name="test_json_guest_cannot_unlock" file="/app/vendor/gammamatrix/playground-test/src/Feature/Http/Controllers/Resource/Playground/UnlockJsonTrait.php" line="36" class="Tests\Feature\Playground\Matrix\Api\Http\Controllers\Playground\NoteRouteTest" classname="Tests.Feature.Playground.Matrix.Api.Http.Controllers.Playground.NoteRouteTest" assertions="3" time="0.397454"/>
        <testcase name="test_json_unlock_as_admin_and_succeed" file="/app/vendor/gammamatrix/playground-test/src/Feature/Http/Controllers/Resource/Playground/UnlockJsonTrait.php" line="68" class="Tests\Feature\Playground\Matrix\Api\Http\Controllers\Playground\NoteRouteTest" classname="Tests.Feature.Playground.Matrix.Api.Http.Controllers.Playground.NoteRouteTest" assertions="79" time="0.436522"/>
        <testcase name="test_json_unlock_as_admin_and_succeed_with_no_redirect" file="/app/vendor/gammamatrix/playground-test/src/Feature/Http/Controllers/Resource/Playground/UnlockJsonTrait.php" line="104" class="Tests\Feature\Playground\Matrix\Api\Http\Controllers\Playground\NoteRouteTest" classname="Tests.Feature.Playground.Matrix.Api.Http.Controllers.Playground.NoteRouteTest" assertions="79" time="0.420293"/>
        <testcase name="test_json_unlock_as_user_and_get_denied" file="/app/vendor/gammamatrix/playground-test/src/Feature/Http/Controllers/Resource/Playground/UnlockJsonTrait.php" line="145" class="Tests\Feature\Playground\Matrix\Api\Http\Controllers\Playground\NoteRouteTest" classname="Tests.Feature.Playground.Matrix.Api.Http.Controllers.Playground.NoteRouteTest" assertions="3" time="0.415335"/>
      </testsuite>
      <testsuite name="Tests\Feature\Playground\Matrix\Api\Http\Controllers\Playground\ProjectRouteTest" file="/app/tests/Feature/Http/Controllers/Playground/ProjectRouteTest.php" tests="29" assertions="811" errors="0" failures="0" skipped="0" time="12.272307">
        <testcase name="test_json_guest_cannot_get_create_info" file="/app/vendor/gammamatrix/playground-test/src/Feature/Http/Controllers/Resource/Playground/CreateJsonTrait.php" line="38" class="Tests\Feature\Playground\Matrix\Api\Http\Controllers\Playground\ProjectRouteTest" classname="Tests.Feature.Playground.Matrix.Api.Http.Controllers.Playground.ProjectRouteTest" assertions="1" time="0.428940"/>
        <testcase name="test_json_admin_can_get_create_info" file="/app/vendor/gammamatrix/playground-test/src/Feature/Http/Controllers/Resource/Playground/CreateJsonTrait.php" line="53" class="Tests\Feature\Playground\Matrix\Api\Http\Controllers\Playground\ProjectRouteTest" classname="Tests.Feature.Playground.Matrix.Api.Http.Controllers.Playground.ProjectRouteTest" assertions="91" time="0.438795"/>
        <testcase name="test_json_get_create_info_as_admin_with_invalid_parameter_and_fail_validation" file="/app/vendor/gammamatrix/playground-test/src/Feature/Http/Controllers/Resource/Playground/CreateJsonTrait.php" line="73" class="Tests\Feature\Playground\Matrix\Api\Http\Controllers\Playground\ProjectRouteTest" classname="Tests.Feature.Playground.Matrix.Api.Http.Controllers.Playground.ProjectRouteTest" assertions="4" time="0.425572"/>
        <testcase name="test_json_guest_cannot_destroy" file="/app/vendor/gammamatrix/playground-test/src/Feature/Http/Controllers/Resource/Playground/DestroyJsonTrait.php" line="31" class="Tests\Feature\Playground\Matrix\Api\Http\Controllers\Playground\ProjectRouteTest" classname="Tests.Feature.Playground.Matrix.Api.Http.Controllers.Playground.ProjectRouteTest" assertions="3" time="0.395281"/>
        <testcase name="test_json_destroy_as_admin_and_succeed" file="/app/vendor/gammamatrix/playground-test/src/Feature/Http/Controllers/Resource/Playground/DestroyJsonTrait.php" line="61" class="Tests\Feature\Playground\Matrix\Api\Http\Controllers\Playground\ProjectRouteTest" classname="Tests.Feature.Playground.Matrix.Api.Http.Controllers.Playground.ProjectRouteTest" assertions="5" time="0.408386"/>
        <testcase name="test_json_destroy_as_admin_and_succeed_with_force_delete" file="/app/vendor/gammamatrix/playground-test/src/Feature/Http/Controllers/Resource/Playground/DestroyJsonTrait.php" line="100" class="Tests\Feature\Playground\Matrix\Api\Http\Controllers\Playground\ProjectRouteTest" classname="Tests.Feature.Playground.Matrix.Api.Http.Controllers.Playground.ProjectRouteTest" assertions="4" time="0.421135"/>
        <testcase name="test_json_destroy_as_admin_and_succeed_with_no_content" file="/app/vendor/gammamatrix/playground-test/src/Feature/Http/Controllers/Resource/Playground/DestroyJsonTrait.php" line="132" class="Tests\Feature\Playground\Matrix\Api\Http\Controllers\Playground\ProjectRouteTest" classname="Tests.Feature.Playground.Matrix.Api.Http.Controllers.Playground.ProjectRouteTest" assertions="5" time="0.407033"/>
        <testcase name="test_json_destroy_as_admin_and_succeed_and_ignore_redirect" file="/app/vendor/gammamatrix/playground-test/src/Feature/Http/Controllers/Resource/Playground/DestroyJsonTrait.php" line="167" class="Tests\Feature\Playground\Matrix\Api\Http\Controllers\Playground\ProjectRouteTest" classname="Tests.Feature.Playground.Matrix.Api.Http.Controllers.Playground.ProjectRouteTest" assertions="5" time="0.422593"/>
        <testcase name="test_json_destroy_as_user_and_get_denied_and_no_force_delete_allowed" file="/app/vendor/gammamatrix/playground-test/src/Feature/Http/Controllers/Resource/Playground/DestroyJsonTrait.php" line="209" class="Tests\Feature\Playground\Matrix\Api\Http\Controllers\Playground\ProjectRouteTest" classname="Tests.Feature.Playground.Matrix.Api.Http.Controllers.Playground.ProjectRouteTest" assertions="3" time="0.411844"/>
        <testcase name="test_json_guest_cannot_get_edit_info" file="/app/vendor/gammamatrix/playground-test/src/Feature/Http/Controllers/Resource/Playground/EditJsonTrait.php" line="38" class="Tests\Feature\Playground\Matrix\Api\Http\Controllers\Playground\ProjectRouteTest" classname="Tests.Feature.Playground.Matrix.Api.Http.Controllers.Playground.ProjectRouteTest" assertions="1" time="0.396747"/>
        <testcase name="test_json_admin_can_get_edit_info" file="/app/vendor/gammamatrix/playground-test/src/Feature/Http/Controllers/Resource/Playground/EditJsonTrait.php" line="58" class="Tests\Feature\Playground\Matrix\Api\Http\Controllers\Playground\ProjectRouteTest" classname="Tests.Feature.Playground.Matrix.Api.Http.Controllers.Playground.ProjectRouteTest" assertions="4" time="0.453092"/>
        <testcase name="test_json_edit_as_admin_and_fail_validation_with_invalid_parameter" file="/app/vendor/gammamatrix/playground-test/src/Feature/Http/Controllers/Resource/Playground/EditJsonTrait.php" line="87" class="Tests\Feature\Playground\Matrix\Api\Http\Controllers\Playground\ProjectRouteTest" classname="Tests.Feature.Playground.Matrix.Api.Http.Controllers.Playground.ProjectRouteTest" assertions="4" time="0.414117"/>
[...]
        <testcase name="test_json_admin_can_get_edit_info" file="/app/vendor/gammamatrix/playground-test/src/Feature/Http/Controllers/Resource/Playground/EditJsonTrait.php" line="58" class="Tests\Feature\Playground\Matrix\Api\Http\Controllers\Playground\TicketRouteTest" classname="Tests.Feature.Playground.Matrix.Api.Http.Controllers.Playground.TicketRouteTest" assertions="4" time="0.445545"/>
        <testcase name="test_json_edit_as_admin_and_fail_validation_with_invalid_parameter" file="/app/vendor/gammamatrix/playground-test/src/Feature/Http/Controllers/Resource/Playground/EditJsonTrait.php" line="87" class="Tests\Feature\Playground\Matrix\Api\Http\Controllers\Playground\TicketRouteTest" classname="Tests.Feature.Playground.Matrix.Api.Http.Controllers.Playground.TicketRouteTest" assertions="4" time="0.445730"/>
        <testcase name="test_json_guest_cannot_get_index" file="/app/vendor/gammamatrix/playground-test/src/Feature/Http/Controllers/Resource/Playground/IndexJsonTrait.php" line="34" class="Tests\Feature\Playground\Matrix\Api\Http\Controllers\Playground\TicketRouteTest" classname="Tests.Feature.Playground.Matrix.Api.Http.Controllers.Playground.TicketRouteTest" assertions="1" time="0.404269"/>
        <testcase name="test_json_admin_can_get_index" file="/app/vendor/gammamatrix/playground-test/src/Feature/Http/Controllers/Resource/Playground/IndexJsonTrait.php" line="49" class="Tests\Feature\Playground\Matrix\Api\Http\Controllers\Playground\TicketRouteTest" classname="Tests.Feature.Playground.Matrix.Api.Http.Controllers.Playground.TicketRouteTest" assertions="98" time="0.523158"/>
        <testcase name="test_json_admin_can_get_index_with_filters" file="/app/vendor/gammamatrix/playground-test/src/Feature/Http/Controllers/Resource/Playground/IndexJsonTrait.php" line="85" class="Tests\Feature\Playground\Matrix\Api\Http\Controllers\Playground\TicketRouteTest" classname="Tests.Feature.Playground.Matrix.Api.Http.Controllers.Playground.TicketRouteTest" assertions="3" time="0.426376"/>
        <testcase name="test_json_guest_cannot_lock" file="/app/vendor/gammamatrix/playground-test/src/Feature/Http/Controllers/Resource/Playground/LockJsonTrait.php" line="36" class="Tests\Feature\Playground\Matrix\Api\Http\Controllers\Playground\TicketRouteTest" classname="Tests.Feature.Playground.Matrix.Api.Http.Controllers.Playground.TicketRouteTest" assertions="3" time="0.395586"/>
        <testcase name="test_json_lock_as_admin_and_succeed" file="/app/vendor/gammamatrix/playground-test/src/Feature/Http/Controllers/Resource/Playground/LockJsonTrait.php" line="66" class="Tests\Feature\Playground\Matrix\Api\Http\Controllers\Playground\TicketRouteTest" classname="Tests.Feature.Playground.Matrix.Api.Http.Controllers.Playground.TicketRouteTest" assertions="3" time="0.481985"/>
        <testcase name="test_json_lock_as_admin_and_succeed_with_no_redirect" file="/app/vendor/gammamatrix/playground-test/src/Feature/Http/Controllers/Resource/Playground/LockJsonTrait.php" line="98" class="Tests\Feature\Playground\Matrix\Api\Http\Controllers\Playground\TicketRouteTest" classname="Tests.Feature.Playground.Matrix.Api.Http.Controllers.Playground.TicketRouteTest" assertions="93" time="0.427369"/>
        <testcase name="test_json_lock_as_user_and_get_denied" file="/app/vendor/gammamatrix/playground-test/src/Feature/Http/Controllers/Resource/Playground/LockJsonTrait.php" line="143" class="Tests\Feature\Playground\Matrix\Api\Http\Controllers\Playground\TicketRouteTest" classname="Tests.Feature.Playground.Matrix.Api.Http.Controllers.Playground.TicketRouteTest" assertions="3" time="0.475427"/>
        <testcase name="test_json_guest_cannot_restore" file="/app/vendor/gammamatrix/playground-test/src/Feature/Http/Controllers/Resource/Playground/RestoreJsonTrait.php" line="32" class="Tests\Feature\Playground\Matrix\Api\Http\Controllers\Playground\TicketRouteTest" classname="Tests.Feature.Playground.Matrix.Api.Http.Controllers.Playground.TicketRouteTest" assertions="3" time="0.399037"/>
        <testcase name="test_json_restore_as_admin_and_succeed" file="/app/vendor/gammamatrix/playground-test/src/Feature/Http/Controllers/Resource/Playground/RestoreJsonTrait.php" line="64" class="Tests\Feature\Playground\Matrix\Api\Http\Controllers\Playground\TicketRouteTest" classname="Tests.Feature.Playground.Matrix.Api.Http.Controllers.Playground.TicketRouteTest" assertions="93" time="0.428784"/>
        <testcase name="test_json_restore_as_admin_and_succeed_with_no_redirect" file="/app/vendor/gammamatrix/playground-test/src/Feature/Http/Controllers/Resource/Playground/RestoreJsonTrait.php" line="100" class="Tests\Feature\Playground\Matrix\Api\Http\Controllers\Playground\TicketRouteTest" classname="Tests.Feature.Playground.Matrix.Api.Http.Controllers.Playground.TicketRouteTest" assertions="93" time="0.479327"/>
        <testcase name="test_json_restore_as_user_and_get_denied" file="/app/vendor/gammamatrix/playground-test/src/Feature/Http/Controllers/Resource/Playground/RestoreJsonTrait.php" line="143" class="Tests\Feature\Playground\Matrix\Api\Http\Controllers\Playground\TicketRouteTest" classname="Tests.Feature.Playground.Matrix.Api.Http.Controllers.Playground.TicketRouteTest" assertions="3" time="0.413220"/>
        <testcase name="test_json_guest_cannot_see_info" file="/app/vendor/gammamatrix/playground-test/src/Feature/Http/Controllers/Resource/Playground/ShowJsonTrait.php" line="29" class="Tests\Feature\Playground\Matrix\Api\Http\Controllers\Playground\TicketRouteTest" classname="Tests.Feature.Playground.Matrix.Api.Http.Controllers.Playground.TicketRouteTest" assertions="1" time="0.460384"/>
        <testcase name="test_json_show_info_for_admin" file="/app/vendor/gammamatrix/playground-test/src/Feature/Http/Controllers/Resource/Playground/ShowJsonTrait.php" line="49" class="Tests\Feature\Playground\Matrix\Api\Http\Controllers\Playground\TicketRouteTest" classname="Tests.Feature.Playground.Matrix.Api.Http.Controllers.Playground.TicketRouteTest" assertions="92" time="0.422222"/>
        <testcase name="test_json_guest_cannot_unlock" file="/app/vendor/gammamatrix/playground-test/src/Feature/Http/Controllers/Resource/Playground/UnlockJsonTrait.php" line="36" class="Tests\Feature\Playground\Matrix\Api\Http\Controllers\Playground\TicketRouteTest" classname="Tests.Feature.Playground.Matrix.Api.Http.Controllers.Playground.TicketRouteTest" assertions="3" time="0.400690"/>
        <testcase name="test_json_unlock_as_admin_and_succeed" file="/app/vendor/gammamatrix/playground-test/src/Feature/Http/Controllers/Resource/Playground/UnlockJsonTrait.php" line="68" class="Tests\Feature\Playground\Matrix\Api\Http\Controllers\Playground\TicketRouteTest" classname="Tests.Feature.Playground.Matrix.Api.Http.Controllers.Playground.TicketRouteTest" assertions="93" time="0.485044"/>
        <testcase name="test_json_unlock_as_admin_and_succeed_with_no_redirect" file="/app/vendor/gammamatrix/playground-test/src/Feature/Http/Controllers/Resource/Playground/UnlockJsonTrait.php" line="104" class="Tests\Feature\Playground\Matrix\Api\Http\Controllers\Playground\TicketRouteTest" classname="Tests.Feature.Playground.Matrix.Api.Http.Controllers.Playground.TicketRouteTest" assertions="93" time="0.431328"/>
        <testcase name="test_json_unlock_as_user_and_get_denied" file="/app/vendor/gammamatrix/playground-test/src/Feature/Http/Controllers/Resource/Playground/UnlockJsonTrait.php" line="145" class="Tests\Feature\Playground\Matrix\Api\Http\Controllers\Playground\TicketRouteTest" classname="Tests.Feature.Playground.Matrix.Api.Http.Controllers.Playground.TicketRouteTest" assertions="3" time="0.474738"/>
      </testsuite>
      <testsuite name="Tests\Feature\Playground\Matrix\Api\Http\Controllers\Playground\VersionRouteTest" file="/app/tests/Feature/Http/Controllers/Playground/VersionRouteTest.php" tests="29" assertions="811" errors="0" failures="0" skipped="0" time="12.746931">
        <testcase name="test_json_guest_cannot_get_create_info" file="/app/vendor/gammamatrix/playground-test/src/Feature/Http/Controllers/Resource/Playground/CreateJsonTrait.php" line="38" class="Tests\Feature\Playground\Matrix\Api\Http\Controllers\Playground\VersionRouteTest" classname="Tests.Feature.Playground.Matrix.Api.Http.Controllers.Playground.VersionRouteTest" assertions="1" time="0.413739"/>
        <testcase name="test_json_admin_can_get_create_info" file="/app/vendor/gammamatrix/playground-test/src/Feature/Http/Controllers/Resource/Playground/CreateJsonTrait.php" line="53" class="Tests\Feature\Playground\Matrix\Api\Http\Controllers\Playground\VersionRouteTest" classname="Tests.Feature.Playground.Matrix.Api.Http.Controllers.Playground.VersionRouteTest" assertions="91" time="0.483659"/>
        <testcase name="test_json_get_create_info_as_admin_with_invalid_parameter_and_fail_validation" file="/app/vendor/gammamatrix/playground-test/src/Feature/Http/Controllers/Resource/Playground/CreateJsonTrait.php" line="73" class="Tests\Feature\Playground\Matrix\Api\Http\Controllers\Playground\VersionRouteTest" classname="Tests.Feature.Playground.Matrix.Api.Http.Controllers.Playground.VersionRouteTest" assertions="4" time="0.416613"/>
        <testcase name="test_json_guest_cannot_destroy" file="/app/vendor/gammamatrix/playground-test/src/Feature/Http/Controllers/Resource/Playground/DestroyJsonTrait.php" line="31" class="Tests\Feature\Playground\Matrix\Api\Http\Controllers\Playground\VersionRouteTest" classname="Tests.Feature.Playground.Matrix.Api.Http.Controllers.Playground.VersionRouteTest" assertions="3" time="0.395750"/>
        <testcase name="test_json_destroy_as_admin_and_succeed" file="/app/vendor/gammamatrix/playground-test/src/Feature/Http/Controllers/Resource/Playground/DestroyJsonTrait.php" line="61" class="Tests\Feature\Playground\Matrix\Api\Http\Controllers\Playground\VersionRouteTest" classname="Tests.Feature.Playground.Matrix.Api.Http.Controllers.Playground.VersionRouteTest" assertions="5" time="0.448097"/>
        <testcase name="test_json_destroy_as_admin_and_succeed_with_force_delete" file="/app/vendor/gammamatrix/playground-test/src/Feature/Http/Controllers/Resource/Playground/DestroyJsonTrait.php" line="100" class="Tests\Feature\Playground\Matrix\Api\Http\Controllers\Playground\VersionRouteTest" classname="Tests.Feature.Playground.Matrix.Api.Http.Controllers.Playground.VersionRouteTest" assertions="4" time="0.408936"/>
        <testcase name="test_json_destroy_as_admin_and_succeed_with_no_content" file="/app/vendor/gammamatrix/playground-test/src/Feature/Http/Controllers/Resource/Playground/DestroyJsonTrait.php" line="132" class="Tests\Feature\Playground\Matrix\Api\Http\Controllers\Playground\VersionRouteTest" classname="Tests.Feature.Playground.Matrix.Api.Http.Controllers.Playground.VersionRouteTest" assertions="5" time="0.451562"/>
        <testcase name="test_json_destroy_as_admin_and_succeed_and_ignore_redirect" file="/app/vendor/gammamatrix/playground-test/src/Feature/Http/Controllers/Resource/Playground/DestroyJsonTrait.php" line="167" class="Tests\Feature\Playground\Matrix\Api\Http\Controllers\Playground\VersionRouteTest" classname="Tests.Feature.Playground.Matrix.Api.Http.Controllers.Playground.VersionRouteTest" assertions="5" time="0.415326"/>
        <testcase name="test_json_destroy_as_user_and_get_denied_and_no_force_delete_allowed" file="/app/vendor/gammamatrix/playground-test/src/Feature/Http/Controllers/Resource/Playground/DestroyJsonTrait.php" line="209" class="Tests\Feature\Playground\Matrix\Api\Http\Controllers\Playground\VersionRouteTest" classname="Tests.Feature.Playground.Matrix.Api.Http.Controllers.Playground.VersionRouteTest" assertions="3" time="0.417250"/>
        <testcase name="test_json_guest_cannot_get_edit_info" file="/app/vendor/gammamatrix/playground-test/src/Feature/Http/Controllers/Resource/Playground/EditJsonTrait.php" line="38" class="Tests\Feature\Playground\Matrix\Api\Http\Controllers\Playground\VersionRouteTest" classname="Tests.Feature.Playground.Matrix.Api.Http.Controllers.Playground.VersionRouteTest" assertions="1" time="0.457008"/>
        <testcase name="test_json_admin_can_get_edit_info" file="/app/vendor/gammamatrix/playground-test/src/Feature/Http/Controllers/Resource/Playground/EditJsonTrait.php" line="58" class="Tests\Feature\Playground\Matrix\Api\Http\Controllers\Playground\VersionRouteTest" classname="Tests.Feature.Playground.Matrix.Api.Http.Controllers.Playground.VersionRouteTest" assertions="4" time="0.435854"/>
        <testcase name="test_json_edit_as_admin_and_fail_validation_with_invalid_parameter" file="/app/vendor/gammamatrix/playground-test/src/Feature/Http/Controllers/Resource/Playground/EditJsonTrait.php" line="87" class="Tests\Feature\Playground\Matrix\Api\Http\Controllers\Playground\VersionRouteTest" classname="Tests.Feature.Playground.Matrix.Api.Http.Controllers.Playground.VersionRouteTest" assertions="4" time="0.480928"/>
        <testcase name="test_json_guest_cannot_get_index" file="/app/vendor/gammamatrix/playground-test/src/Feature/Http/Controllers/Resource/Playground/IndexJsonTrait.php" line="34" class="Tests\Feature\Playground\Matrix\Api\Http\Controllers\Playground\VersionRouteTest" classname="Tests.Feature.Playground.Matrix.Api.Http.Controllers.Playground.VersionRouteTest" assertions="1" time="0.408908"/>
        <testcase name="test_json_admin_can_get_index" file="/app/vendor/gammamatrix/playground-test/src/Feature/Http/Controllers/Resource/Playground/IndexJsonTrait.php" line="49" class="Tests\Feature\Playground\Matrix\Api\Http\Controllers\Playground\VersionRouteTest" classname="Tests.Feature.Playground.Matrix.Api.Http.Controllers.Playground.VersionRouteTest" assertions="98" time="0.516492"/>
        <testcase name="test_json_admin_can_get_index_with_filters" file="/app/vendor/gammamatrix/playground-test/src/Feature/Http/Controllers/Resource/Playground/IndexJsonTrait.php" line="85" class="Tests\Feature\Playground\Matrix\Api\Http\Controllers\Playground\VersionRouteTest" classname="Tests.Feature.Playground.Matrix.Api.Http.Controllers.Playground.VersionRouteTest" assertions="3" time="0.423438"/>
        <testcase name="test_json_guest_cannot_lock" file="/app/vendor/gammamatrix/playground-test/src/Feature/Http/Controllers/Resource/Playground/LockJsonTrait.php" line="36" class="Tests\Feature\Playground\Matrix\Api\Http\Controllers\Playground\VersionRouteTest" classname="Tests.Feature.Playground.Matrix.Api.Http.Controllers.Playground.VersionRouteTest" assertions="3" time="0.406298"/>
        <testcase name="test_json_lock_as_admin_and_succeed" file="/app/vendor/gammamatrix/playground-test/src/Feature/Http/Controllers/Resource/Playground/LockJsonTrait.php" line="66" class="Tests\Feature\Playground\Matrix\Api\Http\Controllers\Playground\VersionRouteTest" classname="Tests.Feature.Playground.Matrix.Api.Http.Controllers.Playground.VersionRouteTest" assertions="3" time="0.478621"/>
        <testcase name="test_json_lock_as_admin_and_succeed_with_no_redirect" file="/app/vendor/gammamatrix/playground-test/src/Feature/Http/Controllers/Resource/Playground/LockJsonTrait.php" line="98" class="Tests\Feature\Playground\Matrix\Api\Http\Controllers\Playground\VersionRouteTest" classname="Tests.Feature.Playground.Matrix.Api.Http.Controllers.Playground.VersionRouteTest" assertions="93" time="0.424335"/>
        <testcase name="test_json_lock_as_user_and_get_denied" file="/app/vendor/gammamatrix/playground-test/src/Feature/Http/Controllers/Resource/Playground/LockJsonTrait.php" line="143" class="Tests\Feature\Playground\Matrix\Api\Http\Controllers\Playground\VersionRouteTest" classname="Tests.Feature.Playground.Matrix.Api.Http.Controllers.Playground.VersionRouteTest" assertions="3" time="0.462509"/>
        <testcase name="test_json_guest_cannot_restore" file="/app/vendor/gammamatrix/playground-test/src/Feature/Http/Controllers/Resource/Playground/RestoreJsonTrait.php" line="32" class="Tests\Feature\Playground\Matrix\Api\Http\Controllers\Playground\VersionRouteTest" classname="Tests.Feature.Playground.Matrix.Api.Http.Controllers.Playground.VersionRouteTest" assertions="3" time="0.404535"/>
        <testcase name="test_json_restore_as_admin_and_succeed" file="/app/vendor/gammamatrix/playground-test/src/Feature/Http/Controllers/Resource/Playground/RestoreJsonTrait.php" line="64" class="Tests\Feature\Playground\Matrix\Api\Http\Controllers\Playground\VersionRouteTest" classname="Tests.Feature.Playground.Matrix.Api.Http.Controllers.Playground.VersionRouteTest" assertions="93" time="0.423588"/>
        <testcase name="test_json_restore_as_admin_and_succeed_with_no_redirect" file="/app/vendor/gammamatrix/playground-test/src/Feature/Http/Controllers/Resource/Playground/RestoreJsonTrait.php" line="100" class="Tests\Feature\Playground\Matrix\Api\Http\Controllers\Playground\VersionRouteTest" classname="Tests.Feature.Playground.Matrix.Api.Http.Controllers.Playground.VersionRouteTest" assertions="93" time="0.485076"/>
        <testcase name="test_json_restore_as_user_and_get_denied" file="/app/vendor/gammamatrix/playground-test/src/Feature/Http/Controllers/Resource/Playground/RestoreJsonTrait.php" line="143" class="Tests\Feature\Playground\Matrix\Api\Http\Controllers\Playground\VersionRouteTest" classname="Tests.Feature.Playground.Matrix.Api.Http.Controllers.Playground.VersionRouteTest" assertions="3" time="0.423937"/>
        <testcase name="test_json_guest_cannot_see_info" file="/app/vendor/gammamatrix/playground-test/src/Feature/Http/Controllers/Resource/Playground/ShowJsonTrait.php" line="29" class="Tests\Feature\Playground\Matrix\Api\Http\Controllers\Playground\VersionRouteTest" classname="Tests.Feature.Playground.Matrix.Api.Http.Controllers.Playground.VersionRouteTest" assertions="1" time="0.448899"/>
        <testcase name="test_json_show_info_for_admin" file="/app/vendor/gammamatrix/playground-test/src/Feature/Http/Controllers/Resource/Playground/ShowJsonTrait.php" line="49" class="Tests\Feature\Playground\Matrix\Api\Http\Controllers\Playground\VersionRouteTest" classname="Tests.Feature.Playground.Matrix.Api.Http.Controllers.Playground.VersionRouteTest" assertions="92" time="0.442460"/>
        <testcase name="test_json_guest_cannot_unlock" file="/app/vendor/gammamatrix/playground-test/src/Feature/Http/Controllers/Resource/Playground/UnlockJsonTrait.php" line="36" class="Tests\Feature\Playground\Matrix\Api\Http\Controllers\Playground\VersionRouteTest" classname="Tests.Feature.Playground.Matrix.Api.Http.Controllers.Playground.VersionRouteTest" assertions="3" time="0.446312"/>
        <testcase name="test_json_unlock_as_admin_and_succeed" file="/app/vendor/gammamatrix/playground-test/src/Feature/Http/Controllers/Resource/Playground/UnlockJsonTrait.php" line="68" class="Tests\Feature\Playground\Matrix\Api\Http\Controllers\Playground\VersionRouteTest" classname="Tests.Feature.Playground.Matrix.Api.Http.Controllers.Playground.VersionRouteTest" assertions="93" time="0.427224"/>
        <testcase name="test_json_unlock_as_admin_and_succeed_with_no_redirect" file="/app/vendor/gammamatrix/playground-test/src/Feature/Http/Controllers/Resource/Playground/UnlockJsonTrait.php" line="104" class="Tests\Feature\Playground\Matrix\Api\Http\Controllers\Playground\VersionRouteTest" classname="Tests.Feature.Playground.Matrix.Api.Http.Controllers.Playground.VersionRouteTest" assertions="93" time="0.423493"/>
        <testcase name="test_json_unlock_as_user_and_get_denied" file="/app/vendor/gammamatrix/playground-test/src/Feature/Http/Controllers/Resource/Playground/UnlockJsonTrait.php" line="145" class="Tests\Feature\Playground\Matrix\Api\Http\Controllers\Playground\VersionRouteTest" classname="Tests.Feature.Playground.Matrix.Api.Http.Controllers.Playground.VersionRouteTest" assertions="3" time="0.476086"/>
      </testsuite>
    </testsuite>
  </testsuite>
</testsuites>
